2023-08-28 09:41:18 info: 🚀 App listening on the port 8000. Current Env development.
2023-08-28 10:15:48 info: [0mPOST /api/v1/auth/logIn [32m200[0m 2023.513 ms - -[0m
2023-08-28 10:15:48 info: [0mGET /api/v1/auth/getKey [32m201[0m 261.306 ms - 436[0m
2023-08-28 10:15:50 info: [0mPOST /api/v1/alpaca/getalpacadata [32m200[0m 1282.973 ms - 436[0m
2023-08-28 10:15:55 info: [0mGET /api/v1/auth/getTrendingdata [32m201[0m 976.234 ms - 51[0m
2023-08-28 10:15:56 info: [0mGET /api/v1/alpaca/getexchangeData [32m200[0m 2308.982 ms - -[0m
2023-08-28 10:15:57 info: [0mPOST /api/v1/alpaca/getalpacadata [32m200[0m 1054.160 ms - 498[0m
2023-08-28 10:15:57 info: [0mPOST /api/v1/alpaca/getalpacadata [32m200[0m 1146.064 ms - -[0m
2023-08-28 10:15:57 info: [0mPOST /api/v1/alpaca/getalpacadata [32m200[0m 1050.459 ms - 31[0m
2023-08-28 10:15:57 info: [0mGET /api/v1/alpaca/getNews [32m200[0m 3231.203 ms - -[0m
2023-08-28 10:15:57 info: [0mPOST /api/v1/alpaca/getalpacadata [32m200[0m 1040.763 ms - 237[0m
2023-08-28 10:15:58 info: [0mPOST /api/v1/alpaca/getalpacadata [32m200[0m 1050.445 ms - 31[0m
2023-08-28 10:15:58 info: [0mPOST /api/v1/alpaca/getalpacadata [32m200[0m 1074.360 ms - -[0m
2023-08-28 10:15:59 info: [0mPUT /api/v1/auth/updatealpaca [32m200[0m 783.762 ms - 373[0m
2023-08-28 10:15:59 info: [0mPOST /api/v1/alpaca/getalpacadata [32m200[0m 1067.708 ms - -[0m
2023-08-28 10:16:04 info: [0mPOST /api/v1/alpaca/getalpacadata [32m200[0m 3869.538 ms - -[0m
2023-08-28 14:28:27 info: [0mPOST /api/v1/alpaca/getalpacamarketdata [32m200[0m 1267.277 ms - 647[0m
2023-08-28 14:28:27 info: [0mPOST /api/v1/alpaca/getalpacadata [32m200[0m 1290.194 ms - 177[0m
2023-08-28 14:28:28 info: [0mPOST /api/v1/alpaca/getalpacadata [32m200[0m 1022.545 ms - 177[0m
2023-08-28 14:28:29 info: [0mPOST /api/v1/alpaca/getalpacamarketdata [32m200[0m 1028.284 ms - 647[0m
2023-08-28 14:28:49 info: [0mPOST /api/v1/alpaca/getalpacamarketdata [32m200[0m 1027.078 ms - 647[0m
2023-08-28 14:29:08 info: [0mPOST /api/v1/alpaca/getalpacamarketdata [32m200[0m 1047.342 ms - 647[0m
2023-08-28 14:29:28 info: [0mPOST /api/v1/alpaca/getalpacamarketdata [32m200[0m 1033.747 ms - 647[0m
2023-08-28 14:29:48 info: [0mPOST /api/v1/alpaca/getalpacamarketdata [32m200[0m 1066.730 ms - 647[0m
2023-08-28 14:30:08 info: [0mPOST /api/v1/alpaca/getalpacamarketdata [32m200[0m 1037.373 ms - 647[0m
2023-08-28 14:30:28 info: [0mPOST /api/v1/alpaca/getalpacamarketdata [32m200[0m 1053.061 ms - 647[0m
2023-08-28 14:30:48 info: [0mPOST /api/v1/alpaca/getalpacamarketdata [32m200[0m 1049.778 ms - 647[0m
2023-08-28 14:31:08 info: [0mPOST /api/v1/alpaca/getalpacamarketdata [32m200[0m 1038.692 ms - 647[0m
2023-08-28 14:31:28 info: [0mPOST /api/v1/alpaca/getalpacamarketdata [32m200[0m 1039.312 ms - 647[0m
2023-08-28 14:31:48 info: [0mPOST /api/v1/alpaca/getalpacamarketdata [32m200[0m 1029.083 ms - 647[0m
2023-08-28 14:32:08 info: [0mPOST /api/v1/alpaca/getalpacamarketdata [32m200[0m 1064.452 ms - 647[0m
2023-08-28 14:32:28 info: [0mPOST /api/v1/alpaca/getalpacamarketdata [32m200[0m 1042.729 ms - 647[0m
2023-08-28 14:32:48 info: [0mPOST /api/v1/alpaca/getalpacamarketdata [32m200[0m 1044.238 ms - 647[0m
2023-08-28 14:33:08 info: [0mPOST /api/v1/alpaca/getalpacamarketdata [32m200[0m 1028.426 ms - 647[0m
2023-08-28 14:33:29 info: [0mPOST /api/v1/alpaca/getalpacamarketdata [32m200[0m 1373.411 ms - 647[0m
2023-08-28 14:33:48 info: [0mPOST /api/v1/alpaca/getalpacamarketdata [32m200[0m 1036.680 ms - 647[0m
2023-08-28 14:34:08 info: [0mPOST /api/v1/alpaca/getalpacamarketdata [32m200[0m 1038.051 ms - 647[0m
2023-08-28 14:34:28 info: [0mPOST /api/v1/alpaca/getalpacamarketdata [32m200[0m 1047.332 ms - 647[0m
2023-08-28 14:34:48 info: [0mPOST /api/v1/alpaca/getalpacamarketdata [32m200[0m 1046.770 ms - 647[0m
2023-08-28 14:35:08 info: [0mPOST /api/v1/alpaca/getalpacamarketdata [32m200[0m 1028.730 ms - 647[0m
2023-08-28 14:35:28 info: [0mPOST /api/v1/alpaca/getalpacamarketdata [32m200[0m 1045.360 ms - 647[0m
2023-08-28 14:35:48 info: [0mPOST /api/v1/alpaca/getalpacamarketdata [32m200[0m 1039.663 ms - 647[0m
2023-08-28 14:36:08 info: [0mPOST /api/v1/alpaca/getalpacamarketdata [32m200[0m 1057.230 ms - 647[0m
2023-08-28 14:36:28 info: [0mPOST /api/v1/alpaca/getalpacamarketdata [32m200[0m 1045.041 ms - 647[0m
2023-08-28 14:36:48 info: [0mPOST /api/v1/alpaca/getalpacamarketdata [32m200[0m 1036.826 ms - 647[0m
2023-08-28 14:37:08 info: [0mPOST /api/v1/alpaca/getalpacamarketdata [32m200[0m 1040.282 ms - 647[0m
2023-08-28 14:37:28 info: [0mPOST /api/v1/alpaca/getalpacamarketdata [32m200[0m 1044.195 ms - 647[0m
2023-08-28 14:37:48 info: [0mPOST /api/v1/alpaca/getalpacamarketdata [32m200[0m 1048.092 ms - 647[0m
2023-08-28 14:38:08 info: [0mPOST /api/v1/alpaca/getalpacamarketdata [32m200[0m 1033.708 ms - 647[0m
2023-08-28 14:38:28 info: [0mPOST /api/v1/alpaca/getalpacamarketdata [32m200[0m 1038.226 ms - 647[0m
2023-08-28 14:38:48 info: [0mPOST /api/v1/alpaca/getalpacamarketdata [32m200[0m 1118.306 ms - 647[0m
2023-08-28 14:39:08 info: [0mPOST /api/v1/alpaca/getalpacamarketdata [32m200[0m 1039.339 ms - 647[0m
2023-08-28 14:39:28 info: [0mPOST /api/v1/alpaca/getalpacamarketdata [32m200[0m 1025.790 ms - 647[0m
2023-08-28 14:39:48 info: [0mPOST /api/v1/alpaca/getalpacamarketdata [32m200[0m 1184.857 ms - 647[0m
2023-08-28 14:40:09 info: [0mPOST /api/v1/alpaca/getalpacamarketdata [32m200[0m 1205.332 ms - 647[0m
2023-08-28 14:40:29 info: [0mPOST /api/v1/alpaca/getalpacamarketdata [32m200[0m 1266.555 ms - 647[0m
2023-08-28 14:40:49 info: [0mPOST /api/v1/alpaca/getalpacamarketdata [32m200[0m 1194.951 ms - 647[0m
2023-08-28 14:41:09 info: [0mPOST /api/v1/alpaca/getalpacamarketdata [32m200[0m 1184.085 ms - 647[0m
2023-08-28 14:41:28 info: [0mPOST /api/v1/alpaca/getalpacamarketdata [32m200[0m 1153.987 ms - 647[0m
2023-08-28 14:41:48 info: [0mPOST /api/v1/alpaca/getalpacamarketdata [32m200[0m 1097.412 ms - 647[0m
2023-08-28 14:42:08 info: [0mPOST /api/v1/alpaca/getalpacamarketdata [32m200[0m 1119.519 ms - 647[0m
2023-08-28 14:42:28 info: [0mPOST /api/v1/alpaca/getalpacamarketdata [32m200[0m 1186.943 ms - 647[0m
2023-08-28 14:42:48 info: [0mPOST /api/v1/alpaca/getalpacamarketdata [32m200[0m 1139.827 ms - 647[0m
2023-08-28 14:43:08 info: [0mPOST /api/v1/alpaca/getalpacamarketdata [32m200[0m 1169.998 ms - 647[0m
2023-08-28 14:43:28 info: [0mPOST /api/v1/alpaca/getalpacamarketdata [32m200[0m 1165.431 ms - 647[0m
2023-08-28 14:43:49 info: [0mPOST /api/v1/alpaca/getalpacamarketdata [32m200[0m 1233.849 ms - 647[0m
2023-08-28 14:44:08 info: [0mPOST /api/v1/alpaca/getalpacamarketdata [32m200[0m 1097.241 ms - 647[0m
2023-08-28 14:44:28 info: [0mPOST /api/v1/alpaca/getalpacamarketdata [32m200[0m 1062.474 ms - 647[0m
2023-08-28 14:44:48 info: [0mPOST /api/v1/alpaca/getalpacamarketdata [32m200[0m 1064.123 ms - 647[0m
2023-08-28 14:45:09 info: [0mPOST /api/v1/alpaca/getalpacamarketdata [32m200[0m 1201.572 ms - 647[0m
2023-08-28 14:45:29 info: [0mPOST /api/v1/alpaca/getalpacamarketdata [32m200[0m 1258.999 ms - 647[0m
2023-08-28 14:45:49 info: [0mPOST /api/v1/alpaca/getalpacamarketdata [32m200[0m 1087.487 ms - 647[0m
2023-08-28 14:46:09 info: [0mPOST /api/v1/alpaca/getalpacamarketdata [32m200[0m 1244.482 ms - 647[0m
2023-08-28 14:46:29 info: [0mPOST /api/v1/alpaca/getalpacamarketdata [32m200[0m 1287.052 ms - 647[0m
2023-08-28 14:46:49 info: [0mPOST /api/v1/alpaca/getalpacamarketdata [32m200[0m 1249.610 ms - 647[0m
2023-08-28 14:47:09 info: [0mPOST /api/v1/alpaca/getalpacamarketdata [32m200[0m 1203.856 ms - 647[0m
2023-08-28 19:29:19 info: [0mPOST /api/v1/auth/logIn [32m200[0m 920.288 ms - -[0m
2023-08-28 19:29:19 info: [0mGET /api/v1/auth/getKey [32m201[0m 269.665 ms - 436[0m
2023-08-28 19:29:21 info: [0mPOST /api/v1/alpaca/getalpacadata [32m200[0m 1408.962 ms - 436[0m
2023-08-28 19:29:25 info: [0mGET /api/v1/auth/getTrendingdata [32m201[0m 809.559 ms - 51[0m
2023-08-28 19:29:25 info: [0mPOST /api/v1/alpaca/getalpacadata [32m200[0m 1142.497 ms - 498[0m
2023-08-28 19:29:26 info: [0mPOST /api/v1/alpaca/getalpacadata [32m200[0m 1392.701 ms - -[0m
2023-08-28 19:29:26 info: [0mPOST /api/v1/alpaca/getalpacadata [32m200[0m 1104.894 ms - 31[0m
2023-08-28 19:29:26 info: [0mGET /api/v1/alpaca/getexchangeData [32m200[0m 2269.184 ms - -[0m
2023-08-28 19:29:27 info: [0mPOST /api/v1/alpaca/getalpacadata [32m200[0m 1097.939 ms - 237[0m
2023-08-28 19:29:27 info: [0mGET /api/v1/alpaca/getNews [32m200[0m 2563.771 ms - -[0m
2023-08-28 19:29:27 info: [0mPOST /api/v1/alpaca/getalpacadata [32m200[0m 1105.400 ms - 31[0m
2023-08-28 19:29:27 info: [0mPOST /api/v1/alpaca/getalpacadata [32m200[0m 1064.916 ms - -[0m
2023-08-28 19:29:30 info: [0mPUT /api/v1/auth/updatealpaca [32m200[0m 1025.214 ms - 373[0m
2023-08-28 19:29:30 info: [0mPOST /api/v1/alpaca/getalpacadata [32m200[0m 1206.107 ms - -[0m
2023-08-28 19:29:32 info: [0mPOST /api/v1/alpaca/getalpacamarketdata [32m200[0m 1375.852 ms - 636[0m
2023-08-28 19:29:32 info: [0mPOST /api/v1/alpaca/getalpacamarketdata [32m200[0m 1337.147 ms - 624[0m
2023-08-28 19:29:32 info: [0mPOST /api/v1/alpaca/getalpacamarketdata [32m200[0m 1332.935 ms - 619[0m
2023-08-28 19:29:32 info: [0mPOST /api/v1/alpaca/getalpacamarketdata [32m200[0m 1371.370 ms - 648[0m
2023-08-28 19:29:32 info: [0mPOST /api/v1/alpaca/getalpacamarketdata [32m200[0m 1384.172 ms - 634[0m
2023-08-28 19:29:57 info: [0mPOST /api/v1/alpaca/getalpacadata [32m200[0m 12855.498 ms - -[0m
2023-08-28 19:30:11 info: [0mPOST /api/v1/alpaca/getalpacadata [32m200[0m 1209.370 ms - 175[0m
2023-08-28 19:30:11 info: [0mPOST /api/v1/alpaca/getalpacamarketdata [32m200[0m 1207.930 ms - 640[0m
2023-08-28 19:30:13 info: [0mPOST /api/v1/alpaca/getalpacadata [32m200[0m 1108.830 ms - 176[0m
2023-08-28 19:30:13 info: [0mPOST /api/v1/alpaca/getalpacamarketdata [32m200[0m 1045.679 ms - 640[0m
2023-08-28 19:30:56 info: [0mPOST /api/v1/alpaca/getalpacamarketdata [32m200[0m 1202.667 ms - 639[0m
2023-08-28 19:30:56 info: [0mPOST /api/v1/alpaca/getalpacadata [32m200[0m 1245.132 ms - 176[0m
2023-08-28 19:31:23 info: [0mPOST /api/v1/alpaca/getalpacadata [32m200[0m 1150.722 ms - 176[0m
2023-08-28 19:31:23 info: [0mPOST /api/v1/alpaca/getalpacamarketdata [32m200[0m 1132.781 ms - 640[0m
2023-08-28 19:33:38 info: [0mPOST /api/v1/auth/logIn [32m200[0m 854.838 ms - -[0m
2023-08-28 19:33:38 info: [0mGET /api/v1/auth/getKey [32m201[0m 334.117 ms - 436[0m
2023-08-28 19:33:40 info: [0mPOST /api/v1/alpaca/getalpacadata [32m200[0m 1252.159 ms - 436[0m
2023-08-28 19:33:43 info: [0mGET /api/v1/auth/getTrendingdata [32m201[0m 668.643 ms - 51[0m
2023-08-28 19:33:44 info: [0mPOST /api/v1/alpaca/getalpacadata [32m200[0m 1109.055 ms - 498[0m
2023-08-28 19:33:45 info: [0mPOST /api/v1/alpaca/getalpacadata [32m200[0m 1171.493 ms - -[0m
2023-08-28 19:33:45 info: [0mGET /api/v1/alpaca/getexchangeData [32m200[0m 1982.497 ms - -[0m
2023-08-28 19:33:45 info: [0mGET /api/v1/alpaca/getNews [32m200[0m 2283.222 ms - -[0m
2023-08-28 19:33:45 info: [0mPOST /api/v1/alpaca/getalpacadata [32m200[0m 1295.169 ms - 31[0m
2023-08-28 19:33:46 info: [0mPOST /api/v1/alpaca/getalpacadata [32m200[0m 1190.363 ms - 31[0m
2023-08-28 19:33:46 info: [0mPOST /api/v1/alpaca/getalpacadata [32m200[0m 1189.262 ms - 237[0m
2023-08-28 19:33:46 info: [0mPOST /api/v1/alpaca/getalpacadata [32m200[0m 1134.487 ms - -[0m
2023-08-28 19:33:48 info: [0mPUT /api/v1/auth/updatealpaca [32m200[0m 786.582 ms - 373[0m
2023-08-28 19:33:48 info: [0mPOST /api/v1/alpaca/getalpacadata [32m200[0m 1063.482 ms - -[0m
2023-08-28 19:33:50 info: [0mPOST /api/v1/alpaca/getalpacamarketdata [32m200[0m 1074.234 ms - 647[0m
2023-08-28 19:33:50 info: [0mPOST /api/v1/alpaca/getalpacamarketdata [32m200[0m 1081.314 ms - 631[0m
2023-08-28 19:33:50 info: [0mPOST /api/v1/alpaca/getalpacamarketdata [32m200[0m 1098.538 ms - 639[0m
2023-08-28 19:33:50 info: [0mPOST /api/v1/alpaca/getalpacamarketdata [32m200[0m 1318.220 ms - 618[0m
2023-08-28 19:33:50 info: [0mPOST /api/v1/alpaca/getalpacamarketdata [32m200[0m 1316.940 ms - 618[0m
2023-08-28 19:34:08 info: [0mPOST /api/v1/alpaca/getalpacadata [32m200[0m 15301.748 ms - -[0m
2023-08-28 19:34:20 info: [0mPOST /api/v1/alpaca/getalpacadata [32m200[0m 1206.747 ms - 176[0m
2023-08-28 19:34:20 info: [0mPOST /api/v1/alpaca/getalpacamarketdata [32m200[0m 1206.911 ms - 640[0m
2023-08-28 19:34:22 info: [0mPOST /api/v1/alpaca/getalpacamarketdata [32m200[0m 1156.033 ms - 640[0m
2023-08-28 19:34:22 info: [0mPOST /api/v1/alpaca/getalpacadata [32m200[0m 1338.029 ms - 176[0m
2023-08-28 19:38:52 info: [0mPOST /api/v1/alpaca/getalpacadata [32m200[0m 1234.811 ms - 176[0m
2023-08-28 19:38:54 info: [0mPOST /api/v1/alpaca/getalpacamarketdata [32m200[0m 2310.692 ms - 642[0m
2023-08-28 19:38:59 info: [0mPOST /api/v1/alpaca/getalpacadata [32m200[0m 1030.407 ms - 176[0m
2023-08-28 19:38:59 info: [0mPOST /api/v1/alpaca/getalpacamarketdata [32m200[0m 1167.575 ms - 643[0m
2023-08-28 19:39:01 info: [0mPOST /api/v1/alpaca/getalpacadata [32m200[0m 1174.988 ms - 176[0m
2023-08-28 19:39:01 info: [0mPOST /api/v1/alpaca/getalpacamarketdata [32m200[0m 1090.137 ms - 641[0m
2023-08-28 19:39:18 info: [0mPOST /api/v1/alpaca/getalpacamarketdata [32m200[0m 1057.291 ms - 641[0m
2023-08-28 19:39:18 info: [0mPOST /api/v1/alpaca/getalpacadata [32m200[0m 1112.125 ms - 175[0m
2023-08-28 19:39:45 info: [0mPOST /api/v1/alpaca/getalpacamarketdata [32m200[0m 1153.209 ms - 641[0m
2023-08-28 19:39:48 info: [0mPOST /api/v1/alpaca/getalpacadata [32m200[0m 3690.845 ms - 175[0m
2023-08-28 19:41:08 info: [0mPOST /api/v1/alpaca/getalpacadata [32m200[0m 1039.563 ms - 176[0m
2023-08-28 19:41:08 info: [0mPOST /api/v1/alpaca/getalpacamarketdata [32m200[0m 1120.104 ms - 643[0m
2023-08-28 19:43:34 info: [0mPOST /api/v1/alpaca/getalpacadata [32m200[0m 1058.333 ms - 176[0m
2023-08-28 19:43:34 info: [0mPOST /api/v1/alpaca/getalpacamarketdata [32m200[0m 1182.133 ms - 644[0m
2023-08-28 19:43:52 info: [0mPOST /api/v1/alpaca/getalpacadata [32m200[0m 1027.376 ms - 175[0m
2023-08-28 19:43:52 info: [0mPOST /api/v1/alpaca/getalpacamarketdata [32m200[0m 1052.593 ms - 646[0m
2023-08-28 19:43:54 info: [0mPOST /api/v1/alpaca/getalpacadata [32m200[0m 1055.351 ms - 176[0m
2023-08-28 19:43:55 info: [0mPOST /api/v1/alpaca/getalpacamarketdata [32m200[0m 1618.963 ms - 646[0m
2023-08-28 19:45:39 info: [0mPOST /api/v1/alpaca/getalpacadata [32m200[0m 1240.666 ms - 176[0m
2023-08-28 19:45:39 info: [0mPOST /api/v1/alpaca/getalpacamarketdata [32m200[0m 1157.877 ms - 645[0m
2023-08-28 19:46:01 info: [0mPOST /api/v1/alpaca/getalpacadata [32m200[0m 1165.752 ms - 176[0m
2023-08-28 19:46:02 info: [0mPOST /api/v1/alpaca/getalpacamarketdata [32m200[0m 1206.916 ms - 644[0m
2023-08-28 19:46:21 info: [0mPOST /api/v1/alpaca/getalpacadata [32m200[0m 1210.361 ms - 176[0m
2023-08-28 19:46:21 info: [0mPOST /api/v1/alpaca/getalpacamarketdata [32m200[0m 1188.961 ms - 644[0m
2023-08-28 19:46:23 info: [0mPOST /api/v1/alpaca/getalpacadata [32m200[0m 1214.449 ms - 176[0m
2023-08-28 19:46:23 info: [0mPOST /api/v1/alpaca/getalpacamarketdata [32m200[0m 1150.184 ms - 644[0m
2023-08-28 19:48:16 info: [0mPOST /api/v1/auth/logIn [32m200[0m 853.255 ms - -[0m
2023-08-28 19:48:17 info: [0mGET /api/v1/auth/getKey [32m201[0m 281.874 ms - 436[0m
2023-08-28 19:48:18 info: [0mPOST /api/v1/alpaca/getalpacadata [32m200[0m 1285.593 ms - 436[0m
2023-08-28 19:48:23 info: [0mGET /api/v1/auth/getTrendingdata [32m201[0m 661.473 ms - 51[0m
2023-08-28 19:48:24 info: [0mPOST /api/v1/alpaca/getalpacadata [32m200[0m 1030.516 ms - 498[0m
2023-08-28 19:48:24 info: [0mPOST /api/v1/alpaca/getalpacadata [32m200[0m 1238.769 ms - -[0m
2023-08-28 19:48:24 info: [0mPOST /api/v1/alpaca/getalpacadata [32m200[0m 1100.320 ms - 31[0m
2023-08-28 19:48:24 info: [0mGET /api/v1/alpaca/getexchangeData [32m200[0m 2243.081 ms - -[0m
2023-08-28 19:48:25 info: [0mPOST /api/v1/alpaca/getalpacadata [32m200[0m 1036.862 ms - 237[0m
2023-08-28 19:48:25 info: [0mGET /api/v1/alpaca/getNews [32m200[0m 2821.500 ms - -[0m
2023-08-28 19:48:25 info: [0mPOST /api/v1/alpaca/getalpacadata [32m200[0m 1070.747 ms - 31[0m
2023-08-28 19:48:25 info: [0mPOST /api/v1/alpaca/getalpacadata [32m200[0m 1111.824 ms - -[0m
2023-08-28 19:48:28 info: [0mPUT /api/v1/auth/updatealpaca [32m200[0m 1275.595 ms - 373[0m
2023-08-28 19:48:28 info: [0mPOST /api/v1/alpaca/getalpacadata [32m200[0m 1124.620 ms - -[0m
2023-08-28 19:48:30 info: [0mPOST /api/v1/alpaca/getalpacamarketdata [32m200[0m 1178.708 ms - 647[0m
2023-08-28 19:48:30 info: [0mPOST /api/v1/alpaca/getalpacamarketdata [32m200[0m 1195.491 ms - 628[0m
2023-08-28 19:48:30 info: [0mPOST /api/v1/alpaca/getalpacamarketdata [32m200[0m 1495.932 ms - 630[0m
2023-08-28 19:48:30 info: [0mPOST /api/v1/alpaca/getalpacamarketdata [32m200[0m 1494.150 ms - 611[0m
2023-08-28 19:48:30 info: [0mPOST /api/v1/alpaca/getalpacamarketdata [32m200[0m 1552.257 ms - 622[0m
2023-08-28 19:48:45 info: [0mPOST /api/v1/alpaca/getalpacadata [32m200[0m 13995.096 ms - -[0m
2023-08-28 19:48:57 info: [0mPOST /api/v1/alpaca/getalpacadata [32m200[0m 1955.787 ms - 176[0m
2023-08-28 19:48:58 info: [0mPOST /api/v1/alpaca/getalpacadata [32m200[0m 1068.267 ms - 176[0m
2023-08-28 19:48:59 info: [0mPOST /api/v1/alpaca/getalpacamarketdata [32m200[0m 1764.294 ms - 644[0m
2023-08-28 19:48:59 info: [0mPOST /api/v1/alpaca/getalpacamarketdata [32m200[0m 4473.939 ms - 644[0m
2023-08-28 19:49:18 info: [0mPOST /api/v1/alpaca/getalpacadata [32m200[0m 1129.972 ms - 176[0m
2023-08-28 19:49:18 info: [0mPOST /api/v1/alpaca/getalpacamarketdata [32m200[0m 1100.842 ms - 644[0m
2023-08-28 19:49:42 info: [0mPOST /api/v1/alpaca/getalpacamarketdata [32m200[0m 1172.698 ms - 643[0m
2023-08-28 19:49:42 info: [0mPOST /api/v1/alpaca/getalpacadata [32m200[0m 1275.737 ms - 176[0m
2023-08-28 19:49:55 info: [0mPOST /api/v1/alpaca/getalpacamarketdata [32m200[0m 1143.045 ms - 644[0m
2023-08-28 19:49:55 info: [0mPOST /api/v1/alpaca/getalpacadata [32m200[0m 1154.831 ms - 176[0m
2023-08-28 19:49:58 info: [0mPOST /api/v1/alpaca/getalpacadata [32m200[0m 1169.049 ms - 176[0m
2023-08-28 19:49:58 info: [0mPOST /api/v1/alpaca/getalpacamarketdata [32m200[0m 1222.966 ms - 644[0m
2023-08-28 19:50:18 info: [0mGET /api/v1/auth/getTrendingdata [32m201[0m 759.871 ms - 51[0m
2023-08-28 19:50:19 info: [0mPOST /api/v1/alpaca/getalpacadata [32m200[0m 1339.223 ms - -[0m
2023-08-28 19:50:19 info: [0mPOST /api/v1/alpaca/getalpacadata [32m200[0m 1643.464 ms - 498[0m
2023-08-28 19:50:19 info: [0mGET /api/v1/alpaca/getexchangeData [32m200[0m 2097.526 ms - -[0m
2023-08-28 19:50:20 info: [0mPOST /api/v1/alpaca/getalpacadata [32m200[0m 1173.859 ms - 237[0m
2023-08-28 19:50:20 info: [0mPOST /api/v1/alpaca/getalpacadata [32m200[0m 1075.057 ms - 31[0m
2023-08-28 19:50:20 info: [0mGET /api/v1/alpaca/getNews [32m200[0m 2909.523 ms - -[0m
2023-08-28 19:50:20 info: [0mPOST /api/v1/alpaca/getalpacadata [32m200[0m 1827.024 ms - 31[0m
2023-08-28 19:50:21 info: [0mPOST /api/v1/alpaca/getalpacadata [32m200[0m 1039.831 ms - -[0m
2023-08-28 19:50:21 info: [0mPOST /api/v1/alpaca/getalpacadata [32m200[0m 1135.653 ms - -[0m
2023-08-28 19:50:22 info: [0mPUT /api/v1/auth/updatealpaca [32m200[0m 903.904 ms - 373[0m
2023-08-28 19:50:23 info: [0mPOST /api/v1/alpaca/getalpacamarketdata [32m200[0m 1276.629 ms - 635[0m
2023-08-28 19:50:23 info: [0mPOST /api/v1/alpaca/getalpacamarketdata [32m200[0m 1269.234 ms - 646[0m
2023-08-28 19:50:23 info: [0mPOST /api/v1/alpaca/getalpacamarketdata [32m200[0m 1168.011 ms - 610[0m
2023-08-28 19:50:23 info: [0mPOST /api/v1/alpaca/getalpacamarketdata [32m200[0m 1292.389 ms - 629[0m
2023-08-28 19:50:23 info: [0mPOST /api/v1/alpaca/getalpacamarketdata [32m200[0m 1285.095 ms - 620[0m
2023-08-28 19:50:24 info: [0mPOST /api/v1/alpaca/getalpacamarketdata [32m200[0m 1085.305 ms - 635[0m
2023-08-28 19:50:24 info: [0mPOST /api/v1/alpaca/getalpacamarketdata [32m200[0m 1085.217 ms - 620[0m
2023-08-28 19:50:24 info: [0mPOST /api/v1/alpaca/getalpacamarketdata [32m200[0m 1103.153 ms - 643[0m
2023-08-28 19:50:24 info: [0mPOST /api/v1/alpaca/getalpacamarketdata [32m200[0m 1101.572 ms - 629[0m
2023-08-28 19:50:24 info: [0mPOST /api/v1/alpaca/getalpacamarketdata [32m200[0m 1118.104 ms - 610[0m
2023-08-28 19:50:53 info: [0mPOST /api/v1/alpaca/getalpacadata [32m200[0m 14943.176 ms - -[0m
2023-08-28 19:51:00 info: [0mPOST /api/v1/alpaca/getalpacadata [32m200[0m 1353.222 ms - 176[0m
2023-08-28 19:51:00 info: [0mPOST /api/v1/alpaca/getalpacamarketdata [32m200[0m 1130.595 ms - 641[0m
2023-08-28 19:51:01 info: [0mPOST /api/v1/alpaca/getalpacadata [32m200[0m 1267.764 ms - 176[0m
2023-08-28 19:51:02 info: [0mPOST /api/v1/alpaca/getalpacamarketdata [32m200[0m 1108.473 ms - 640[0m
2023-08-28 19:52:07 info: [0mPOST /api/v1/alpaca/getalpacadata [32m200[0m 1101.117 ms - 176[0m
2023-08-28 19:52:07 info: [0mPOST /api/v1/alpaca/getalpacamarketdata [32m200[0m 1061.310 ms - 639[0m
2023-08-28 19:54:09 info: [0mPOST /api/v1/auth/logIn [32m200[0m 761.132 ms - -[0m
2023-08-28 19:54:10 info: [0mGET /api/v1/auth/getKey [32m201[0m 275.855 ms - 436[0m
2023-08-28 19:54:12 info: [0mPOST /api/v1/alpaca/getalpacadata [32m200[0m 1522.700 ms - 436[0m
2023-08-28 19:54:16 info: [0mGET /api/v1/auth/getTrendingdata [32m201[0m 753.937 ms - 51[0m
2023-08-28 19:54:17 info: [0mPOST /api/v1/alpaca/getalpacadata [32m200[0m 1057.503 ms - -[0m
2023-08-28 19:54:17 info: [0mPOST /api/v1/alpaca/getalpacadata [32m200[0m 1037.683 ms - 31[0m
2023-08-28 19:54:17 info: [0mPOST /api/v1/alpaca/getalpacadata [32m200[0m 1369.288 ms - 498[0m
2023-08-28 19:54:18 info: [0mGET /api/v1/alpaca/getNews [32m200[0m 2456.779 ms - -[0m
2023-08-28 19:54:18 info: [0mPOST /api/v1/alpaca/getalpacadata [32m200[0m 1052.045 ms - 237[0m
2023-08-28 19:54:18 info: [0mGET /api/v1/alpaca/getexchangeData [32m200[0m 2665.987 ms - -[0m
2023-08-28 19:54:18 info: [0mPOST /api/v1/alpaca/getalpacadata [32m200[0m 1028.465 ms - -[0m
2023-08-28 19:54:18 info: [0mPOST /api/v1/alpaca/getalpacadata [32m200[0m 1057.029 ms - 31[0m
2023-08-28 19:54:20 info: [0mPUT /api/v1/auth/updatealpaca [32m200[0m 860.275 ms - 373[0m
2023-08-28 19:54:20 info: [0mPOST /api/v1/alpaca/getalpacadata [32m200[0m 1117.764 ms - -[0m
2023-08-28 19:54:22 info: [0mPOST /api/v1/alpaca/getalpacamarketdata [32m200[0m 1230.423 ms - 632[0m
2023-08-28 19:54:22 info: [0mPOST /api/v1/alpaca/getalpacamarketdata [32m200[0m 1157.255 ms - 646[0m
2023-08-28 19:54:22 info: [0mPOST /api/v1/alpaca/getalpacamarketdata [32m200[0m 1171.505 ms - 635[0m
2023-08-28 19:54:23 info: [0mPOST /api/v1/alpaca/getalpacamarketdata [32m200[0m 1410.312 ms - 631[0m
2023-08-28 19:54:23 info: [0mPOST /api/v1/alpaca/getalpacamarketdata [32m200[0m 1405.623 ms - 613[0m
2023-08-28 19:54:44 info: [0mPOST /api/v1/alpaca/getalpacadata [32m200[0m 14748.201 ms - -[0m
2023-08-28 19:55:47 info: [0mPOST /api/v1/alpaca/getalpacamarketdata [32m200[0m 1177.101 ms - 644[0m
2023-08-28 19:55:47 info: [0mPOST /api/v1/alpaca/getalpacadata [32m200[0m 1186.549 ms - 176[0m
2023-08-28 19:55:49 info: [0mPOST /api/v1/alpaca/getalpacadata [32m200[0m 1243.981 ms - 176[0m
2023-08-28 19:55:49 info: [0mPOST /api/v1/alpaca/getalpacamarketdata [32m200[0m 1208.736 ms - 644[0m
2023-08-28 19:58:30 info: [0mPOST /api/v1/alpaca/getalpacamarketdata [32m200[0m 1217.848 ms - 644[0m
2023-08-28 19:58:30 info: [0mPOST /api/v1/alpaca/getalpacadata [32m200[0m 1258.803 ms - 176[0m
2023-08-28 20:01:38 info: [0mPOST /api/v1/alpaca/getalpacamarketdata [32m200[0m 1226.164 ms - 645[0m
2023-08-28 20:01:38 info: [0mPOST /api/v1/alpaca/getalpacadata [32m200[0m 1266.648 ms - 176[0m
2023-08-28 20:01:40 info: [0mPOST /api/v1/alpaca/getalpacadata [32m200[0m 1137.354 ms - 176[0m
2023-08-28 20:01:40 info: [0mPOST /api/v1/alpaca/getalpacamarketdata [32m200[0m 1226.256 ms - 645[0m
2023-08-28 20:06:32 info: [0mPOST /api/v1/alpaca/getalpacamarketdata [32m200[0m 1180.972 ms - 644[0m
2023-08-28 20:06:32 info: [0mPOST /api/v1/alpaca/getalpacadata [32m200[0m 1230.341 ms - 176[0m
2023-08-28 20:14:21 info: [0mPOST /api/v1/alpaca/getalpacadata [32m200[0m 1233.873 ms - 176[0m
2023-08-28 20:14:21 info: [0mPOST /api/v1/alpaca/getalpacamarketdata [32m200[0m 1211.590 ms - 652[0m
2023-08-28 20:14:23 info: [0mPOST /api/v1/alpaca/getalpacadata [32m200[0m 1016.486 ms - 176[0m
2023-08-28 20:14:23 info: [0mPOST /api/v1/alpaca/getalpacamarketdata [32m200[0m 1061.224 ms - 652[0m
2023-08-28 20:15:06 info: [0mPOST /api/v1/alpaca/getalpacadata [32m200[0m 1210.580 ms - 176[0m
2023-08-28 20:15:06 info: [0mPOST /api/v1/alpaca/getalpacamarketdata [32m200[0m 1127.705 ms - 644[0m
2023-08-28 20:15:08 info: [0mPOST /api/v1/alpaca/getalpacadata [32m200[0m 1193.358 ms - 176[0m
2023-08-28 20:15:08 info: [0mPOST /api/v1/alpaca/getalpacamarketdata [32m200[0m 1147.866 ms - 644[0m
2023-08-28 20:15:40 info: [0mPOST /api/v1/alpaca/getalpacamarketdata [32m200[0m 1136.097 ms - 644[0m
2023-08-28 20:15:40 info: [0mPOST /api/v1/alpaca/getalpacadata [32m200[0m 1167.144 ms - 176[0m
2023-08-28 20:17:00 info: [0mPOST /api/v1/alpaca/getalpacamarketdata [32m200[0m 1053.324 ms - 647[0m
2023-08-28 20:17:00 info: [0mPOST /api/v1/alpaca/getalpacadata [32m200[0m 1078.786 ms - 176[0m
2023-08-28 20:17:14 info: [0mPOST /api/v1/alpaca/getalpacamarketdata [32m200[0m 1244.210 ms - 646[0m
2023-08-28 20:17:14 info: [0mPOST /api/v1/alpaca/getalpacadata [32m200[0m 1266.725 ms - 176[0m
2023-08-28 20:17:16 info: [0mPOST /api/v1/alpaca/getalpacamarketdata [32m200[0m 1063.589 ms - 647[0m
2023-08-28 20:17:16 info: [0mPOST /api/v1/alpaca/getalpacadata [32m200[0m 1148.706 ms - 176[0m
2023-08-28 20:19:11 info: [0mPOST /api/v1/auth/logIn [32m200[0m 790.382 ms - -[0m
2023-08-28 20:19:11 info: [0mGET /api/v1/auth/getKey [32m201[0m 278.457 ms - 436[0m
2023-08-28 20:19:13 info: [0mPOST /api/v1/alpaca/getalpacadata [32m200[0m 1241.566 ms - 436[0m
2023-08-28 20:19:16 info: [0mGET /api/v1/auth/getTrendingdata [32m201[0m 532.992 ms - 51[0m
2023-08-28 20:19:17 info: [0mPOST /api/v1/alpaca/getalpacadata [32m200[0m 1027.481 ms - -[0m
2023-08-28 20:19:17 info: [0mPOST /api/v1/alpaca/getalpacadata [32m200[0m 1020.546 ms - 498[0m
2023-08-28 20:19:17 info: [0mPOST /api/v1/alpaca/getalpacadata [32m200[0m 1025.921 ms - 31[0m
2023-08-28 20:19:17 info: [0mGET /api/v1/alpaca/getexchangeData [32m200[0m 2329.031 ms - -[0m
2023-08-28 20:19:18 info: [0mGET /api/v1/alpaca/getNews [32m200[0m 2536.508 ms - -[0m
2023-08-28 20:19:18 info: [0mPOST /api/v1/alpaca/getalpacadata [32m200[0m 1054.765 ms - 237[0m
2023-08-28 20:19:18 info: [0mPOST /api/v1/alpaca/getalpacadata [32m200[0m 1069.527 ms - 31[0m
2023-08-28 20:19:18 info: [0mPOST /api/v1/alpaca/getalpacadata [32m200[0m 1075.243 ms - -[0m
2023-08-28 20:19:19 info: [0mPUT /api/v1/auth/updatealpaca [32m200[0m 829.588 ms - 373[0m
2023-08-28 20:19:20 info: [0mPOST /api/v1/alpaca/getalpacadata [32m200[0m 1117.168 ms - -[0m
2023-08-28 20:19:22 info: [0mPOST /api/v1/alpaca/getalpacamarketdata [32m200[0m 1392.364 ms - 650[0m
2023-08-28 20:19:22 info: [0mPOST /api/v1/alpaca/getalpacamarketdata [32m200[0m 1419.718 ms - 638[0m
2023-08-28 20:19:22 info: [0mPOST /api/v1/alpaca/getalpacamarketdata [32m200[0m 1393.869 ms - 619[0m
2023-08-28 20:19:22 info: [0mPOST /api/v1/alpaca/getalpacamarketdata [32m200[0m 1394.644 ms - 612[0m
2023-08-28 20:19:22 info: [0mPOST /api/v1/alpaca/getalpacamarketdata [32m200[0m 1438.603 ms - 644[0m
2023-08-28 20:20:07 info: [0mPOST /api/v1/alpaca/getalpacadata [32m200[0m 14562.294 ms - -[0m
2023-08-28 20:20:22 info: [0mPOST /api/v1/alpaca/getalpacamarketdata [32m200[0m 1272.260 ms - 644[0m
2023-08-28 20:20:22 info: [0mPOST /api/v1/alpaca/getalpacadata [32m200[0m 1291.234 ms - 176[0m
2023-08-28 20:20:25 info: [0mPOST /api/v1/alpaca/getalpacadata [32m200[0m 1211.139 ms - 176[0m
2023-08-28 20:20:25 info: [0mPOST /api/v1/alpaca/getalpacadata [32m200[0m 1258.598 ms - 176[0m
2023-08-28 20:20:25 info: [0mPOST /api/v1/alpaca/getalpacamarketdata [32m200[0m 1400.193 ms - 646[0m
2023-08-28 20:20:25 info: [0mPOST /api/v1/alpaca/getalpacamarketdata [32m200[0m 1409.689 ms - 646[0m
2023-08-28 20:20:25 info: [0mPOST /api/v1/alpaca/getalpacadata [32m200[0m 1797.821 ms - 176[0m
2023-08-28 20:20:27 info: [0mPOST /api/v1/alpaca/getalpacamarketdata [32m200[0m 1804.914 ms - 647[0m
2023-08-28 20:22:28 info: [0mPOST /api/v1/alpaca/getalpacadata [32m200[0m 1203.459 ms - 176[0m
2023-08-28 20:22:28 info: [0mPOST /api/v1/alpaca/getalpacamarketdata [32m200[0m 1160.441 ms - 648[0m
2023-08-28 20:22:44 info: [0mPOST /api/v1/alpaca/getalpacadata [32m200[0m 1146.795 ms - 176[0m
2023-08-28 20:22:44 info: [0mPOST /api/v1/alpaca/getalpacamarketdata [32m200[0m 1134.511 ms - 649[0m
2023-08-28 20:22:46 info: [0mPOST /api/v1/alpaca/getalpacadata [32m200[0m 1050.684 ms - 173[0m
2023-08-28 20:22:46 info: [0mPOST /api/v1/alpaca/getalpacadata [32m200[0m 1055.314 ms - 176[0m
2023-08-28 20:22:46 info: [0mPOST /api/v1/alpaca/getalpacadata [32m200[0m 1248.777 ms - 176[0m
2023-08-28 20:22:46 info: [0mPOST /api/v1/alpaca/getalpacadata [32m200[0m 1263.616 ms - 176[0m
2023-08-28 20:22:46 info: [0mPOST /api/v1/alpaca/getalpacadata [32m200[0m 1563.753 ms - 176[0m
2023-08-28 20:22:47 info: [0mPOST /api/v1/alpaca/getalpacamarketdata [32m200[0m 1189.850 ms - 649[0m
2023-08-28 20:22:47 info: [0mPOST /api/v1/alpaca/getalpacadata [32m200[0m 1479.211 ms - 176[0m
2023-08-28 20:22:47 info: [0mPOST /api/v1/alpaca/getalpacamarketdata [32m200[0m 1202.711 ms - 649[0m
2023-08-28 20:22:47 info: [0mPOST /api/v1/alpaca/getalpacamarketdata [32m200[0m 1480.194 ms - 649[0m
2023-08-28 20:22:47 info: [0mPOST /api/v1/alpaca/getalpacamarketdata [32m200[0m 1167.428 ms - 649[0m
2023-08-28 20:22:48 info: [0mPOST /api/v1/alpaca/getalpacamarketdata [32m200[0m 1192.348 ms - 647[0m
2023-08-28 20:22:48 info: [0mPOST /api/v1/alpaca/getalpacamarketdata [32m200[0m 1203.106 ms - 647[0m
2023-08-28 20:22:48 info: [0mPOST /api/v1/alpaca/getalpacamarketdata [32m200[0m 1191.920 ms - 647[0m
2023-08-28 20:22:48 info: [0mPOST /api/v1/alpaca/getalpacadata [32m200[0m 1196.988 ms - 176[0m
2023-08-28 20:23:15 info: [0mPOST /api/v1/alpaca/getalpacadata [32m200[0m 1178.540 ms - 176[0m
2023-08-28 20:23:50 info: [0mPOST /api/v1/alpaca/getalpacadata [32m200[0m 1216.626 ms - 176[0m
2023-08-28 20:23:50 info: [0mPOST /api/v1/alpaca/getalpacamarketdata [32m200[0m 1128.329 ms - 643[0m
2023-08-28 20:23:51 info: [0mPOST /api/v1/alpaca/getalpacadata [32m200[0m 1032.107 ms - 175[0m
2023-08-28 20:23:51 info: [0mPOST /api/v1/alpaca/getalpacadata [32m200[0m 1028.188 ms - 176[0m
2023-08-28 20:23:52 info: [0mPOST /api/v1/alpaca/getalpacadata [32m200[0m 1277.556 ms - 175[0m
2023-08-28 20:23:52 info: [0mPOST /api/v1/alpaca/getalpacadata [32m200[0m 1283.786 ms - 176[0m
2023-08-28 20:23:52 info: [0mPOST /api/v1/alpaca/getalpacadata [32m200[0m 1583.233 ms - 176[0m
2023-08-28 20:23:53 info: [0mPOST /api/v1/alpaca/getalpacadata [32m200[0m 1283.646 ms - 176[0m
2023-08-28 20:24:07 info: [0mPOST /api/v1/alpaca/getalpacadata [32m200[0m 1235.018 ms - 176[0m
2023-08-28 20:24:43 info: [0mPOST /api/v1/alpaca/getalpacadata [32m200[0m 1148.298 ms - 176[0m
2023-08-28 20:25:14 info: [0mPOST /api/v1/alpaca/getalpacadata [32m200[0m 1252.210 ms - 176[0m
2023-08-28 20:25:40 info: [0mPOST /api/v1/alpaca/getalpacadata [32m200[0m 1164.993 ms - 176[0m
2023-08-28 20:25:41 info: [0mPOST /api/v1/alpaca/getalpacamarketdata [32m200[0m 1336.266 ms - 649[0m
2023-08-28 20:25:43 info: [0mPOST /api/v1/alpaca/getalpacadata [32m200[0m 1265.547 ms - 176[0m
2023-08-28 20:25:43 info: [0mPOST /api/v1/alpaca/getalpacadata [32m200[0m 1273.391 ms - 176[0m
2023-08-28 20:25:43 info: [0mPOST /api/v1/alpaca/getalpacadata [32m200[0m 1536.974 ms - 176[0m
2023-08-28 20:25:43 info: [0mPOST /api/v1/alpaca/getalpacadata [32m200[0m 1547.414 ms - 176[0m
2023-08-28 20:25:44 info: [0mPOST /api/v1/alpaca/getalpacadata [32m200[0m 1837.678 ms - 176[0m
2023-08-28 20:25:44 info: [0mPOST /api/v1/alpaca/getalpacadata [32m200[0m 1140.242 ms - 176[0m
2023-08-28 20:25:44 info: [0mPOST /api/v1/alpaca/getalpacadata [32m200[0m 1086.834 ms - 176[0m
2023-08-28 20:27:55 info: [0mPOST /api/v1/auth/logIn [32m200[0m 794.498 ms - -[0m
2023-08-28 20:27:56 info: [0mGET /api/v1/auth/getKey [32m201[0m 287.369 ms - 436[0m
2023-08-28 20:27:57 info: [0mPOST /api/v1/alpaca/getalpacadata [32m200[0m 1223.821 ms - 436[0m
2023-08-28 20:28:01 info: [0mGET /api/v1/auth/getTrendingdata [32m201[0m 563.388 ms - 51[0m
2023-08-28 20:28:02 info: [0mPOST /api/v1/alpaca/getalpacadata [32m200[0m 1033.709 ms - -[0m
2023-08-28 20:28:02 info: [0mPOST /api/v1/alpaca/getalpacadata [32m200[0m 1035.797 ms - 498[0m
2023-08-28 20:28:03 info: [0mPOST /api/v1/alpaca/getalpacadata [32m200[0m 1380.001 ms - 31[0m
2023-08-28 20:28:03 info: [0mGET /api/v1/alpaca/getexchangeData [32m200[0m 2302.254 ms - -[0m
2023-08-28 20:28:03 info: [0mPOST /api/v1/alpaca/getalpacadata [32m200[0m 1130.427 ms - 31[0m
2023-08-28 20:28:03 info: [0mPOST /api/v1/alpaca/getalpacadata [32m200[0m 1161.843 ms - 237[0m
2023-08-28 20:28:04 info: [0mGET /api/v1/alpaca/getNews [32m200[0m 3322.426 ms - -[0m
2023-08-28 20:28:04 info: [0mPOST /api/v1/alpaca/getalpacadata [32m200[0m 1088.377 ms - -[0m
2023-08-28 20:28:05 info: [0mPOST /api/v1/alpaca/getalpacadata [32m200[0m 1060.309 ms - -[0m
2023-08-28 20:28:06 info: [0mPUT /api/v1/auth/updatealpaca [32m200[0m 944.149 ms - 373[0m
2023-08-28 20:28:07 info: [0mPOST /api/v1/alpaca/getalpacamarketdata [32m200[0m 1079.579 ms - 634[0m
2023-08-28 20:28:07 info: [0mPOST /api/v1/alpaca/getalpacamarketdata [32m200[0m 1177.403 ms - 639[0m
2023-08-28 20:28:07 info: [0mPOST /api/v1/alpaca/getalpacamarketdata [32m200[0m 1029.970 ms - 650[0m
2023-08-28 20:28:07 info: [0mPOST /api/v1/alpaca/getalpacamarketdata [32m200[0m 1104.719 ms - 625[0m
2023-08-28 20:28:07 info: [0mPOST /api/v1/alpaca/getalpacamarketdata [32m200[0m 1195.582 ms - 611[0m
2023-08-28 20:28:09 info: [0mPOST /api/v1/alpaca/getalpacamarketdata [32m200[0m 1100.167 ms - 634[0m
2023-08-28 20:28:09 info: [0mPOST /api/v1/alpaca/getalpacamarketdata [32m200[0m 1238.935 ms - 625[0m
2023-08-28 20:28:09 info: [0mPOST /api/v1/alpaca/getalpacamarketdata [32m200[0m 1239.122 ms - 650[0m
2023-08-28 20:28:09 info: [0mPOST /api/v1/alpaca/getalpacamarketdata [32m200[0m 1192.049 ms - 611[0m
2023-08-28 20:28:09 info: [0mPOST /api/v1/alpaca/getalpacamarketdata [32m200[0m 1258.338 ms - 639[0m
2023-08-28 20:28:24 info: [0mPOST /api/v1/alpaca/getalpacadata [32m200[0m 15145.905 ms - -[0m
2023-08-28 20:28:37 info: [0mPOST /api/v1/alpaca/getalpacadata [32m200[0m 1237.369 ms - 176[0m
2023-08-28 20:28:37 info: [0mPOST /api/v1/alpaca/getalpacamarketdata [32m200[0m 1188.002 ms - 642[0m
2023-08-28 20:28:39 info: [0mPOST /api/v1/alpaca/getalpacadata [32m200[0m 1162.561 ms - 176[0m
2023-08-28 20:28:39 info: [0mPOST /api/v1/alpaca/getalpacadata [32m200[0m 1236.668 ms - 176[0m
2023-08-28 20:28:39 info: [0mPOST /api/v1/alpaca/getalpacadata [32m200[0m 1213.040 ms - 176[0m
2023-08-28 20:28:39 info: [0mPOST /api/v1/alpaca/getalpacadata [32m200[0m 1237.045 ms - 176[0m
2023-08-28 20:28:39 info: [0mPOST /api/v1/alpaca/getalpacadata [32m200[0m 1222.034 ms - 176[0m
2023-08-28 20:28:40 info: [0mPOST /api/v1/alpaca/getalpacadata [32m200[0m 1164.193 ms - 176[0m
2023-08-28 20:53:31 info: [0mPOST /api/v1/alpaca/getalpacadata [32m200[0m 1247.181 ms - 176[0m
2023-08-28 21:00:24 info: [0mPOST /api/v1/alpaca/getalpacadata [32m200[0m 1153.644 ms - 176[0m
2023-08-28 21:01:25 info: [0mPOST /api/v1/alpaca/getalpacadata [32m200[0m 1233.810 ms - 175[0m
2023-08-28 21:04:05 info: [0mPOST /api/v1/alpaca/getalpacadata [32m200[0m 1131.102 ms - 176[0m
2023-08-28 21:05:30 info: [0mPOST /api/v1/alpaca/getalpacadata [32m200[0m 1208.586 ms - 176[0m
2023-08-28 21:07:35 info: [0mPOST /api/v1/auth/logIn [32m200[0m 599.395 ms - -[0m
2023-08-28 21:07:35 info: [0mGET /api/v1/auth/getKey [32m201[0m 266.936 ms - 436[0m
2023-08-28 21:07:36 info: [0mPOST /api/v1/alpaca/getalpacadata [32m200[0m 1053.637 ms - 436[0m
2023-08-28 21:07:39 info: [0mGET /api/v1/auth/getTrendingdata [32m201[0m 520.880 ms - 51[0m
2023-08-28 21:07:41 info: [0mGET /api/v1/alpaca/getexchangeData [32m200[0m 2087.138 ms - -[0m
2023-08-28 21:07:41 info: [0mPOST /api/v1/alpaca/getalpacadata [32m200[0m 1037.012 ms - 498[0m
2023-08-28 21:07:41 info: [0mPOST /api/v1/alpaca/getalpacadata [32m200[0m 1027.606 ms - 31[0m
2023-08-28 21:07:41 info: [0mPOST /api/v1/alpaca/getalpacadata [32m200[0m 1138.151 ms - -[0m
2023-08-28 21:07:42 info: [0mGET /api/v1/alpaca/getNews [32m200[0m 2861.709 ms - -[0m
2023-08-28 21:07:42 info: [0mPOST /api/v1/alpaca/getalpacadata [32m200[0m 1025.358 ms - 237[0m
2023-08-28 21:07:42 info: [0mPOST /api/v1/alpaca/getalpacadata [32m200[0m 1030.507 ms - 31[0m
2023-08-28 21:07:42 info: [0mPOST /api/v1/alpaca/getalpacadata [32m200[0m 1023.546 ms - -[0m
2023-08-28 21:07:45 info: [0mPUT /api/v1/auth/updatealpaca [32m200[0m 798.884 ms - 373[0m
2023-08-28 21:07:46 info: [0mPOST /api/v1/alpaca/getalpacadata [32m200[0m 1022.173 ms - -[0m
2023-08-28 21:07:49 info: [0mPOST /api/v1/alpaca/getalpacadata [32m200[0m 3667.517 ms - -[0m
2023-08-28 21:08:00 info: [0mPOST /api/v1/alpaca/getalpacadata [32m200[0m 3557.161 ms - -[0m
2023-08-28 21:08:10 info: [0mPOST /api/v1/alpaca/getalpacadata [32m200[0m 1036.053 ms - 176[0m
2023-08-28 21:08:10 info: [0mPOST /api/v1/alpaca/getalpacamarketdata [32m200[0m 1059.987 ms - 647[0m
2023-08-28 21:08:12 info: [0mPOST /api/v1/alpaca/getalpacadata [32m200[0m 1018.270 ms - 176[0m
2023-08-28 21:08:12 info: [0mPOST /api/v1/alpaca/getalpacadata [32m200[0m 1023.026 ms - 176[0m
2023-08-28 21:08:12 info: [0mPOST /api/v1/alpaca/getalpacadata [32m200[0m 1036.346 ms - 176[0m
2023-08-28 21:08:12 info: [0mPOST /api/v1/alpaca/getalpacadata [32m200[0m 1275.859 ms - 176[0m
2023-08-28 21:08:12 info: [0mPOST /api/v1/alpaca/getalpacadata [32m200[0m 1275.107 ms - 176[0m
2023-08-28 21:08:13 info: [0mPOST /api/v1/alpaca/getalpacadata [32m200[0m 1097.439 ms - 175[0m
2023-08-28 21:08:28 info: [0mPOST /api/v1/alpaca/getalpacadata [32m200[0m 1035.366 ms - 176[0m
2023-08-28 21:09:11 info: [0mPOST /api/v1/alpaca/getalpacadata [32m200[0m 1045.325 ms - 176[0m
2023-08-28 21:11:19 info: [0mPOST /api/v1/auth/logIn [32m200[0m 592.911 ms - -[0m
2023-08-28 21:11:19 info: [0mGET /api/v1/auth/getKey [32m201[0m 260.831 ms - 436[0m
2023-08-28 21:11:21 info: [0mPOST /api/v1/alpaca/getalpacadata [32m200[0m 1170.565 ms - 436[0m
2023-08-28 21:11:24 info: [0mGET /api/v1/auth/getTrendingdata [32m201[0m 688.723 ms - 51[0m
2023-08-28 21:11:25 info: [0mGET /api/v1/alpaca/getexchangeData [32m200[0m 1963.441 ms - -[0m
2023-08-28 21:11:25 info: [0mPOST /api/v1/alpaca/getalpacadata [32m200[0m 1025.944 ms - 498[0m
2023-08-28 21:11:25 info: [0mPOST /api/v1/alpaca/getalpacadata [32m200[0m 1016.909 ms - 31[0m
2023-08-28 21:11:25 info: [0mPOST /api/v1/alpaca/getalpacadata [32m200[0m 1255.543 ms - -[0m
2023-08-28 21:11:26 info: [0mGET /api/v1/alpaca/getNews [32m200[0m 2864.579 ms - -[0m
2023-08-28 21:11:26 info: [0mPOST /api/v1/alpaca/getalpacadata [32m200[0m 1023.133 ms - 237[0m
2023-08-28 21:11:26 info: [0mPOST /api/v1/alpaca/getalpacadata [32m200[0m 1006.613 ms - 31[0m
2023-08-28 21:11:26 info: [0mPOST /api/v1/alpaca/getalpacadata [32m200[0m 1031.461 ms - -[0m
2023-08-28 21:11:28 info: [0mPUT /api/v1/auth/updatealpaca [32m200[0m 785.192 ms - 373[0m
2023-08-28 21:11:28 info: [0mPOST /api/v1/alpaca/getalpacadata [32m200[0m 1026.491 ms - -[0m
2023-08-28 21:11:30 info: [0mPOST /api/v1/alpaca/getalpacamarketdata [32m200[0m 1031.531 ms - 643[0m
2023-08-28 21:11:30 info: [0mPOST /api/v1/alpaca/getalpacamarketdata [32m200[0m 1019.134 ms - 650[0m
2023-08-28 21:11:30 info: [0mPOST /api/v1/alpaca/getalpacamarketdata [32m200[0m 1037.777 ms - 635[0m
2023-08-28 21:11:30 info: [0mPOST /api/v1/alpaca/getalpacamarketdata [32m200[0m 1237.557 ms - 630[0m
2023-08-28 21:11:30 info: [0mPOST /api/v1/alpaca/getalpacamarketdata [32m200[0m 1289.030 ms - 609[0m
2023-08-28 21:11:34 info: [0mPOST /api/v1/alpaca/getalpacadata [32m200[0m 3197.774 ms - -[0m
2023-08-28 21:11:44 info: [0mPOST /api/v1/alpaca/getalpacamarketdata [32m200[0m 1009.605 ms - 646[0m
2023-08-28 21:11:44 info: [0mPOST /api/v1/alpaca/getalpacadata [32m200[0m 1031.963 ms - 175[0m
2023-08-28 21:11:46 info: [0mPOST /api/v1/alpaca/getalpacadata [32m200[0m 1037.927 ms - 176[0m
2023-08-28 21:12:31 info: [0mPOST /api/v1/alpaca/getalpacadata [32m200[0m 1015.146 ms - 175[0m
2023-08-28 21:12:58 info: [0mPOST /api/v1/alpaca/getalpacadata [32m200[0m 1033.451 ms - 176[0m
2023-08-28 21:15:05 info: [0mPOST /api/v1/auth/logIn [32m200[0m 593.672 ms - -[0m
2023-08-28 21:15:05 info: [0mGET /api/v1/auth/getKey [32m201[0m 254.499 ms - 436[0m
2023-08-28 21:15:06 info: [0mPOST /api/v1/alpaca/getalpacadata [32m200[0m 1040.504 ms - 436[0m
2023-08-28 21:15:10 info: [0mGET /api/v1/auth/getTrendingdata [32m201[0m 754.133 ms - 51[0m
2023-08-28 21:15:11 info: [0mGET /api/v1/alpaca/getexchangeData [32m200[0m 2025.461 ms - -[0m
2023-08-28 21:15:11 info: [0mPOST /api/v1/alpaca/getalpacadata [32m200[0m 1034.986 ms - 498[0m
2023-08-28 21:15:11 info: [0mPOST /api/v1/alpaca/getalpacadata [32m200[0m 1181.455 ms - -[0m
2023-08-28 21:15:11 info: [0mPOST /api/v1/alpaca/getalpacadata [32m200[0m 1013.055 ms - 31[0m
2023-08-28 21:15:11 info: [0mGET /api/v1/alpaca/getNews [32m200[0m 2354.498 ms - -[0m
2023-08-28 21:15:12 info: [0mPOST /api/v1/alpaca/getalpacadata [32m200[0m 1005.319 ms - 237[0m
2023-08-28 21:15:12 info: [0mPOST /api/v1/alpaca/getalpacadata [32m200[0m 1018.096 ms - 31[0m
2023-08-28 21:15:12 info: [0mPOST /api/v1/alpaca/getalpacadata [32m200[0m 1042.395 ms - -[0m
2023-08-28 21:15:14 info: [0mPUT /api/v1/auth/updatealpaca [32m200[0m 769.485 ms - 373[0m
2023-08-28 21:15:14 info: [0mPOST /api/v1/alpaca/getalpacadata [32m200[0m 1022.038 ms - -[0m
2023-08-28 21:15:17 info: [0mPOST /api/v1/alpaca/getalpacamarketdata [32m200[0m 2605.907 ms - 618[0m
2023-08-28 21:15:17 info: [0mPOST /api/v1/alpaca/getalpacamarketdata [32m200[0m 2638.048 ms - 637[0m
2023-08-28 21:15:17 info: [0mPOST /api/v1/alpaca/getalpacamarketdata [32m200[0m 2660.093 ms - 634[0m
2023-08-28 21:15:17 info: [0mPOST /api/v1/alpaca/getalpacamarketdata [32m200[0m 2578.089 ms - 612[0m
2023-08-28 21:15:17 info: [0mPOST /api/v1/alpaca/getalpacamarketdata [32m200[0m 2626.205 ms - 645[0m
2023-08-28 21:15:27 info: [0mPOST /api/v1/alpaca/getalpacadata [32m200[0m 6878.380 ms - -[0m
2023-08-28 21:15:39 info: [0mPOST /api/v1/alpaca/getalpacadata [32m200[0m 1048.883 ms - 176[0m
2023-08-28 21:15:39 info: [0mPOST /api/v1/alpaca/getalpacamarketdata [32m200[0m 1028.136 ms - 648[0m
2023-08-28 21:15:40 info: [0mPOST /api/v1/alpaca/getalpacadata [32m200[0m 1011.262 ms - 176[0m
2023-08-28 21:18:37 info: [0mPOST /api/v1/auth/logIn [32m200[0m 586.868 ms - -[0m
2023-08-28 21:18:37 info: [0mGET /api/v1/auth/getKey [32m201[0m 261.828 ms - 436[0m
2023-08-28 21:18:38 info: [0mPOST /api/v1/alpaca/getalpacadata [32m200[0m 1096.776 ms - 436[0m
2023-08-28 21:18:44 info: [0mGET /api/v1/auth/getTrendingdata [32m201[0m 760.331 ms - 51[0m
2023-08-28 21:18:45 info: [0mPOST /api/v1/alpaca/getalpacadata [32m200[0m 1034.165 ms - -[0m
2023-08-28 21:18:45 info: [0mPOST /api/v1/alpaca/getalpacadata [32m200[0m 1173.150 ms - 498[0m
2023-08-28 21:18:45 info: [0mPOST /api/v1/alpaca/getalpacadata [32m200[0m 1077.572 ms - 31[0m
2023-08-28 21:18:45 info: [0mGET /api/v1/alpaca/getexchangeData [32m200[0m 1997.049 ms - -[0m
2023-08-28 21:18:45 info: [0mGET /api/v1/alpaca/getNews [32m200[0m 2402.002 ms - -[0m
2023-08-28 21:18:46 info: [0mPOST /api/v1/alpaca/getalpacadata [32m200[0m 1046.374 ms - 237[0m
2023-08-28 21:18:46 info: [0mPOST /api/v1/alpaca/getalpacadata [32m200[0m 1031.183 ms - 31[0m
2023-08-28 21:18:46 info: [0mPOST /api/v1/alpaca/getalpacadata [32m200[0m 1045.139 ms - -[0m
2023-08-28 21:18:47 info: [0mPUT /api/v1/auth/updatealpaca [32m200[0m 771.803 ms - 373[0m
2023-08-28 21:18:48 info: [0mPOST /api/v1/alpaca/getalpacadata [32m200[0m 1020.142 ms - -[0m
2023-08-28 21:18:49 info: [0mPOST /api/v1/alpaca/getalpacamarketdata [32m200[0m 1020.968 ms - 631[0m
2023-08-28 21:18:49 info: [0mPOST /api/v1/alpaca/getalpacamarketdata [32m200[0m 1029.663 ms - 636[0m
2023-08-28 21:18:49 info: [0mPOST /api/v1/alpaca/getalpacamarketdata [32m200[0m 1056.153 ms - 646[0m
2023-08-28 21:18:49 info: [0mPOST /api/v1/alpaca/getalpacamarketdata [32m200[0m 1289.553 ms - 612[0m
2023-08-28 21:18:49 info: [0mPOST /api/v1/alpaca/getalpacamarketdata [32m200[0m 1294.749 ms - 618[0m
2023-08-28 21:19:02 info: [0mPOST /api/v1/alpaca/getalpacadata [32m200[0m 6960.088 ms - -[0m
2023-08-28 21:19:14 info: [0mPOST /api/v1/alpaca/getalpacamarketdata [32m200[0m 1033.193 ms - 646[0m
2023-08-28 21:23:48 info: [0mPOST /api/v1/alpaca/getalpacadata [32m200[0m 1170.600 ms - 176[0m
2023-08-28 21:26:10 info: [0mPOST /api/v1/auth/logIn [32m200[0m 612.304 ms - -[0m
2023-08-28 21:26:10 info: [0mGET /api/v1/auth/getKey [32m201[0m 264.357 ms - 436[0m
2023-08-28 21:26:11 info: [0mPOST /api/v1/alpaca/getalpacadata [32m200[0m 1061.666 ms - 436[0m
2023-08-28 21:26:14 info: [0mGET /api/v1/auth/getTrendingdata [32m201[0m 502.086 ms - 51[0m
2023-08-28 21:26:16 info: [0mPOST /api/v1/alpaca/getalpacadata [32m200[0m 1042.006 ms - -[0m
2023-08-28 21:26:16 info: [0mPOST /api/v1/alpaca/getalpacadata [32m200[0m 1044.934 ms - 498[0m
2023-08-28 21:26:16 info: [0mPOST /api/v1/alpaca/getalpacadata [32m200[0m 1129.005 ms - 31[0m
2023-08-28 21:26:16 info: [0mGET /api/v1/alpaca/getexchangeData [32m200[0m 2236.976 ms - -[0m
2023-08-28 21:26:17 info: [0mGET /api/v1/alpaca/getNews [32m200[0m 2662.841 ms - -[0m
2023-08-28 21:26:17 info: [0mPOST /api/v1/alpaca/getalpacadata [32m200[0m 1009.329 ms - 237[0m
2023-08-28 21:26:17 info: [0mPOST /api/v1/alpaca/getalpacadata [32m200[0m 1056.112 ms - 31[0m
2023-08-28 21:26:17 info: [0mPOST /api/v1/alpaca/getalpacadata [32m200[0m 1037.683 ms - -[0m
2023-08-28 21:26:19 info: [0mPUT /api/v1/auth/updatealpaca [32m200[0m 799.242 ms - 373[0m
2023-08-28 21:26:19 info: [0mPOST /api/v1/alpaca/getalpacadata [32m200[0m 1033.426 ms - -[0m
2023-08-28 21:26:22 info: [0mPOST /api/v1/alpaca/getalpacamarketdata [32m200[0m 1081.135 ms - 638[0m
2023-08-28 21:26:22 info: [0mPOST /api/v1/alpaca/getalpacamarketdata [32m200[0m 1015.339 ms - 645[0m
2023-08-28 21:26:22 info: [0mPOST /api/v1/alpaca/getalpacamarketdata [32m200[0m 1014.416 ms - 614[0m
2023-08-28 21:26:22 info: [0mPOST /api/v1/alpaca/getalpacamarketdata [32m200[0m 1046.578 ms - 632[0m
2023-08-28 21:26:23 info: [0mPOST /api/v1/alpaca/getalpacamarketdata [32m200[0m 1283.184 ms - 613[0m
2023-08-28 21:26:26 info: [0mPOST /api/v1/alpaca/getalpacadata [32m200[0m 3693.091 ms - -[0m
2023-08-28 21:41:12 error: StatusCode : 409, Message : You're email swapnilsonwane2237@gmail.com not found
2023-08-28 21:41:12 info: [0mPOST /api/v1/auth/logIn [33m409[0m 262.957 ms - 65[0m
2023-08-28 21:41:22 info: [0mPOST /api/v1/auth/logIn [32m200[0m 589.003 ms - -[0m
2023-08-28 21:41:22 info: [0mGET /api/v1/auth/getKey [32m201[0m 259.339 ms - 436[0m
2023-08-28 21:41:24 info: [0mPOST /api/v1/alpaca/getalpacadata [32m200[0m 1254.454 ms - 436[0m
2023-08-28 21:41:27 info: [0mGET /api/v1/auth/getTrendingdata [32m201[0m 758.803 ms - 51[0m
2023-08-28 21:41:28 info: [0mGET /api/v1/alpaca/getexchangeData [32m200[0m 1890.474 ms - -[0m
2023-08-28 21:41:28 info: [0mPOST /api/v1/alpaca/getalpacadata [32m200[0m 1024.710 ms - 498[0m
2023-08-28 21:41:28 info: [0mPOST /api/v1/alpaca/getalpacadata [32m200[0m 1063.276 ms - -[0m
2023-08-28 21:41:28 info: [0mPOST /api/v1/alpaca/getalpacadata [32m200[0m 1042.580 ms - 31[0m
2023-08-28 21:41:28 info: [0mGET /api/v1/alpaca/getNews [32m200[0m 2340.721 ms - -[0m
2023-08-28 21:41:29 info: [0mPOST /api/v1/alpaca/getalpacadata [32m200[0m 1045.049 ms - 237[0m
2023-08-28 21:41:29 info: [0mPOST /api/v1/alpaca/getalpacadata [32m200[0m 1046.891 ms - -[0m
2023-08-28 21:41:29 info: [0mPOST /api/v1/alpaca/getalpacadata [32m200[0m 1068.344 ms - 31[0m
2023-08-28 21:41:31 info: [0mPUT /api/v1/auth/updatealpaca [32m200[0m 779.385 ms - 373[0m
2023-08-28 21:41:32 info: [0mPOST /api/v1/alpaca/getalpacadata [32m200[0m 1014.813 ms - -[0m
2023-08-28 21:41:33 info: [0mPOST /api/v1/alpaca/getalpacamarketdata [32m200[0m 1205.860 ms - 641[0m
2023-08-28 21:41:33 info: [0mPOST /api/v1/alpaca/getalpacamarketdata [32m200[0m 1197.468 ms - 645[0m
2023-08-28 21:41:33 info: [0mPOST /api/v1/alpaca/getalpacamarketdata [32m200[0m 1225.519 ms - 633[0m
2023-08-28 21:41:33 info: [0mPOST /api/v1/alpaca/getalpacamarketdata [32m200[0m 1266.805 ms - 623[0m
2023-08-28 21:41:33 info: [0mPOST /api/v1/alpaca/getalpacamarketdata [32m200[0m 1262.604 ms - 611[0m
2023-08-28 21:42:37 info: [0mPOST /api/v1/alpaca/getalpacadata [32m200[0m 7573.037 ms - -[0m
2023-08-28 22:14:52 info: [0mPOST /api/v1/alpaca/getalpacadata [32m200[0m 1238.822 ms - 176[0m
2023-08-28 22:14:52 info: [0mPOST /api/v1/alpaca/getalpacamarketdata [32m200[0m 1244.160 ms - 649[0m
2023-08-28 22:14:53 info: [0mPOST /api/v1/alpaca/getalpacadata [32m200[0m 1017.999 ms - 176[0m
2023-08-28 22:21:19 info: [0mPOST /api/v1/alpaca/getalpacadata [32m200[0m 1054.787 ms - 176[0m
2023-08-28 22:21:28 info: [0mPOST /api/v1/alpaca/getalpacadata [32m200[0m 1041.683 ms - 176[0m
2023-08-28 22:21:43 info: [0mPOST /api/v1/alpaca/getalpacadata [32m200[0m 1015.266 ms - 176[0m
2023-08-28 22:22:06 info: [0mPOST /api/v1/alpaca/getalpacadata [32m200[0m 1013.113 ms - 176[0m
2023-08-28 22:22:13 info: [0mPOST /api/v1/alpaca/getalpacadata [32m200[0m 1024.877 ms - 176[0m
2023-08-28 22:39:15 info: [0mPOST /api/v1/alpaca/getalpacadata [32m200[0m 1060.940 ms - 176[0m
2023-08-28 22:39:31 info: [0mPOST /api/v1/alpaca/getalpacadata [32m200[0m 1015.268 ms - 176[0m
2023-08-28 22:40:19 info: [0mPOST /api/v1/alpaca/getalpacadata [32m200[0m 1043.808 ms - 176[0m
2023-08-28 22:42:11 info: [0mPOST /api/v1/alpaca/getalpacadata [32m200[0m 1025.523 ms - 176[0m
2023-08-28 22:42:12 info: [0mPOST /api/v1/alpaca/getalpacamarketdata [32m200[0m 1191.953 ms - 648[0m
2023-08-28 22:42:55 info: [0mPOST /api/v1/alpaca/getalpacadata [32m200[0m 1030.436 ms - 175[0m
2023-08-28 22:42:56 info: [0mPOST /api/v1/alpaca/getalpacamarketdata [32m200[0m 1033.367 ms - 648[0m
2023-08-28 22:43:10 info: [0mPOST /api/v1/alpaca/getalpacadata [32m200[0m 1043.063 ms - 176[0m
2023-08-28 22:43:11 info: [0mPOST /api/v1/alpaca/getalpacamarketdata [32m200[0m 1046.223 ms - 647[0m
2023-08-28 22:43:27 info: [0mPOST /api/v1/alpaca/getalpacadata [32m200[0m 1033.612 ms - 176[0m
2023-08-28 22:43:28 info: [0mPOST /api/v1/alpaca/getalpacamarketdata [32m200[0m 1042.120 ms - 647[0m
2023-08-28 22:45:01 info: [0mPOST /api/v1/auth/logIn [32m200[0m 593.458 ms - -[0m
2023-08-28 22:45:01 info: [0mGET /api/v1/auth/getKey [32m201[0m 259.120 ms - 436[0m
2023-08-28 22:45:02 info: [0mPOST /api/v1/alpaca/getalpacadata [32m200[0m 1086.018 ms - 436[0m
2023-08-28 22:45:07 info: [0mGET /api/v1/auth/getTrendingdata [32m201[0m 664.103 ms - 51[0m
2023-08-28 22:45:08 info: [0mPOST /api/v1/alpaca/getalpacadata [32m200[0m 1059.504 ms - 498[0m
2023-08-28 22:45:08 info: [0mPOST /api/v1/alpaca/getalpacadata [32m200[0m 1066.067 ms - -[0m
2023-08-28 22:45:08 info: [0mGET /api/v1/alpaca/getexchangeData [32m200[0m 2190.753 ms - -[0m
2023-08-28 22:45:08 info: [0mPOST /api/v1/alpaca/getalpacadata [32m200[0m 1047.244 ms - 31[0m
2023-08-28 22:45:09 info: [0mGET /api/v1/alpaca/getNews [32m200[0m 2737.322 ms - -[0m
2023-08-28 22:45:09 info: [0mPOST /api/v1/alpaca/getalpacadata [32m200[0m 1042.823 ms - 237[0m
2023-08-28 22:45:09 info: [0mPOST /api/v1/alpaca/getalpacadata [32m200[0m 1044.465 ms - 31[0m
2023-08-28 22:45:10 info: [0mPOST /api/v1/alpaca/getalpacadata [32m200[0m 1056.228 ms - -[0m
2023-08-28 22:45:11 info: [0mPUT /api/v1/auth/updatealpaca [32m200[0m 786.917 ms - 373[0m
2023-08-28 22:45:12 info: [0mPOST /api/v1/alpaca/getalpacadata [32m200[0m 1044.456 ms - -[0m
2023-08-28 22:45:13 info: [0mPOST /api/v1/alpaca/getalpacamarketdata [32m200[0m 1043.725 ms - 640[0m
2023-08-28 22:45:13 info: [0mPOST /api/v1/alpaca/getalpacamarketdata [32m200[0m 1069.858 ms - 634[0m
2023-08-28 22:45:13 info: [0mPOST /api/v1/alpaca/getalpacamarketdata [32m200[0m 1054.444 ms - 650[0m
2023-08-28 22:45:13 info: [0mPOST /api/v1/alpaca/getalpacamarketdata [32m200[0m 1260.986 ms - 620[0m
2023-08-28 22:45:13 info: [0mPOST /api/v1/alpaca/getalpacamarketdata [32m200[0m 1275.446 ms - 615[0m
2023-08-28 22:45:21 info: [0mPOST /api/v1/alpaca/getalpacadata [32m200[0m 6157.580 ms - -[0m
2023-08-28 22:45:33 info: [0mPOST /api/v1/alpaca/getalpacadata [32m200[0m 1035.698 ms - 176[0m
2023-08-28 22:45:34 info: [0mPOST /api/v1/alpaca/getalpacadata [32m200[0m 1050.356 ms - 176[0m
2023-08-28 22:45:35 info: [0mPOST /api/v1/alpaca/getalpacadata [32m200[0m 1026.443 ms - 176[0m
2023-08-28 22:45:35 info: [0mPOST /api/v1/alpaca/getalpacamarketdata [32m200[0m 1036.566 ms - 648[0m
2023-08-28 22:45:35 info: [0mPOST /api/v1/alpaca/getalpacamarketdata [32m200[0m 1038.348 ms - 648[0m
2023-08-28 22:45:36 info: [0mPOST /api/v1/alpaca/getalpacadata [32m200[0m 1024.095 ms - 175[0m
2023-08-28 22:45:36 info: [0mPOST /api/v1/alpaca/getalpacamarketdata [32m200[0m 1045.658 ms - 648[0m
2023-08-28 22:45:37 info: [0mPOST /api/v1/alpaca/getalpacamarketdata [32m200[0m 1025.240 ms - 648[0m
2023-08-28 22:45:37 info: [0mPOST /api/v1/alpaca/getalpacadata [32m200[0m 1051.316 ms - 175[0m
2023-08-28 22:45:38 info: [0mPOST /api/v1/alpaca/getalpacamarketdata [32m200[0m 1049.371 ms - 648[0m
2023-08-28 22:45:40 info: [0mPOST /api/v1/alpaca/getalpacadata [32m200[0m 1015.989 ms - 176[0m
2023-08-28 22:45:41 info: [0mPOST /api/v1/alpaca/getalpacamarketdata [32m200[0m 1035.948 ms - 648[0m
2023-08-28 22:45:42 info: [0mPOST /api/v1/alpaca/getalpacadata [32m200[0m 1023.110 ms - 176[0m
2023-08-28 22:45:43 info: [0mPOST /api/v1/alpaca/getalpacamarketdata [32m200[0m 1031.160 ms - 648[0m
2023-08-28 22:45:44 info: [0mPOST /api/v1/alpaca/getalpacadata [32m200[0m 1034.952 ms - 176[0m
2023-08-28 22:45:45 info: [0mPOST /api/v1/alpaca/getalpacamarketdata [32m200[0m 1041.786 ms - 648[0m
2023-08-28 22:45:47 info: [0mPOST /api/v1/alpaca/getalpacadata [32m200[0m 1033.465 ms - 176[0m
2023-08-28 22:45:48 info: [0mPOST /api/v1/alpaca/getalpacamarketdata [32m200[0m 1045.179 ms - 648[0m
2023-08-28 22:45:49 info: [0mPOST /api/v1/alpaca/getalpacadata [32m200[0m 1034.484 ms - 176[0m
2023-08-28 22:45:50 info: [0mPOST /api/v1/alpaca/getalpacamarketdata [32m200[0m 1047.251 ms - 648[0m
2023-08-28 22:45:51 info: [0mPOST /api/v1/alpaca/getalpacadata [32m200[0m 1029.712 ms - 176[0m
2023-08-28 22:45:52 info: [0mPOST /api/v1/alpaca/getalpacamarketdata [32m200[0m 1042.171 ms - 648[0m
2023-08-28 22:45:54 info: [0mPOST /api/v1/alpaca/getalpacadata [32m200[0m 1026.087 ms - 176[0m
2023-08-28 22:45:55 info: [0mPOST /api/v1/alpaca/getalpacamarketdata [32m200[0m 1036.172 ms - 648[0m
2023-08-28 22:45:56 info: [0mPOST /api/v1/alpaca/getalpacadata [32m200[0m 1048.337 ms - 176[0m
2023-08-28 22:45:57 info: [0mPOST /api/v1/alpaca/getalpacamarketdata [32m200[0m 1035.785 ms - 648[0m
2023-08-28 22:45:58 info: [0mPOST /api/v1/alpaca/getalpacadata [32m200[0m 1035.436 ms - 176[0m
2023-08-28 22:46:00 info: [0mPOST /api/v1/alpaca/getalpacamarketdata [32m200[0m 1045.388 ms - 648[0m
2023-08-28 22:46:01 info: [0mPOST /api/v1/alpaca/getalpacadata [32m200[0m 1041.672 ms - 176[0m
2023-08-28 22:46:02 info: [0mPOST /api/v1/alpaca/getalpacamarketdata [32m200[0m 1037.460 ms - 642[0m
2023-08-28 22:46:03 info: [0mPOST /api/v1/alpaca/getalpacadata [32m200[0m 1030.127 ms - 176[0m
2023-08-28 22:46:04 info: [0mPOST /api/v1/alpaca/getalpacamarketdata [32m200[0m 1026.801 ms - 642[0m
2023-08-28 22:46:06 info: [0mPOST /api/v1/alpaca/getalpacadata [32m200[0m 1028.112 ms - 176[0m
2023-08-28 22:46:07 info: [0mPOST /api/v1/alpaca/getalpacamarketdata [32m200[0m 1034.466 ms - 642[0m
2023-08-28 22:46:08 info: [0mPOST /api/v1/alpaca/getalpacadata [32m200[0m 1037.591 ms - 176[0m
2023-08-28 22:46:09 info: [0mPOST /api/v1/alpaca/getalpacamarketdata [32m200[0m 1044.203 ms - 641[0m
2023-08-28 22:46:10 info: [0mPOST /api/v1/alpaca/getalpacadata [32m200[0m 1046.396 ms - 176[0m
2023-08-28 22:46:11 info: [0mPOST /api/v1/alpaca/getalpacamarketdata [32m200[0m 1048.265 ms - 641[0m
2023-08-28 22:46:13 info: [0mPOST /api/v1/alpaca/getalpacadata [32m200[0m 1031.484 ms - 176[0m
2023-08-28 22:46:14 info: [0mPOST /api/v1/alpaca/getalpacamarketdata [32m200[0m 1047.821 ms - 641[0m
2023-08-28 22:46:15 info: [0mPOST /api/v1/alpaca/getalpacadata [32m200[0m 1041.783 ms - 176[0m
2023-08-28 22:46:16 info: [0mPOST /api/v1/alpaca/getalpacamarketdata [32m200[0m 1039.210 ms - 641[0m
2023-08-28 22:46:17 info: [0mPOST /api/v1/alpaca/getalpacadata [32m200[0m 1039.861 ms - 176[0m
2023-08-28 22:46:18 info: [0mPOST /api/v1/alpaca/getalpacamarketdata [32m200[0m 1042.430 ms - 641[0m
2023-08-28 22:46:19 info: [0mPOST /api/v1/alpaca/getalpacadata [32m200[0m 1034.440 ms - 176[0m
2023-08-28 22:46:21 info: [0mPOST /api/v1/alpaca/getalpacamarketdata [32m200[0m 1056.148 ms - 641[0m
2023-08-28 22:46:22 info: [0mPOST /api/v1/alpaca/getalpacadata [32m200[0m 1025.863 ms - 175[0m
2023-08-28 22:46:23 info: [0mPOST /api/v1/alpaca/getalpacamarketdata [32m200[0m 1033.576 ms - 642[0m
2023-08-28 22:46:24 info: [0mPOST /api/v1/alpaca/getalpacadata [32m200[0m 1032.107 ms - 176[0m
2023-08-28 22:46:25 info: [0mPOST /api/v1/alpaca/getalpacamarketdata [32m200[0m 1032.802 ms - 642[0m
2023-08-28 22:46:27 info: [0mPOST /api/v1/alpaca/getalpacadata [32m200[0m 1024.898 ms - 176[0m
2023-08-28 22:46:28 info: [0mPOST /api/v1/alpaca/getalpacamarketdata [32m200[0m 1037.702 ms - 642[0m
2023-08-28 22:46:29 info: [0mPOST /api/v1/alpaca/getalpacadata [32m200[0m 1042.272 ms - 176[0m
2023-08-28 22:46:30 info: [0mPOST /api/v1/alpaca/getalpacamarketdata [32m200[0m 1061.379 ms - 642[0m
2023-08-28 22:46:31 info: [0mPOST /api/v1/alpaca/getalpacadata [32m200[0m 1034.415 ms - 176[0m
2023-08-28 22:46:32 info: [0mPOST /api/v1/alpaca/getalpacamarketdata [32m200[0m 1036.435 ms - 642[0m
2023-08-28 22:46:34 info: [0mPOST /api/v1/alpaca/getalpacadata [32m200[0m 1045.632 ms - 176[0m
2023-08-28 22:46:35 info: [0mPOST /api/v1/alpaca/getalpacamarketdata [32m200[0m 1028.710 ms - 642[0m
2023-08-28 22:46:36 info: [0mPOST /api/v1/alpaca/getalpacadata [32m200[0m 1057.864 ms - 176[0m
2023-08-28 22:46:37 info: [0mPOST /api/v1/alpaca/getalpacamarketdata [32m200[0m 1049.160 ms - 640[0m
2023-08-28 22:46:39 info: [0mPOST /api/v1/alpaca/getalpacadata [32m200[0m 1354.552 ms - 176[0m
2023-08-28 22:46:40 info: [0mPOST /api/v1/alpaca/getalpacamarketdata [32m200[0m 1045.714 ms - 642[0m
2023-08-28 22:46:42 info: [0mPOST /api/v1/alpaca/getalpacadata [32m200[0m 1420.351 ms - 176[0m
2023-08-28 22:46:43 info: [0mPOST /api/v1/alpaca/getalpacamarketdata [32m200[0m 1044.396 ms - 642[0m
2023-08-28 22:46:44 info: [0mPOST /api/v1/alpaca/getalpacadata [32m200[0m 1028.541 ms - 176[0m
2023-08-28 22:46:45 info: [0mPOST /api/v1/alpaca/getalpacamarketdata [32m200[0m 1062.523 ms - 642[0m
2023-08-28 22:46:47 info: [0mPOST /api/v1/alpaca/getalpacadata [32m200[0m 1047.589 ms - 176[0m
2023-08-28 22:46:48 info: [0mPOST /api/v1/alpaca/getalpacamarketdata [32m200[0m 1037.611 ms - 642[0m
2023-08-28 22:46:49 info: [0mPOST /api/v1/alpaca/getalpacadata [32m200[0m 1042.725 ms - 176[0m
2023-08-28 22:46:50 info: [0mPOST /api/v1/alpaca/getalpacamarketdata [32m200[0m 1049.025 ms - 642[0m
2023-08-28 22:46:51 info: [0mPOST /api/v1/alpaca/getalpacadata [32m200[0m 1036.157 ms - 176[0m
2023-08-28 22:46:52 info: [0mPOST /api/v1/alpaca/getalpacamarketdata [32m200[0m 1036.003 ms - 642[0m
2023-08-28 22:46:54 info: [0mPOST /api/v1/alpaca/getalpacadata [32m200[0m 1035.163 ms - 176[0m
2023-08-28 22:46:55 info: [0mPOST /api/v1/alpaca/getalpacamarketdata [32m200[0m 1030.322 ms - 642[0m
2023-08-28 22:46:56 info: [0mPOST /api/v1/alpaca/getalpacadata [32m200[0m 1032.608 ms - 176[0m
2023-08-28 22:46:57 info: [0mPOST /api/v1/alpaca/getalpacamarketdata [32m200[0m 1026.747 ms - 643[0m
2023-08-28 22:46:58 info: [0mPOST /api/v1/alpaca/getalpacadata [32m200[0m 1048.199 ms - 175[0m
2023-08-28 22:46:59 info: [0mPOST /api/v1/alpaca/getalpacamarketdata [32m200[0m 1061.653 ms - 643[0m
2023-08-28 22:47:00 info: [0mPOST /api/v1/alpaca/getalpacadata [32m200[0m 1046.593 ms - 176[0m
2023-08-28 22:47:02 info: [0mPOST /api/v1/alpaca/getalpacamarketdata [32m200[0m 1057.025 ms - 647[0m
2023-08-28 22:47:03 info: [0mPOST /api/v1/alpaca/getalpacadata [32m200[0m 1027.544 ms - 176[0m
2023-08-28 22:47:04 info: [0mPOST /api/v1/alpaca/getalpacamarketdata [32m200[0m 1046.495 ms - 647[0m
2023-08-28 22:47:05 info: [0mPOST /api/v1/alpaca/getalpacadata [32m200[0m 1036.084 ms - 176[0m
2023-08-28 22:47:06 info: [0mPOST /api/v1/alpaca/getalpacamarketdata [32m200[0m 1041.185 ms - 647[0m
2023-08-28 22:47:07 info: [0mPOST /api/v1/alpaca/getalpacadata [32m200[0m 1033.328 ms - 176[0m
2023-08-28 22:47:08 info: [0mPOST /api/v1/alpaca/getalpacamarketdata [32m200[0m 1035.690 ms - 647[0m
2023-08-28 22:47:10 info: [0mPOST /api/v1/alpaca/getalpacadata [32m200[0m 1050.274 ms - 176[0m
2023-08-28 22:47:11 info: [0mPOST /api/v1/alpaca/getalpacamarketdata [32m200[0m 1068.095 ms - 647[0m
2023-08-28 22:47:12 info: [0mPOST /api/v1/alpaca/getalpacadata [32m200[0m 1035.584 ms - 176[0m
2023-08-28 22:47:13 info: [0mPOST /api/v1/alpaca/getalpacamarketdata [32m200[0m 1103.006 ms - 647[0m
2023-08-28 22:47:15 info: [0mPOST /api/v1/alpaca/getalpacadata [32m200[0m 1025.919 ms - 176[0m
2023-08-28 22:47:16 info: [0mPOST /api/v1/alpaca/getalpacamarketdata [32m200[0m 1028.823 ms - 647[0m
2023-08-28 22:47:17 info: [0mPOST /api/v1/alpaca/getalpacadata [32m200[0m 1025.118 ms - 176[0m
2023-08-28 22:47:18 info: [0mPOST /api/v1/alpaca/getalpacamarketdata [32m200[0m 1034.224 ms - 647[0m
2023-08-28 22:47:20 info: [0mPOST /api/v1/alpaca/getalpacadata [32m200[0m 1024.488 ms - 176[0m
2023-08-28 22:47:21 info: [0mPOST /api/v1/alpaca/getalpacamarketdata [32m200[0m 1047.620 ms - 647[0m
2023-08-28 22:47:22 info: [0mPOST /api/v1/alpaca/getalpacadata [32m200[0m 1024.455 ms - 176[0m
2023-08-28 22:47:23 info: [0mPOST /api/v1/alpaca/getalpacamarketdata [32m200[0m 1027.208 ms - 646[0m
2023-08-28 22:47:25 info: [0mPOST /api/v1/alpaca/getalpacadata [32m200[0m 1038.254 ms - 176[0m
2023-08-28 22:47:26 info: [0mPOST /api/v1/alpaca/getalpacamarketdata [32m200[0m 1048.621 ms - 646[0m
2023-08-28 22:47:27 info: [0mPOST /api/v1/alpaca/getalpacadata [32m200[0m 1032.861 ms - 176[0m
2023-08-28 22:47:28 info: [0mPOST /api/v1/alpaca/getalpacamarketdata [32m200[0m 1056.759 ms - 644[0m
2023-08-28 22:47:29 info: [0mPOST /api/v1/alpaca/getalpacadata [32m200[0m 1034.709 ms - 176[0m
2023-08-28 22:47:31 info: [0mPOST /api/v1/alpaca/getalpacamarketdata [32m200[0m 1051.295 ms - 644[0m
2023-08-28 22:47:32 info: [0mPOST /api/v1/alpaca/getalpacadata [32m200[0m 1023.496 ms - 176[0m
2023-08-28 22:47:33 info: [0mPOST /api/v1/alpaca/getalpacamarketdata [32m200[0m 1055.521 ms - 644[0m
2023-08-28 22:47:34 info: [0mPOST /api/v1/alpaca/getalpacadata [32m200[0m 1025.624 ms - 176[0m
2023-08-28 22:47:35 info: [0mPOST /api/v1/alpaca/getalpacamarketdata [32m200[0m 1038.819 ms - 644[0m
2023-08-28 22:47:36 info: [0mPOST /api/v1/alpaca/getalpacadata [32m200[0m 1026.458 ms - 176[0m
2023-08-28 22:47:37 info: [0mPOST /api/v1/alpaca/getalpacamarketdata [32m200[0m 1039.950 ms - 644[0m
2023-08-28 22:47:39 info: [0mPOST /api/v1/alpaca/getalpacadata [32m200[0m 1048.897 ms - 176[0m
2023-08-28 22:47:40 info: [0mPOST /api/v1/alpaca/getalpacamarketdata [32m200[0m 1063.013 ms - 644[0m
2023-08-28 22:47:41 info: [0mPOST /api/v1/alpaca/getalpacadata [32m200[0m 1026.736 ms - 176[0m
2023-08-28 22:47:42 info: [0mPOST /api/v1/alpaca/getalpacamarketdata [32m200[0m 1050.343 ms - 646[0m
2023-08-28 22:47:43 info: [0mPOST /api/v1/alpaca/getalpacadata [32m200[0m 1037.823 ms - 176[0m
2023-08-28 22:47:44 info: [0mPOST /api/v1/alpaca/getalpacamarketdata [32m200[0m 1029.642 ms - 646[0m
2023-08-28 22:47:46 info: [0mPOST /api/v1/alpaca/getalpacadata [32m200[0m 1026.064 ms - 176[0m
2023-08-28 22:47:47 info: [0mPOST /api/v1/alpaca/getalpacamarketdata [32m200[0m 1029.136 ms - 646[0m
2023-08-28 22:47:48 info: [0mPOST /api/v1/alpaca/getalpacadata [32m200[0m 1026.362 ms - 176[0m
2023-08-28 22:47:49 info: [0mPOST /api/v1/alpaca/getalpacamarketdata [32m200[0m 1031.830 ms - 646[0m
2023-08-28 22:47:50 info: [0mPOST /api/v1/alpaca/getalpacadata [32m200[0m 1024.780 ms - 176[0m
2023-08-28 22:47:51 info: [0mPOST /api/v1/alpaca/getalpacamarketdata [32m200[0m 1042.278 ms - 646[0m
2023-08-28 22:47:53 info: [0mPOST /api/v1/alpaca/getalpacadata [32m200[0m 1026.371 ms - 176[0m
2023-08-28 22:47:54 info: [0mPOST /api/v1/alpaca/getalpacamarketdata [32m200[0m 1030.313 ms - 646[0m
2023-08-28 22:47:55 info: [0mPOST /api/v1/alpaca/getalpacadata [32m200[0m 1030.160 ms - 175[0m
2023-08-28 22:47:56 info: [0mPOST /api/v1/alpaca/getalpacamarketdata [32m200[0m 1027.255 ms - 646[0m
2023-08-28 22:47:57 info: [0mPOST /api/v1/alpaca/getalpacadata [32m200[0m 1039.160 ms - 176[0m
2023-08-28 22:47:58 info: [0mPOST /api/v1/alpaca/getalpacamarketdata [32m200[0m 1040.897 ms - 646[0m
2023-08-28 22:48:00 info: [0mPOST /api/v1/alpaca/getalpacadata [32m200[0m 1025.606 ms - 175[0m
2023-08-28 22:48:01 info: [0mPOST /api/v1/alpaca/getalpacamarketdata [32m200[0m 1032.148 ms - 647[0m
2023-08-28 22:48:02 info: [0mPOST /api/v1/alpaca/getalpacadata [32m200[0m 1025.754 ms - 176[0m
2023-08-28 22:48:03 info: [0mPOST /api/v1/alpaca/getalpacamarketdata [32m200[0m 1033.726 ms - 648[0m
2023-08-28 22:48:04 info: [0mPOST /api/v1/alpaca/getalpacadata [32m200[0m 1018.438 ms - 176[0m
2023-08-28 22:48:05 info: [0mPOST /api/v1/alpaca/getalpacamarketdata [32m200[0m 1027.881 ms - 648[0m
2023-08-28 22:48:07 info: [0mPOST /api/v1/alpaca/getalpacadata [32m200[0m 1030.309 ms - 176[0m
2023-08-28 22:48:08 info: [0mPOST /api/v1/alpaca/getalpacamarketdata [32m200[0m 1038.976 ms - 648[0m
2023-08-28 22:48:09 info: [0mPOST /api/v1/alpaca/getalpacadata [32m200[0m 1051.162 ms - 176[0m
2023-08-28 22:48:10 info: [0mPOST /api/v1/alpaca/getalpacadata [32m200[0m 1049.990 ms - 176[0m
2023-08-28 22:48:10 info: [0mPOST /api/v1/alpaca/getalpacamarketdata [32m200[0m 1040.757 ms - 648[0m
2023-08-28 22:48:11 info: [0mPOST /api/v1/alpaca/getalpacamarketdata [32m200[0m 1033.205 ms - 648[0m
2023-08-28 22:51:18 info: [0mPOST /api/v1/alpaca/getalpacadata [32m200[0m 1042.432 ms - 175[0m
2023-08-28 22:51:18 info: [0mPOST /api/v1/alpaca/getalpacamarketdata [32m200[0m 1041.366 ms - 645[0m
2023-08-28 22:51:59 info: [0mPOST /api/v1/alpaca/getalpacadata [32m200[0m 1057.091 ms - 176[0m
2023-08-28 22:51:59 info: [0mPOST /api/v1/alpaca/getalpacamarketdata [32m200[0m 1033.083 ms - 645[0m
2023-08-28 22:52:00 info: [0mPOST /api/v1/alpaca/getalpacadata [32m200[0m 1134.554 ms - 176[0m
2023-08-28 22:52:01 info: [0mPOST /api/v1/alpaca/getalpacadata [32m200[0m 1119.003 ms - 175[0m
2023-08-28 22:52:01 info: [0mPOST /api/v1/alpaca/getalpacadata [32m200[0m 1229.208 ms - 176[0m
2023-08-28 22:52:01 info: [0mPOST /api/v1/alpaca/getalpacadata [32m200[0m 1373.206 ms - 176[0m
2023-08-28 22:52:01 info: [0mPOST /api/v1/alpaca/getalpacadata [32m200[0m 1360.987 ms - 176[0m
2023-08-28 22:52:02 info: [0mPOST /api/v1/alpaca/getalpacadata [32m200[0m 1264.580 ms - 176[0m
2023-08-28 22:52:02 info: [0mPOST /api/v1/alpaca/getalpacamarketdata [32m200[0m 1129.536 ms - 647[0m
2023-08-28 22:52:02 info: [0mPOST /api/v1/alpaca/getalpacamarketdata [32m200[0m 1158.011 ms - 647[0m
2023-08-28 22:52:02 info: [0mPOST /api/v1/alpaca/getalpacamarketdata [32m200[0m 1029.802 ms - 647[0m
2023-08-28 22:52:02 info: [0mPOST /api/v1/alpaca/getalpacamarketdata [32m200[0m 1030.067 ms - 647[0m
2023-08-28 22:52:03 info: [0mPOST /api/v1/alpaca/getalpacamarketdata [32m200[0m 1041.826 ms - 647[0m
2023-08-28 22:52:03 info: [0mPOST /api/v1/alpaca/getalpacamarketdata [32m200[0m 1040.559 ms - 647[0m
2023-08-28 22:52:03 info: [0mPOST /api/v1/alpaca/getalpacadata [32m200[0m 1063.351 ms - 176[0m
2023-08-28 22:52:03 info: [0mPOST /api/v1/alpaca/getalpacamarketdata [32m200[0m 1031.338 ms - 647[0m
2023-08-28 22:53:46 info: [0mPOST /api/v1/alpaca/getalpacadata [32m200[0m 1032.260 ms - 176[0m
2023-08-28 22:53:46 info: [0mPOST /api/v1/alpaca/getalpacamarketdata [32m200[0m 1071.832 ms - 646[0m
2023-08-28 22:56:07 info: [0mPOST /api/v1/alpaca/getalpacadata [32m200[0m 1064.538 ms - 176[0m
2023-08-28 22:56:07 info: [0mPOST /api/v1/alpaca/getalpacamarketdata [32m200[0m 1036.174 ms - 647[0m
2023-08-28 22:56:38 info: [0mPOST /api/v1/alpaca/getalpacadata [32m200[0m 1191.433 ms - 176[0m
2023-08-28 22:56:38 info: [0mPOST /api/v1/alpaca/getalpacamarketdata [32m200[0m 1188.327 ms - 647[0m
2023-08-28 22:56:39 info: [0mPOST /api/v1/alpaca/getalpacadata [32m200[0m 1037.919 ms - 176[0m
2023-08-28 22:56:39 info: [0mPOST /api/v1/alpaca/getalpacadata [32m200[0m 1064.783 ms - 176[0m
2023-08-28 22:56:40 info: [0mPOST /api/v1/alpaca/getalpacadata [32m200[0m 1279.742 ms - 175[0m
2023-08-28 22:56:40 info: [0mPOST /api/v1/alpaca/getalpacadata [32m200[0m 1191.991 ms - 176[0m
2023-08-28 22:56:40 info: [0mPOST /api/v1/alpaca/getalpacadata [32m200[0m 1368.955 ms - 176[0m
2023-08-28 22:56:40 info: [0mPOST /api/v1/alpaca/getalpacamarketdata [32m200[0m 1097.404 ms - 647[0m
2023-08-28 22:56:40 info: [0mPOST /api/v1/alpaca/getalpacadata [32m200[0m 1163.281 ms - 176[0m
2023-08-28 22:56:41 info: [0mPOST /api/v1/alpaca/getalpacamarketdata [32m200[0m 1036.749 ms - 647[0m
2023-08-28 22:56:41 info: [0mPOST /api/v1/alpaca/getalpacamarketdata [32m200[0m 1040.871 ms - 647[0m
2023-08-28 22:56:41 info: [0mPOST /api/v1/alpaca/getalpacamarketdata [32m200[0m 1047.983 ms - 647[0m
2023-08-28 22:56:41 info: [0mPOST /api/v1/alpaca/getalpacamarketdata [32m200[0m 1040.438 ms - 647[0m
2023-08-28 22:56:42 info: [0mPOST /api/v1/alpaca/getalpacamarketdata [32m200[0m 1044.553 ms - 647[0m
