2023-08-22 12:27:08 info: 🚀 App listening on the port 8000. Current Env development.
2023-08-22 12:30:30 info: [0mPOST /api/v1/auth/logIn [32m200[0m 1650.760 ms - -[0m
2023-08-22 12:30:30 info: [0mGET /api/v1/auth/getKey [32m201[0m 211.959 ms - 436[0m
2023-08-22 12:30:31 info: [0mPOST /api/v1/alpaca/getalpacadata [32m200[0m 1131.965 ms - 436[0m
2023-08-22 12:30:35 info: [0mGET /api/v1/auth/getTrendingdata [32m201[0m 806.359 ms - 51[0m
2023-08-22 12:30:36 info: [0mGET /api/v1/alpaca/getexchangeData [32m200[0m 1789.171 ms - -[0m
2023-08-22 12:30:36 info: [0mPOST /api/v1/alpaca/getalpacadata [32m200[0m 1015.428 ms - -[0m
2023-08-22 12:30:36 info: [0mPOST /api/v1/alpaca/getalpacadata [32m200[0m 997.663 ms - 498[0m
2023-08-22 12:30:37 info: [0mPOST /api/v1/alpaca/getalpacadata [32m200[0m 988.490 ms - 31[0m
2023-08-22 12:30:37 info: [0mPOST /api/v1/alpaca/getalpacadata [32m200[0m 991.349 ms - 237[0m
2023-08-22 12:30:37 info: [0mPOST /api/v1/alpaca/getalpacadata [32m200[0m 992.616 ms - 31[0m
2023-08-22 12:30:37 info: [0mPOST /api/v1/alpaca/getalpacadata [32m200[0m 974.431 ms - -[0m
2023-08-22 12:30:38 info: [0mGET /api/v1/alpaca/getNews [32m200[0m 3379.223 ms - -[0m
2023-08-22 12:30:38 info: [0mPUT /api/v1/auth/updatealpaca [32m200[0m 642.604 ms - 373[0m
2023-08-22 12:30:38 info: [0mPOST /api/v1/alpaca/getalpacadata [32m200[0m 973.957 ms - -[0m
2023-08-22 12:30:41 info: [0mPOST /api/v1/alpaca/getalpacamarketdata [32m200[0m 980.129 ms - 653[0m
2023-08-22 12:30:41 info: [0mPOST /api/v1/alpaca/getalpacamarketdata [32m200[0m 994.242 ms - 647[0m
2023-08-22 12:30:41 info: [0mPOST /api/v1/alpaca/getalpacamarketdata [32m200[0m 1006.149 ms - 632[0m
2023-08-22 12:30:41 info: [0mPOST /api/v1/alpaca/getalpacamarketdata [32m200[0m 1156.474 ms - 614[0m
2023-08-22 12:30:41 info: [0mPOST /api/v1/alpaca/getalpacamarketdata [32m200[0m 1115.982 ms - 621[0m
2023-08-22 12:30:46 info: [0mPOST /api/v1/alpaca/getalpacadata [32m200[0m 3169.755 ms - -[0m
2023-08-22 12:30:57 info: [0mPOST /api/v1/alpaca/getalpacadata [32m200[0m 984.691 ms - 177[0m
2023-08-22 12:30:58 info: [0mPOST /api/v1/alpaca/getalpacamarketdata [32m200[0m 984.422 ms - 652[0m
2023-08-22 12:30:58 info: [0mPOST /api/v1/alpaca/getalpacadata [32m200[0m 974.964 ms - 176[0m
2023-08-22 12:30:59 info: [0mPOST /api/v1/alpaca/getalpacamarketdata [32m200[0m 971.631 ms - 652[0m
2023-08-22 12:31:19 info: [0mPOST /api/v1/alpaca/getalpacamarketdata [32m200[0m 994.604 ms - 652[0m
2023-08-22 12:31:38 info: [0mPOST /api/v1/alpaca/getalpacamarketdata [32m200[0m 986.937 ms - 652[0m
2023-08-22 12:31:58 info: [0mPOST /api/v1/alpaca/getalpacamarketdata [32m200[0m 996.119 ms - 652[0m
2023-08-22 12:32:18 info: [0mPOST /api/v1/alpaca/getalpacamarketdata [32m200[0m 989.331 ms - 652[0m
2023-08-22 12:32:39 info: [0mPOST /api/v1/alpaca/getalpacamarketdata [32m200[0m 992.526 ms - 652[0m
2023-08-22 12:32:59 info: [0mPOST /api/v1/alpaca/getalpacamarketdata [32m200[0m 974.899 ms - 652[0m
2023-08-22 12:33:19 info: [0mPOST /api/v1/alpaca/getalpacamarketdata [32m200[0m 987.184 ms - 652[0m
2023-08-22 12:33:39 info: [0mPOST /api/v1/alpaca/getalpacamarketdata [32m200[0m 1009.453 ms - 652[0m
2023-08-22 12:33:59 info: [0mPOST /api/v1/alpaca/getalpacamarketdata [32m200[0m 995.610 ms - 652[0m
2023-08-22 12:34:19 info: [0mPOST /api/v1/alpaca/getalpacamarketdata [32m200[0m 1001.731 ms - 652[0m
2023-08-22 12:34:39 info: [0mPOST /api/v1/alpaca/getalpacamarketdata [32m200[0m 997.768 ms - 652[0m
2023-08-22 12:34:59 info: [0mPOST /api/v1/alpaca/getalpacamarketdata [32m200[0m 978.787 ms - 652[0m
2023-08-22 12:35:19 info: [0mPOST /api/v1/alpaca/getalpacamarketdata [32m200[0m 993.926 ms - 652[0m
2023-08-22 12:35:39 info: [0mPOST /api/v1/alpaca/getalpacamarketdata [32m200[0m 1006.769 ms - 652[0m
2023-08-22 12:36:00 info: [0mPOST /api/v1/alpaca/getalpacamarketdata [32m200[0m 1898.540 ms - 652[0m
2023-08-22 12:36:19 info: [0mPOST /api/v1/alpaca/getalpacamarketdata [32m200[0m 998.562 ms - 652[0m
2023-08-22 12:36:39 info: [0mPOST /api/v1/alpaca/getalpacamarketdata [32m200[0m 986.590 ms - 652[0m
2023-08-22 12:36:59 info: [0mPOST /api/v1/alpaca/getalpacamarketdata [32m200[0m 975.724 ms - 652[0m
2023-08-22 12:37:19 info: [0mPOST /api/v1/alpaca/getalpacamarketdata [32m200[0m 991.905 ms - 652[0m
2023-08-22 12:37:39 info: [0mPOST /api/v1/alpaca/getalpacamarketdata [32m200[0m 991.572 ms - 652[0m
2023-08-22 12:37:59 info: [0mPOST /api/v1/alpaca/getalpacamarketdata [32m200[0m 992.419 ms - 652[0m
2023-08-22 12:38:19 info: [0mPOST /api/v1/alpaca/getalpacamarketdata [32m200[0m 1004.450 ms - 652[0m
2023-08-22 12:38:39 info: [0mPOST /api/v1/alpaca/getalpacamarketdata [32m200[0m 992.098 ms - 652[0m
2023-08-22 12:38:59 info: [0mPOST /api/v1/alpaca/getalpacamarketdata [32m200[0m 995.948 ms - 652[0m
2023-08-22 12:39:19 info: [0mPOST /api/v1/alpaca/getalpacamarketdata [32m200[0m 978.513 ms - 652[0m
2023-08-22 12:39:39 info: [0mPOST /api/v1/alpaca/getalpacamarketdata [32m200[0m 991.920 ms - 652[0m
2023-08-22 12:39:59 info: [0mPOST /api/v1/alpaca/getalpacamarketdata [32m200[0m 986.618 ms - 652[0m
2023-08-22 12:40:19 info: [0mPOST /api/v1/alpaca/getalpacamarketdata [32m200[0m 976.118 ms - 652[0m
2023-08-22 12:40:39 info: [0mPOST /api/v1/alpaca/getalpacamarketdata [32m200[0m 1014.355 ms - 652[0m
2023-08-22 12:40:59 info: [0mPOST /api/v1/alpaca/getalpacamarketdata [32m200[0m 1278.481 ms - 652[0m
2023-08-22 12:41:19 info: [0mPOST /api/v1/alpaca/getalpacamarketdata [32m200[0m 1005.194 ms - 652[0m
2023-08-22 12:41:39 info: [0mPOST /api/v1/alpaca/getalpacamarketdata [32m200[0m 999.653 ms - 652[0m
2023-08-22 12:41:59 info: [0mPOST /api/v1/alpaca/getalpacamarketdata [32m200[0m 971.862 ms - 652[0m
2023-08-22 12:42:19 info: [0mPOST /api/v1/alpaca/getalpacamarketdata [32m200[0m 982.326 ms - 652[0m
2023-08-22 12:42:39 info: [0mPOST /api/v1/alpaca/getalpacamarketdata [32m200[0m 984.049 ms - 652[0m
2023-08-22 12:42:59 info: [0mPOST /api/v1/alpaca/getalpacamarketdata [32m200[0m 997.161 ms - 652[0m
2023-08-22 12:43:19 info: [0mPOST /api/v1/alpaca/getalpacamarketdata [32m200[0m 990.894 ms - 652[0m
2023-08-22 12:43:39 info: [0mPOST /api/v1/alpaca/getalpacamarketdata [32m200[0m 992.830 ms - 652[0m
2023-08-22 12:43:59 info: [0mPOST /api/v1/alpaca/getalpacamarketdata [32m200[0m 1009.815 ms - 652[0m
2023-08-22 12:44:19 info: [0mPOST /api/v1/alpaca/getalpacamarketdata [32m200[0m 988.739 ms - 652[0m
2023-08-22 12:44:39 info: [0mPOST /api/v1/alpaca/getalpacamarketdata [32m200[0m 984.660 ms - 652[0m
2023-08-22 12:44:59 info: [0mPOST /api/v1/alpaca/getalpacamarketdata [32m200[0m 1065.344 ms - 652[0m
2023-08-22 12:45:19 info: [0mPOST /api/v1/alpaca/getalpacamarketdata [32m200[0m 991.334 ms - 652[0m
2023-08-22 12:45:39 info: [0mPOST /api/v1/alpaca/getalpacamarketdata [32m200[0m 977.215 ms - 652[0m
2023-08-22 12:45:59 info: [0mPOST /api/v1/alpaca/getalpacamarketdata [32m200[0m 1172.377 ms - 652[0m
2023-08-22 12:46:19 info: [0mPOST /api/v1/alpaca/getalpacamarketdata [32m200[0m 964.815 ms - 652[0m
2023-08-22 12:46:39 info: [0mPOST /api/v1/alpaca/getalpacamarketdata [32m200[0m 968.293 ms - 652[0m
2023-08-22 12:46:59 info: [0mPOST /api/v1/alpaca/getalpacamarketdata [32m200[0m 996.823 ms - 652[0m
2023-08-22 12:47:19 info: [0mPOST /api/v1/alpaca/getalpacamarketdata [32m200[0m 979.110 ms - 652[0m
2023-08-22 12:47:39 info: [0mPOST /api/v1/alpaca/getalpacamarketdata [32m200[0m 1017.952 ms - 652[0m
2023-08-22 12:47:59 info: [0mPOST /api/v1/alpaca/getalpacamarketdata [32m200[0m 975.848 ms - 652[0m
2023-08-22 12:48:19 info: [0mPOST /api/v1/alpaca/getalpacamarketdata [32m200[0m 989.485 ms - 652[0m
2023-08-22 12:48:39 info: [0mPOST /api/v1/alpaca/getalpacamarketdata [32m200[0m 1002.749 ms - 652[0m
2023-08-22 12:48:59 info: [0mPOST /api/v1/alpaca/getalpacamarketdata [32m200[0m 998.107 ms - 652[0m
2023-08-22 12:49:19 info: [0mPOST /api/v1/alpaca/getalpacamarketdata [32m200[0m 1003.846 ms - 652[0m
2023-08-22 18:02:55 info: [0mPOST /api/v1/auth/logIn [32m200[0m 496.535 ms - -[0m
2023-08-22 18:02:56 info: [0mGET /api/v1/auth/getKey [32m201[0m 207.779 ms - 436[0m
2023-08-22 18:02:57 info: [0mPOST /api/v1/alpaca/getalpacadata [32m200[0m 1241.294 ms - 436[0m
2023-08-22 18:03:01 info: [0mGET /api/v1/auth/getTrendingdata [32m201[0m 600.735 ms - 51[0m
2023-08-22 18:03:02 info: [0mPOST /api/v1/alpaca/getalpacadata [32m200[0m 993.521 ms - 498[0m
2023-08-22 18:03:02 info: [0mPOST /api/v1/alpaca/getalpacadata [32m200[0m 1031.191 ms - -[0m
2023-08-22 18:03:02 info: [0mGET /api/v1/alpaca/getexchangeData [32m200[0m 1802.343 ms - -[0m
2023-08-22 18:03:03 info: [0mPOST /api/v1/alpaca/getalpacadata [32m200[0m 1258.257 ms - 31[0m
2023-08-22 18:03:03 info: [0mGET /api/v1/alpaca/getNews [32m200[0m 2370.766 ms - -[0m
2023-08-22 18:03:03 info: [0mPOST /api/v1/alpaca/getalpacadata [32m200[0m 964.806 ms - 237[0m
2023-08-22 18:03:03 info: [0mPOST /api/v1/alpaca/getalpacadata [32m200[0m 984.494 ms - 31[0m
2023-08-22 18:03:03 info: [0mPOST /api/v1/alpaca/getalpacadata [32m200[0m 985.561 ms - -[0m
2023-08-22 18:03:05 info: [0mPUT /api/v1/auth/updatealpaca [32m200[0m 643.962 ms - 373[0m
2023-08-22 18:03:05 info: [0mPOST /api/v1/alpaca/getalpacadata [32m200[0m 979.351 ms - -[0m
2023-08-22 18:03:08 info: [0mPOST /api/v1/alpaca/getalpacamarketdata [32m200[0m 1866.405 ms - 652[0m
2023-08-22 18:03:08 info: [0mPOST /api/v1/alpaca/getalpacamarketdata [32m200[0m 1890.074 ms - 636[0m
2023-08-22 18:03:08 info: [0mPOST /api/v1/alpaca/getalpacamarketdata [32m200[0m 1867.385 ms - 621[0m
2023-08-22 18:03:08 info: [0mPOST /api/v1/alpaca/getalpacamarketdata [32m200[0m 1877.200 ms - 619[0m
2023-08-22 18:03:08 info: [0mPOST /api/v1/alpaca/getalpacamarketdata [32m200[0m 1934.007 ms - 645[0m
2023-08-22 18:03:12 info: [0mPOST /api/v1/alpaca/getalpacadata [32m200[0m 3356.609 ms - -[0m
2023-08-22 18:03:20 info: [0mPOST /api/v1/alpaca/getalpacadata [32m200[0m 996.669 ms - 177[0m
2023-08-22 18:03:20 info: [0mPOST /api/v1/alpaca/getalpacamarketdata [32m200[0m 978.953 ms - 654[0m
2023-08-22 18:03:21 info: [0mPOST /api/v1/alpaca/getalpacadata [32m200[0m 990.595 ms - 177[0m
2023-08-22 18:03:21 info: [0mPOST /api/v1/alpaca/getalpacamarketdata [32m200[0m 973.551 ms - 654[0m
2023-08-22 18:03:42 info: [0mPOST /api/v1/alpaca/getalpacamarketdata [32m200[0m 988.250 ms - 654[0m
2023-08-22 18:04:01 info: [0mPOST /api/v1/alpaca/getalpacamarketdata [32m200[0m 989.203 ms - 654[0m
2023-08-22 18:04:05 info: [0mPOST /api/v1/alpaca/getalpacadata [32m200[0m 975.304 ms - 177[0m
2023-08-22 18:04:22 info: [0mPOST /api/v1/alpaca/getalpacamarketdata [32m200[0m 1003.385 ms - 654[0m
2023-08-22 18:04:42 info: [0mPOST /api/v1/alpaca/getalpacamarketdata [32m200[0m 987.198 ms - 654[0m
2023-08-22 18:04:45 info: [0mPOST /api/v1/alpaca/getalpacadata [32m200[0m 972.438 ms - 177[0m
2023-08-22 18:05:05 info: [0mPOST /api/v1/alpaca/getalpacamarketdata [32m200[0m 995.683 ms - 654[0m
2023-08-22 18:05:06 info: [0mPOST /api/v1/alpaca/getalpacadata [32m200[0m 971.901 ms - 177[0m
2023-08-22 18:05:27 info: [0mPOST /api/v1/alpaca/getalpacamarketdata [32m200[0m 973.751 ms - 654[0m
2023-08-22 18:05:30 info: [0mPOST /api/v1/alpaca/getalpacadata [32m200[0m 983.428 ms - 177[0m
2023-08-22 18:05:33 info: [0mPOST /api/v1/alpaca/getalpacadata [32m200[0m 976.207 ms - 177[0m
2023-08-22 18:05:51 info: [0mPOST /api/v1/alpaca/getalpacadata [32m200[0m 972.018 ms - 177[0m
2023-08-22 18:06:00 info: [0mPOST /api/v1/alpaca/getalpacadata [32m200[0m 1033.079 ms - 177[0m
2023-08-22 18:06:01 info: [0mPOST /api/v1/alpaca/getalpacadata [32m200[0m 985.268 ms - 177[0m
2023-08-22 18:06:22 info: [0mPOST /api/v1/alpaca/getalpacamarketdata [32m200[0m 967.648 ms - 654[0m
2023-08-22 18:06:26 info: [0mPOST /api/v1/alpaca/getalpacadata [32m200[0m 986.244 ms - 177[0m
2023-08-22 18:06:46 info: [0mPOST /api/v1/alpaca/getalpacadata [32m200[0m 979.002 ms - 177[0m
2023-08-22 18:07:00 info: [0mPOST /api/v1/alpaca/getalpacadata [32m200[0m 985.411 ms - 176[0m
2023-08-22 18:07:21 info: [0mPOST /api/v1/alpaca/getalpacamarketdata [32m200[0m 1271.302 ms - 654[0m
2023-08-22 18:07:40 info: [0mPOST /api/v1/alpaca/getalpacamarketdata [32m200[0m 1043.636 ms - 654[0m
2023-08-22 18:08:00 info: [0mPOST /api/v1/alpaca/getalpacamarketdata [32m200[0m 974.312 ms - 654[0m
2023-08-22 18:08:21 info: [0mPOST /api/v1/alpaca/getalpacamarketdata [32m200[0m 2012.686 ms - 654[0m
2023-08-22 18:08:40 info: [0mPOST /api/v1/alpaca/getalpacamarketdata [32m200[0m 1023.526 ms - 654[0m
2023-08-22 18:09:00 info: [0mPOST /api/v1/alpaca/getalpacamarketdata [32m200[0m 976.262 ms - 654[0m
2023-08-22 18:09:20 info: [0mPOST /api/v1/alpaca/getalpacamarketdata [32m200[0m 1023.206 ms - 654[0m
2023-08-22 18:09:40 info: [0mPOST /api/v1/alpaca/getalpacamarketdata [32m200[0m 973.748 ms - 654[0m
2023-08-22 18:10:00 info: [0mPOST /api/v1/alpaca/getalpacamarketdata [32m200[0m 981.901 ms - 654[0m
2023-08-22 18:10:20 info: [0mPOST /api/v1/alpaca/getalpacamarketdata [32m200[0m 982.462 ms - 654[0m
2023-08-22 18:10:40 info: [0mPOST /api/v1/alpaca/getalpacamarketdata [32m200[0m 988.310 ms - 654[0m
2023-08-22 18:11:00 info: [0mPOST /api/v1/alpaca/getalpacamarketdata [32m200[0m 985.298 ms - 654[0m
2023-08-22 18:11:20 info: [0mPOST /api/v1/alpaca/getalpacamarketdata [32m200[0m 1023.346 ms - 654[0m
2023-08-22 18:11:40 info: [0mPOST /api/v1/alpaca/getalpacamarketdata [32m200[0m 984.638 ms - 654[0m
2023-08-22 18:12:00 info: [0mPOST /api/v1/alpaca/getalpacamarketdata [32m200[0m 1001.927 ms - 654[0m
2023-08-22 18:12:04 info: [0mPOST /api/v1/alpaca/getalpacadata [32m200[0m 993.786 ms - 177[0m
2023-08-22 18:12:25 info: [0mPOST /api/v1/alpaca/getalpacamarketdata [32m200[0m 987.865 ms - 654[0m
2023-08-22 18:12:44 info: [0mPOST /api/v1/alpaca/getalpacamarketdata [32m200[0m 1020.354 ms - 654[0m
2023-08-22 18:13:04 info: [0mPOST /api/v1/alpaca/getalpacamarketdata [32m200[0m 985.644 ms - 654[0m
2023-08-22 18:13:24 info: [0mPOST /api/v1/alpaca/getalpacamarketdata [32m200[0m 1134.220 ms - 654[0m
2023-08-22 18:13:39 info: [0mPOST /api/v1/alpaca/getalpacadata [32m200[0m 991.259 ms - 177[0m
2023-08-22 18:14:00 info: [0mPOST /api/v1/alpaca/getalpacamarketdata [32m200[0m 1000.669 ms - 654[0m
2023-08-22 18:14:05 info: [0mPOST /api/v1/alpaca/getalpacadata [32m200[0m 977.302 ms - 177[0m
2023-08-22 18:14:25 info: [0mPOST /api/v1/alpaca/getalpacamarketdata [32m200[0m 979.486 ms - 654[0m
2023-08-22 18:14:45 info: [0mPOST /api/v1/alpaca/getalpacamarketdata [32m200[0m 993.378 ms - 654[0m
2023-08-22 18:14:52 info: [0mPOST /api/v1/alpaca/getalpacadata [32m200[0m 986.825 ms - 177[0m
2023-08-22 18:15:14 info: [0mPOST /api/v1/alpaca/getalpacamarketdata [32m200[0m 989.960 ms - 654[0m
2023-08-22 18:15:32 info: [0mPOST /api/v1/alpaca/getalpacamarketdata [32m200[0m 982.370 ms - 654[0m
2023-08-22 18:15:53 info: [0mPOST /api/v1/alpaca/getalpacamarketdata [32m200[0m 988.888 ms - 654[0m
2023-08-22 18:16:12 info: [0mPOST /api/v1/alpaca/getalpacamarketdata [32m200[0m 981.991 ms - 654[0m
2023-08-22 18:16:33 info: [0mPOST /api/v1/alpaca/getalpacamarketdata [32m200[0m 997.610 ms - 654[0m
2023-08-22 18:16:52 info: [0mPOST /api/v1/alpaca/getalpacamarketdata [32m200[0m 995.821 ms - 654[0m
2023-08-22 18:17:12 info: [0mPOST /api/v1/alpaca/getalpacamarketdata [32m200[0m 983.434 ms - 654[0m
2023-08-22 18:17:32 info: [0mPOST /api/v1/alpaca/getalpacamarketdata [32m200[0m 997.143 ms - 654[0m
2023-08-22 18:17:53 info: [0mPOST /api/v1/alpaca/getalpacamarketdata [32m200[0m 992.752 ms - 654[0m
2023-08-22 18:18:12 info: [0mPOST /api/v1/alpaca/getalpacamarketdata [32m200[0m 986.512 ms - 654[0m
2023-08-22 18:18:34 info: [0mPOST /api/v1/alpaca/getalpacamarketdata [32m200[0m 2181.432 ms - 654[0m
2023-08-22 18:18:53 info: [0mPOST /api/v1/alpaca/getalpacamarketdata [32m200[0m 991.588 ms - 654[0m
2023-08-22 18:19:13 info: [0mPOST /api/v1/alpaca/getalpacamarketdata [32m200[0m 993.275 ms - 654[0m
2023-08-22 18:19:33 info: [0mPOST /api/v1/alpaca/getalpacamarketdata [32m200[0m 995.160 ms - 654[0m
2023-08-22 18:19:53 info: [0mPOST /api/v1/alpaca/getalpacamarketdata [32m200[0m 1006.114 ms - 654[0m
2023-08-22 18:20:13 info: [0mPOST /api/v1/alpaca/getalpacamarketdata [32m200[0m 987.945 ms - 654[0m
2023-08-22 18:20:32 info: [0mPOST /api/v1/alpaca/getalpacamarketdata [32m200[0m 985.068 ms - 654[0m
2023-08-22 18:20:53 info: [0mPOST /api/v1/alpaca/getalpacamarketdata [32m200[0m 1002.768 ms - 654[0m
