2023-08-29 09:22:30 info: 🚀 App listening on the port 8000. Current Env development.
2023-08-29 16:14:55 info: [0mPOST /api/v1/auth/logIn [32m200[0m 3094.312 ms - -[0m
2023-08-29 16:14:55 info: [0mGET /api/v1/auth/getKey [32m201[0m 434.387 ms - 436[0m
2023-08-29 16:14:58 info: [0mPOST /api/v1/alpaca/getalpacadata [32m200[0m 2746.716 ms - 436[0m
2023-08-29 16:15:03 info: [0mGET /api/v1/auth/getTrendingdata [32m201[0m 1741.850 ms - 51[0m
2023-08-29 16:15:04 info: [0mPOST /api/v1/alpaca/getalpacadata [32m200[0m 1996.579 ms - -[0m
2023-08-29 16:15:04 info: [0mPOST /api/v1/alpaca/getalpacadata [32m200[0m 2287.340 ms - 498[0m
2023-08-29 16:15:04 info: [0mGET /api/v1/alpaca/getexchangeData [32m200[0m 3360.634 ms - -[0m
2023-08-29 16:15:04 info: [0mPOST /api/v1/alpaca/getalpacadata [32m200[0m 1559.354 ms - 31[0m
2023-08-29 16:15:05 info: [0mGET /api/v1/alpaca/getNews [32m200[0m 3783.742 ms - -[0m
2023-08-29 16:15:05 info: [0mPOST /api/v1/alpaca/getalpacadata [32m200[0m 1478.599 ms - 237[0m
2023-08-29 16:15:06 info: [0mPOST /api/v1/alpaca/getalpacadata [32m200[0m 1509.082 ms - 31[0m
2023-08-29 16:15:06 info: [0mPOST /api/v1/alpaca/getalpacadata [32m200[0m 1950.260 ms - -[0m
2023-08-29 16:15:08 info: [0mPUT /api/v1/auth/updatealpaca [32m200[0m 1079.085 ms - 373[0m
2023-08-29 16:15:08 info: [0mPOST /api/v1/alpaca/getalpacadata [32m200[0m 1584.001 ms - -[0m
2023-08-29 16:15:11 info: [0mPOST /api/v1/alpaca/getalpacamarketdata [32m200[0m 1995.601 ms - 617[0m
2023-08-29 16:15:11 info: [0mPOST /api/v1/alpaca/getalpacamarketdata [32m200[0m 2078.256 ms - 655[0m
2023-08-29 16:15:11 info: [0mPOST /api/v1/alpaca/getalpacamarketdata [32m200[0m 2116.638 ms - 626[0m
2023-08-29 16:15:11 info: [0mPOST /api/v1/alpaca/getalpacamarketdata [32m200[0m 2129.224 ms - 631[0m
2023-08-29 16:15:11 info: [0mPOST /api/v1/alpaca/getalpacamarketdata [32m200[0m 2350.676 ms - 634[0m
2023-08-29 16:15:31 info: [0mPOST /api/v1/alpaca/getalpacadata [32m200[0m 14490.783 ms - -[0m
2023-08-29 16:15:46 info: [0mPOST /api/v1/alpaca/getalpacadata [32m200[0m 1799.132 ms - 177[0m
2023-08-29 16:15:46 info: [0mPOST /api/v1/alpaca/getalpacamarketdata [32m200[0m 1659.218 ms - 648[0m
2023-08-29 16:15:48 info: [0mPOST /api/v1/alpaca/getalpacadata [32m200[0m 1427.299 ms - 177[0m
2023-08-29 16:15:50 info: [0mPOST /api/v1/alpaca/getalpacamarketdata [32m200[0m 1931.076 ms - 648[0m
2023-08-29 16:16:08 info: [0mPOST /api/v1/alpaca/getalpacamarketdata [32m200[0m 1810.943 ms - 648[0m
2023-08-29 16:16:28 info: [0mPOST /api/v1/alpaca/getalpacamarketdata [32m200[0m 2238.556 ms - 648[0m
2023-08-29 16:16:48 info: [0mPOST /api/v1/alpaca/getalpacamarketdata [32m200[0m 1861.331 ms - 648[0m
2023-08-29 16:17:08 info: [0mPOST /api/v1/alpaca/getalpacamarketdata [32m200[0m 1551.923 ms - 648[0m
2023-08-29 16:17:28 info: [0mPOST /api/v1/alpaca/getalpacamarketdata [32m200[0m 2145.484 ms - 648[0m
2023-08-29 16:17:48 info: [0mPOST /api/v1/alpaca/getalpacamarketdata [32m200[0m 1582.065 ms - 648[0m
2023-08-29 16:18:08 info: [0mPOST /api/v1/alpaca/getalpacamarketdata [32m200[0m 1539.443 ms - 648[0m
2023-08-29 16:18:30 info: [0mPOST /api/v1/alpaca/getalpacamarketdata [32m200[0m 4255.195 ms - 648[0m
2023-08-29 16:18:50 info: [0mPOST /api/v1/alpaca/getalpacamarketdata [32m200[0m 4284.353 ms - 648[0m
2023-08-29 16:19:08 info: [0mPOST /api/v1/alpaca/getalpacamarketdata [32m200[0m 1675.768 ms - 648[0m
2023-08-29 16:19:29 info: [0mPOST /api/v1/alpaca/getalpacamarketdata [32m200[0m 2552.371 ms - 648[0m
2023-08-29 16:19:48 info: [0mPOST /api/v1/alpaca/getalpacamarketdata [32m200[0m 1458.727 ms - 648[0m
2023-08-29 16:20:12 info: [0mPOST /api/v1/alpaca/getalpacamarketdata [32m200[0m 6238.483 ms - 648[0m
2023-08-29 16:20:27 info: [0mPOST /api/v1/alpaca/getalpacamarketdata [32m200[0m 1385.631 ms - 648[0m
2023-08-29 16:20:48 info: [0mPOST /api/v1/alpaca/getalpacamarketdata [32m200[0m 1715.484 ms - 648[0m
2023-08-29 16:21:08 info: [0mPOST /api/v1/alpaca/getalpacamarketdata [32m200[0m 1653.738 ms - 648[0m
2023-08-29 16:21:28 info: [0mPOST /api/v1/alpaca/getalpacamarketdata [32m200[0m 2080.224 ms - 648[0m
2023-08-29 16:21:48 info: [0mPOST /api/v1/alpaca/getalpacamarketdata [32m200[0m 1931.357 ms - 648[0m
2023-08-29 16:22:08 info: [0mPOST /api/v1/alpaca/getalpacamarketdata [32m200[0m 1465.702 ms - 648[0m
2023-08-29 16:22:28 info: [0mPOST /api/v1/alpaca/getalpacamarketdata [32m200[0m 1696.313 ms - 648[0m
2023-08-29 16:22:48 info: [0mPOST /api/v1/alpaca/getalpacamarketdata [32m200[0m 1691.779 ms - 648[0m
2023-08-29 16:23:08 info: [0mPOST /api/v1/alpaca/getalpacamarketdata [32m200[0m 1773.216 ms - 648[0m
2023-08-29 16:23:28 info: [0mPOST /api/v1/alpaca/getalpacamarketdata [32m200[0m 1921.814 ms - 648[0m
2023-08-29 16:23:48 info: [0mPOST /api/v1/alpaca/getalpacamarketdata [32m200[0m 1596.591 ms - 648[0m
2023-08-29 16:24:08 info: [0mPOST /api/v1/alpaca/getalpacamarketdata [32m200[0m 1659.387 ms - 648[0m
2023-08-29 16:24:28 info: [0mPOST /api/v1/alpaca/getalpacamarketdata [32m200[0m 2117.873 ms - 648[0m
2023-08-29 16:24:48 info: [0mPOST /api/v1/alpaca/getalpacamarketdata [32m200[0m 1749.021 ms - 648[0m
2023-08-29 16:25:08 info: [0mPOST /api/v1/alpaca/getalpacamarketdata [32m200[0m 1747.838 ms - 648[0m
2023-08-29 16:25:28 info: [0mPOST /api/v1/alpaca/getalpacamarketdata [32m200[0m 1538.043 ms - 648[0m
2023-08-29 16:25:48 info: [0mPOST /api/v1/alpaca/getalpacamarketdata [32m200[0m 1609.810 ms - 648[0m
2023-08-29 16:26:08 info: [0mPOST /api/v1/alpaca/getalpacamarketdata [32m200[0m 1735.699 ms - 648[0m
2023-08-29 16:26:28 info: [0mPOST /api/v1/alpaca/getalpacamarketdata [32m200[0m 1814.087 ms - 648[0m
2023-08-29 16:26:48 info: [0mPOST /api/v1/alpaca/getalpacamarketdata [32m200[0m 2016.647 ms - 648[0m
2023-08-29 16:27:08 info: [0mPOST /api/v1/alpaca/getalpacamarketdata [32m200[0m 1785.016 ms - 648[0m
2023-08-29 16:27:28 info: [0mPOST /api/v1/alpaca/getalpacamarketdata [32m200[0m 1919.840 ms - 648[0m
2023-08-29 16:27:48 info: [0mPOST /api/v1/alpaca/getalpacamarketdata [32m200[0m 1522.273 ms - 648[0m
2023-08-29 16:28:08 info: [0mPOST /api/v1/alpaca/getalpacamarketdata [32m200[0m 1744.661 ms - 648[0m
2023-08-29 16:28:28 info: [0mPOST /api/v1/alpaca/getalpacamarketdata [32m200[0m 1754.224 ms - 648[0m
2023-08-29 16:28:48 info: [0mPOST /api/v1/alpaca/getalpacamarketdata [32m200[0m 1958.341 ms - 648[0m
2023-08-29 16:29:08 info: [0mPOST /api/v1/alpaca/getalpacamarketdata [32m200[0m 1708.349 ms - 648[0m
2023-08-29 16:29:28 info: [0mPOST /api/v1/alpaca/getalpacamarketdata [32m200[0m 2255.487 ms - 648[0m
2023-08-29 16:29:48 info: [0mPOST /api/v1/alpaca/getalpacamarketdata [32m200[0m 1692.592 ms - 648[0m
2023-08-29 16:30:08 info: [0mPOST /api/v1/alpaca/getalpacamarketdata [32m200[0m 1791.652 ms - 648[0m
2023-08-29 16:30:28 info: [0mPOST /api/v1/alpaca/getalpacamarketdata [32m200[0m 2038.765 ms - 648[0m
2023-08-29 16:30:48 info: [0mPOST /api/v1/alpaca/getalpacamarketdata [32m200[0m 1879.862 ms - 648[0m
2023-08-29 16:31:09 info: [0mPOST /api/v1/alpaca/getalpacamarketdata [32m200[0m 2428.939 ms - 648[0m
2023-08-29 16:31:29 info: [0mPOST /api/v1/alpaca/getalpacamarketdata [32m200[0m 2536.246 ms - 648[0m
2023-08-29 16:31:49 info: [0mPOST /api/v1/alpaca/getalpacamarketdata [32m200[0m 2754.264 ms - 648[0m
2023-08-29 16:32:08 info: [0mPOST /api/v1/alpaca/getalpacamarketdata [32m200[0m 1593.325 ms - 648[0m
2023-08-29 16:32:28 info: [0mPOST /api/v1/alpaca/getalpacamarketdata [32m200[0m 1841.093 ms - 648[0m
2023-08-29 16:32:48 info: [0mPOST /api/v1/alpaca/getalpacamarketdata [32m200[0m 1628.653 ms - 648[0m
2023-08-29 16:33:08 info: [0mPOST /api/v1/alpaca/getalpacamarketdata [32m200[0m 2068.519 ms - 648[0m
2023-08-29 16:33:28 info: [0mPOST /api/v1/alpaca/getalpacamarketdata [32m200[0m 2098.543 ms - 648[0m
2023-08-29 16:33:48 info: [0mPOST /api/v1/alpaca/getalpacamarketdata [32m200[0m 2045.234 ms - 648[0m
2023-08-29 16:34:08 info: [0mPOST /api/v1/alpaca/getalpacamarketdata [32m200[0m 2310.326 ms - 648[0m
