2023-08-21 18:17:13 info: 🚀 App listening on the port 8000. Current Env development.
2023-08-21 18:19:53 info: [0mPOST /api/v1/auth/logIn [32m200[0m 1567.913 ms - -[0m
2023-08-21 18:19:53 info: [0mGET /api/v1/auth/getKey [32m201[0m 207.361 ms - 436[0m
2023-08-21 18:19:54 info: [0mPOST /api/v1/alpaca/getalpacadata [32m200[0m 1120.248 ms - 436[0m
2023-08-21 18:19:59 info: [0mGET /api/v1/auth/getTrendingdata [32m201[0m 714.372 ms - 51[0m
2023-08-21 18:20:00 info: [0mGET /api/v1/alpaca/getexchangeData [32m200[0m 1766.252 ms - -[0m
2023-08-21 18:20:00 info: [0mPOST /api/v1/alpaca/getalpacadata [32m200[0m 998.023 ms - 498[0m
2023-08-21 18:20:00 info: [0mPOST /api/v1/alpaca/getalpacadata [32m200[0m 1094.403 ms - -[0m
2023-08-21 18:20:00 info: [0mPOST /api/v1/alpaca/getalpacadata [32m200[0m 1014.814 ms - 31[0m
2023-08-21 18:20:00 info: [0mGET /api/v1/alpaca/getNews [32m200[0m 2409.978 ms - -[0m
2023-08-21 18:20:01 info: [0mPOST /api/v1/alpaca/getalpacadata [32m200[0m 993.827 ms - 237[0m
2023-08-21 18:20:01 info: [0mPOST /api/v1/alpaca/getalpacadata [32m200[0m 1014.835 ms - 31[0m
2023-08-21 18:20:01 info: [0mPOST /api/v1/alpaca/getalpacadata [32m200[0m 970.191 ms - -[0m
2023-08-21 18:20:02 info: [0mPUT /api/v1/auth/updatealpaca [32m200[0m 625.726 ms - 373[0m
2023-08-21 18:20:03 info: [0mPOST /api/v1/alpaca/getalpacadata [32m200[0m 1072.941 ms - -[0m
2023-08-21 18:20:04 info: [0mPOST /api/v1/alpaca/getalpacamarketdata [32m200[0m 979.631 ms - 655[0m
2023-08-21 18:20:04 info: [0mPOST /api/v1/alpaca/getalpacamarketdata [32m200[0m 1009.338 ms - 645[0m
2023-08-21 18:20:04 info: [0mPOST /api/v1/alpaca/getalpacamarketdata [32m200[0m 1014.566 ms - 629[0m
2023-08-21 18:20:04 info: [0mPOST /api/v1/alpaca/getalpacamarketdata [32m200[0m 1167.992 ms - 620[0m
2023-08-21 18:20:04 info: [0mPOST /api/v1/alpaca/getalpacamarketdata [32m200[0m 1184.130 ms - 619[0m
2023-08-21 18:21:19 info: [0mPOST /api/v1/auth/logIn [32m200[0m 541.794 ms - -[0m
2023-08-21 18:21:19 info: [0mGET /api/v1/auth/getKey [32m201[0m 231.443 ms - 436[0m
2023-08-21 18:21:20 info: [0mPOST /api/v1/alpaca/getalpacadata [32m200[0m 1014.451 ms - 436[0m
2023-08-21 18:21:22 info: [0mGET /api/v1/auth/getTrendingdata [32m201[0m 689.951 ms - 51[0m
2023-08-21 18:21:23 info: [0mPOST /api/v1/alpaca/getalpacadata [32m200[0m 1079.371 ms - -[0m
2023-08-21 18:21:23 info: [0mPOST /api/v1/alpaca/getalpacadata [32m200[0m 1267.556 ms - 498[0m
2023-08-21 18:21:23 info: [0mGET /api/v1/alpaca/getexchangeData [32m200[0m 1694.961 ms - -[0m
2023-08-21 18:21:23 info: [0mPOST /api/v1/alpaca/getalpacadata [32m200[0m 1022.991 ms - 31[0m
2023-08-21 18:21:24 info: [0mPOST /api/v1/alpaca/getalpacadata [32m200[0m 996.401 ms - 237[0m
2023-08-21 18:21:24 info: [0mPOST /api/v1/alpaca/getalpacadata [32m200[0m 1001.352 ms - 31[0m
2023-08-21 18:21:24 info: [0mGET /api/v1/alpaca/getNews [36m304[0m 2517.042 ms - -[0m
2023-08-21 18:21:24 info: [0mPOST /api/v1/alpaca/getalpacadata [32m200[0m 1013.908 ms - -[0m
2023-08-21 18:21:25 info: [0mPOST /api/v1/alpaca/getalpacadata [32m200[0m 1004.820 ms - -[0m
2023-08-21 18:21:25 info: [0mPUT /api/v1/auth/updatealpaca [32m200[0m 703.600 ms - 373[0m
2023-08-21 18:21:26 info: [0mPOST /api/v1/alpaca/getalpacamarketdata [32m200[0m 1022.349 ms - 645[0m
2023-08-21 18:21:26 info: [0mPOST /api/v1/alpaca/getalpacamarketdata [32m200[0m 1009.255 ms - 654[0m
2023-08-21 18:21:26 info: [0mPOST /api/v1/alpaca/getalpacamarketdata [32m200[0m 1010.934 ms - 629[0m
2023-08-21 18:21:26 info: [0mPOST /api/v1/alpaca/getalpacamarketdata [32m200[0m 981.346 ms - 620[0m
2023-08-21 18:21:26 info: [0mPOST /api/v1/alpaca/getalpacamarketdata [32m200[0m 1026.030 ms - 619[0m
2023-08-21 18:21:27 info: [0mPOST /api/v1/alpaca/getalpacamarketdata [32m200[0m 993.901 ms - 645[0m
2023-08-21 18:21:27 info: [0mPOST /api/v1/alpaca/getalpacamarketdata [32m200[0m 981.224 ms - 629[0m
2023-08-21 18:21:27 info: [0mPOST /api/v1/alpaca/getalpacamarketdata [32m200[0m 977.718 ms - 620[0m
2023-08-21 18:21:27 info: [0mPOST /api/v1/alpaca/getalpacamarketdata [32m200[0m 996.095 ms - 654[0m
2023-08-21 18:21:27 info: [0mPOST /api/v1/alpaca/getalpacamarketdata [32m200[0m 995.290 ms - 619[0m
2023-08-21 18:29:34 info: [0mPOST /api/v1/auth/logIn [32m200[0m 785.741 ms - -[0m
2023-08-21 18:29:35 info: [0mGET /api/v1/auth/getKey [32m201[0m 220.242 ms - 436[0m
2023-08-21 18:29:37 info: [0mPOST /api/v1/alpaca/getalpacadata [32m200[0m 1931.229 ms - 436[0m
2023-08-21 18:29:39 info: [0mGET /api/v1/auth/getTrendingdata [32m201[0m 590.206 ms - 51[0m
2023-08-21 18:29:40 info: [0mPOST /api/v1/alpaca/getalpacadata [32m200[0m 1062.004 ms - -[0m
2023-08-21 18:29:40 info: [0mGET /api/v1/alpaca/getexchangeData [32m200[0m 1637.219 ms - -[0m
2023-08-21 18:29:40 info: [0mPOST /api/v1/alpaca/getalpacadata [32m200[0m 1132.890 ms - 498[0m
2023-08-21 18:29:40 info: [0mPOST /api/v1/alpaca/getalpacadata [32m200[0m 1011.396 ms - 31[0m
2023-08-21 18:29:41 info: [0mPOST /api/v1/alpaca/getalpacadata [32m200[0m 978.936 ms - 237[0m
2023-08-21 18:29:41 info: [0mPOST /api/v1/alpaca/getalpacadata [32m200[0m 996.076 ms - 31[0m
2023-08-21 18:29:41 info: [0mPOST /api/v1/alpaca/getalpacadata [32m200[0m 999.956 ms - -[0m
2023-08-21 18:29:41 info: [0mGET /api/v1/alpaca/getNews [32m200[0m 2747.488 ms - -[0m
2023-08-21 18:29:42 info: [0mPUT /api/v1/auth/updatealpaca [32m200[0m 697.789 ms - 373[0m
2023-08-21 18:29:43 info: [0mPOST /api/v1/alpaca/getalpacadata [32m200[0m 1017.467 ms - -[0m
2023-08-21 18:29:44 info: [0mPOST /api/v1/alpaca/getalpacamarketdata [32m200[0m 1151.388 ms - 645[0m
2023-08-21 18:29:44 info: [0mPOST /api/v1/alpaca/getalpacamarketdata [32m200[0m 1069.318 ms - 628[0m
2023-08-21 18:29:45 info: [0mPOST /api/v1/alpaca/getalpacamarketdata [32m200[0m 996.885 ms - 648[0m
2023-08-21 18:29:45 info: [0mPOST /api/v1/alpaca/getalpacamarketdata [32m200[0m 992.636 ms - 619[0m
2023-08-21 18:29:45 info: [0mPOST /api/v1/alpaca/getalpacamarketdata [32m200[0m 1048.105 ms - 619[0m
2023-08-21 18:31:09 info: [0mPOST /api/v1/auth/logIn [32m200[0m 500.034 ms - -[0m
2023-08-21 18:31:10 info: [0mGET /api/v1/auth/getKey [32m201[0m 218.176 ms - 436[0m
2023-08-21 18:31:11 info: [0mPOST /api/v1/alpaca/getalpacadata [32m200[0m 1001.477 ms - 436[0m
2023-08-21 18:31:13 info: [0mGET /api/v1/auth/getTrendingdata [32m201[0m 582.277 ms - 51[0m
2023-08-21 18:31:14 info: [0mGET /api/v1/alpaca/getexchangeData [32m200[0m 1302.628 ms - -[0m
2023-08-21 18:31:14 info: [0mPOST /api/v1/alpaca/getalpacadata [32m200[0m 1069.777 ms - 498[0m
2023-08-21 18:31:14 info: [0mPOST /api/v1/alpaca/getalpacadata [32m200[0m 1219.493 ms - -[0m
2023-08-21 18:31:14 info: [0mPOST /api/v1/alpaca/getalpacadata [32m200[0m 985.365 ms - 31[0m
2023-08-21 18:31:15 info: [0mPOST /api/v1/alpaca/getalpacadata [32m200[0m 987.793 ms - 237[0m
2023-08-21 18:31:15 info: [0mPOST /api/v1/alpaca/getalpacadata [32m200[0m 988.931 ms - 31[0m
2023-08-21 18:31:15 info: [0mGET /api/v1/alpaca/getNews [32m200[0m 2304.491 ms - -[0m
2023-08-21 18:31:15 info: [0mPOST /api/v1/alpaca/getalpacadata [32m200[0m 1066.966 ms - -[0m
2023-08-21 18:31:16 info: [0mPUT /api/v1/auth/updatealpaca [32m200[0m 683.469 ms - 373[0m
2023-08-21 18:31:16 info: [0mPOST /api/v1/alpaca/getalpacadata [32m200[0m 977.723 ms - -[0m
2023-08-21 18:31:17 info: [0mPOST /api/v1/alpaca/getalpacamarketdata [32m200[0m 975.922 ms - 639[0m
2023-08-21 18:31:17 info: [0mPOST /api/v1/alpaca/getalpacamarketdata [32m200[0m 1029.128 ms - 618[0m
2023-08-21 18:31:17 info: [0mPOST /api/v1/alpaca/getalpacamarketdata [32m200[0m 1073.406 ms - 645[0m
2023-08-21 18:31:17 info: [0mPOST /api/v1/alpaca/getalpacamarketdata [32m200[0m 1075.311 ms - 650[0m
2023-08-21 18:31:17 info: [0mPOST /api/v1/alpaca/getalpacamarketdata [32m200[0m 1162.273 ms - 619[0m
2023-08-21 18:36:13 info: [0mGET /api/v1/alpaca/getexchangeData [32m200[0m 1427.329 ms - -[0m
2023-08-21 18:36:24 info: [0mPOST /api/v1/alpaca/getalpacamarketdata [32m200[0m 8189.824 ms - 619[0m
2023-08-21 18:36:24 info: [0mPOST /api/v1/alpaca/getalpacamarketdata [32m200[0m 8203.386 ms - 643[0m
2023-08-21 18:36:24 info: [0mPOST /api/v1/alpaca/getalpacamarketdata [32m200[0m 8259.990 ms - 651[0m
2023-08-21 18:36:24 info: [0mPOST /api/v1/alpaca/getalpacamarketdata [32m200[0m 8264.578 ms - 619[0m
2023-08-21 18:36:25 info: [0mPOST /api/v1/alpaca/getalpacamarketdata [32m200[0m 8272.126 ms - 632[0m
2023-08-21 18:41:24 info: [0mPOST /api/v1/auth/logIn [32m200[0m 523.531 ms - -[0m
2023-08-21 18:41:24 info: [0mGET /api/v1/auth/getKey [32m201[0m 229.325 ms - 436[0m
2023-08-21 18:41:25 info: [0mPOST /api/v1/alpaca/getalpacadata [32m200[0m 1132.184 ms - 436[0m
2023-08-21 18:41:28 info: [0mGET /api/v1/auth/getTrendingdata [32m201[0m 575.836 ms - 51[0m
2023-08-21 18:41:29 info: [0mGET /api/v1/alpaca/getexchangeData [32m200[0m 1799.956 ms - -[0m
2023-08-21 18:41:29 info: [0mPOST /api/v1/alpaca/getalpacadata [32m200[0m 988.489 ms - 498[0m
2023-08-21 18:41:29 info: [0mPOST /api/v1/alpaca/getalpacadata [32m200[0m 1017.360 ms - -[0m
2023-08-21 18:41:30 info: [0mPOST /api/v1/alpaca/getalpacadata [32m200[0m 1196.896 ms - 31[0m
2023-08-21 18:41:30 info: [0mGET /api/v1/alpaca/getNews [32m200[0m 2432.469 ms - -[0m
2023-08-21 18:41:31 info: [0mPOST /api/v1/alpaca/getalpacadata [32m200[0m 1022.713 ms - 237[0m
2023-08-21 18:41:31 info: [0mPOST /api/v1/alpaca/getalpacadata [32m200[0m 977.470 ms - -[0m
2023-08-21 18:41:31 info: [0mPOST /api/v1/alpaca/getalpacadata [32m200[0m 1025.739 ms - 31[0m
2023-08-21 18:41:32 info: [0mPUT /api/v1/auth/updatealpaca [32m200[0m 704.677 ms - 373[0m
2023-08-21 18:41:32 info: [0mPOST /api/v1/alpaca/getalpacadata [32m200[0m 975.474 ms - -[0m
2023-08-21 18:41:34 info: [0mPOST /api/v1/alpaca/getalpacamarketdata [32m200[0m 1044.615 ms - 631[0m
2023-08-21 18:41:34 info: [0mPOST /api/v1/alpaca/getalpacamarketdata [32m200[0m 1104.513 ms - 650[0m
2023-08-21 18:41:34 info: [0mPOST /api/v1/alpaca/getalpacamarketdata [32m200[0m 1145.148 ms - 643[0m
2023-08-21 18:41:34 info: [0mPOST /api/v1/alpaca/getalpacamarketdata [32m200[0m 1160.792 ms - 619[0m
2023-08-21 18:41:34 info: [0mPOST /api/v1/alpaca/getalpacamarketdata [32m200[0m 1284.928 ms - 618[0m
2023-08-21 18:41:55 info: [0mGET /api/v1/auth/getTrendingdata [32m201[0m 393.700 ms - 51[0m
2023-08-21 18:41:56 info: [0mPOST /api/v1/alpaca/getalpacadata [32m200[0m 993.931 ms - 237[0m
2023-08-21 18:42:03 info: [0mGET /api/v1/auth/getTrendingdata [32m201[0m 415.761 ms - 51[0m
2023-08-21 18:42:04 info: [0mPOST /api/v1/alpaca/getalpacadata [32m200[0m 1037.399 ms - 237[0m
2023-08-21 18:43:34 info: [0mPOST /api/v1/auth/logIn [32m200[0m 479.891 ms - -[0m
2023-08-21 18:43:35 info: [0mGET /api/v1/auth/getKey [32m201[0m 209.672 ms - 436[0m
2023-08-21 18:43:36 info: [0mPOST /api/v1/alpaca/getalpacadata [32m200[0m 981.231 ms - 436[0m
2023-08-21 18:43:38 info: [0mGET /api/v1/auth/getTrendingdata [32m201[0m 414.830 ms - 51[0m
2023-08-21 18:43:39 info: [0mGET /api/v1/alpaca/getexchangeData [32m200[0m 1352.510 ms - -[0m
2023-08-21 18:43:40 info: [0mPOST /api/v1/alpaca/getalpacadata [32m200[0m 971.464 ms - 498[0m
2023-08-21 18:43:40 info: [0mPOST /api/v1/alpaca/getalpacadata [32m200[0m 982.990 ms - 31[0m
2023-08-21 18:43:40 info: [0mPOST /api/v1/alpaca/getalpacadata [32m200[0m 1182.700 ms - -[0m
2023-08-21 18:43:40 info: [0mPOST /api/v1/alpaca/getalpacadata [32m200[0m 965.951 ms - 237[0m
2023-08-21 18:43:41 info: [0mGET /api/v1/alpaca/getNews [32m200[0m 2554.780 ms - -[0m
2023-08-21 18:43:41 info: [0mPOST /api/v1/alpaca/getalpacadata [32m200[0m 1031.811 ms - 31[0m
2023-08-21 18:43:41 info: [0mPOST /api/v1/alpaca/getalpacadata [32m200[0m 1021.830 ms - -[0m
2023-08-21 18:43:42 info: [0mPOST /api/v1/alpaca/getalpacadata [32m200[0m 1070.783 ms - -[0m
2023-08-21 18:43:42 info: [0mPUT /api/v1/auth/updatealpaca [32m200[0m 697.856 ms - 373[0m
2023-08-21 18:43:43 info: [0mPOST /api/v1/alpaca/getalpacamarketdata [32m200[0m 982.422 ms - 643[0m
2023-08-21 18:43:43 info: [0mPOST /api/v1/alpaca/getalpacamarketdata [32m200[0m 976.470 ms - 631[0m
2023-08-21 18:43:44 info: [0mPOST /api/v1/alpaca/getalpacamarketdata [32m200[0m 1049.835 ms - 652[0m
2023-08-21 18:43:44 info: [0mPOST /api/v1/alpaca/getalpacamarketdata [32m200[0m 1069.150 ms - 619[0m
2023-08-21 18:43:44 info: [0mPOST /api/v1/alpaca/getalpacamarketdata [32m200[0m 1154.765 ms - 619[0m
2023-08-21 18:43:44 info: [0mPOST /api/v1/alpaca/getalpacamarketdata [32m200[0m 1034.063 ms - 643[0m
2023-08-21 18:43:44 info: [0mPOST /api/v1/alpaca/getalpacamarketdata [32m200[0m 964.509 ms - 631[0m
2023-08-21 18:43:45 info: [0mPOST /api/v1/alpaca/getalpacamarketdata [32m200[0m 975.007 ms - 652[0m
2023-08-21 18:43:45 info: [0mPOST /api/v1/alpaca/getalpacamarketdata [32m200[0m 1078.762 ms - 619[0m
2023-08-21 18:43:45 info: [0mPOST /api/v1/alpaca/getalpacamarketdata [32m200[0m 994.370 ms - 619[0m
2023-08-21 18:43:57 info: [0mGET /api/v1/auth/getTrendingdata [32m201[0m 461.223 ms - 51[0m
2023-08-21 18:43:57 info: [0mPOST /api/v1/alpaca/getalpacadata [32m200[0m 977.369 ms - 237[0m
2023-08-21 18:48:39 info: [0mGET /api/v1/alpaca/getexchangeData [32m200[0m 1638.342 ms - -[0m
2023-08-21 18:48:45 info: [0mPOST /api/v1/alpaca/getalpacamarketdata [32m200[0m 1178.639 ms - 639[0m
2023-08-21 18:48:45 info: [0mPOST /api/v1/alpaca/getalpacamarketdata [32m200[0m 999.803 ms - 630[0m
2023-08-21 18:48:45 info: [0mPOST /api/v1/alpaca/getalpacamarketdata [32m200[0m 1082.116 ms - 652[0m
2023-08-21 18:48:45 info: [0mPOST /api/v1/alpaca/getalpacamarketdata [32m200[0m 1092.930 ms - 619[0m
2023-08-21 18:48:45 info: [0mPOST /api/v1/alpaca/getalpacamarketdata [32m200[0m 1037.364 ms - 619[0m
2023-08-21 18:53:45 info: [0mPOST /api/v1/alpaca/getalpacamarketdata [32m200[0m 1380.514 ms - 645[0m
2023-08-21 18:53:45 info: [0mPOST /api/v1/alpaca/getalpacamarketdata [32m200[0m 1143.771 ms - 619[0m
2023-08-21 18:53:45 info: [0mPOST /api/v1/alpaca/getalpacamarketdata [32m200[0m 1262.903 ms - 636[0m
2023-08-21 18:53:45 info: [0mPOST /api/v1/alpaca/getalpacamarketdata [32m200[0m 1255.054 ms - 653[0m
2023-08-21 18:53:46 info: [0mPOST /api/v1/alpaca/getalpacamarketdata [32m200[0m 978.525 ms - 619[0m
2023-08-21 18:53:46 info: [0mGET /api/v1/alpaca/getexchangeData [32m200[0m 8502.013 ms - -[0m
2023-08-21 18:58:39 info: [0mGET /api/v1/alpaca/getexchangeData [32m200[0m 1492.052 ms - -[0m
2023-08-21 18:58:44 info: [0mPOST /api/v1/alpaca/getalpacamarketdata [32m200[0m 1085.336 ms - 645[0m
2023-08-21 18:58:45 info: [0mPOST /api/v1/alpaca/getalpacamarketdata [32m200[0m 983.360 ms - 631[0m
2023-08-21 18:58:45 info: [0mPOST /api/v1/alpaca/getalpacamarketdata [32m200[0m 1086.473 ms - 618[0m
2023-08-21 18:58:45 info: [0mPOST /api/v1/alpaca/getalpacamarketdata [32m200[0m 1261.899 ms - 650[0m
2023-08-21 18:58:45 info: [0mPOST /api/v1/alpaca/getalpacamarketdata [32m200[0m 1303.861 ms - 619[0m
2023-08-21 19:03:39 info: [0mGET /api/v1/alpaca/getexchangeData [32m200[0m 1577.485 ms - -[0m
2023-08-21 19:03:45 info: [0mPOST /api/v1/alpaca/getalpacamarketdata [32m200[0m 1211.888 ms - 646[0m
2023-08-21 19:03:45 info: [0mPOST /api/v1/alpaca/getalpacamarketdata [32m200[0m 1073.893 ms - 619[0m
2023-08-21 19:03:45 info: [0mPOST /api/v1/alpaca/getalpacamarketdata [32m200[0m 1112.762 ms - 622[0m
2023-08-21 19:03:45 info: [0mPOST /api/v1/alpaca/getalpacamarketdata [32m200[0m 1042.508 ms - 633[0m
2023-08-21 19:03:45 info: [0mPOST /api/v1/alpaca/getalpacamarketdata [32m200[0m 1011.711 ms - 593[0m
2023-08-21 19:08:39 info: [0mGET /api/v1/alpaca/getexchangeData [32m200[0m 1635.961 ms - -[0m
2023-08-21 19:08:45 info: [0mPOST /api/v1/alpaca/getalpacamarketdata [32m200[0m 1006.565 ms - 622[0m
2023-08-21 19:08:45 info: [0mPOST /api/v1/alpaca/getalpacamarketdata [32m200[0m 1261.538 ms - 647[0m
2023-08-21 19:08:45 info: [0mPOST /api/v1/alpaca/getalpacamarketdata [32m200[0m 1097.555 ms - 618[0m
2023-08-21 19:08:45 info: [0mPOST /api/v1/alpaca/getalpacamarketdata [32m200[0m 1095.106 ms - 636[0m
2023-08-21 19:08:45 info: [0mPOST /api/v1/alpaca/getalpacamarketdata [32m200[0m 1004.156 ms - 593[0m
2023-08-21 19:13:38 info: [0mGET /api/v1/alpaca/getexchangeData [32m200[0m 1306.237 ms - -[0m
2023-08-21 19:13:45 info: [0mPOST /api/v1/alpaca/getalpacamarketdata [32m200[0m 1171.411 ms - 646[0m
2023-08-21 19:13:45 info: [0mPOST /api/v1/alpaca/getalpacamarketdata [32m200[0m 990.049 ms - 618[0m
2023-08-21 19:13:45 info: [0mPOST /api/v1/alpaca/getalpacamarketdata [32m200[0m 1001.741 ms - 624[0m
2023-08-21 19:13:45 info: [0mPOST /api/v1/alpaca/getalpacamarketdata [32m200[0m 1014.545 ms - 606[0m
2023-08-21 19:13:45 info: [0mPOST /api/v1/alpaca/getalpacamarketdata [32m200[0m 1221.507 ms - 637[0m
2023-08-21 19:18:38 info: [0mGET /api/v1/alpaca/getexchangeData [32m200[0m 1605.619 ms - -[0m
2023-08-21 19:18:46 info: [0mPOST /api/v1/alpaca/getalpacamarketdata [32m200[0m 2453.193 ms - 620[0m
2023-08-21 19:18:46 info: [0mPOST /api/v1/alpaca/getalpacamarketdata [32m200[0m 2461.606 ms - 628[0m
2023-08-21 19:18:46 info: [0mPOST /api/v1/alpaca/getalpacamarketdata [32m200[0m 2255.338 ms - 609[0m
2023-08-21 19:18:46 info: [0mPOST /api/v1/alpaca/getalpacamarketdata [32m200[0m 2410.536 ms - 646[0m
2023-08-21 19:18:46 info: [0mPOST /api/v1/alpaca/getalpacamarketdata [32m200[0m 2714.887 ms - 648[0m
2023-08-21 19:23:38 info: [0mGET /api/v1/alpaca/getexchangeData [32m200[0m 1600.060 ms - -[0m
2023-08-21 19:23:44 info: [0mPOST /api/v1/alpaca/getalpacamarketdata [32m200[0m 996.211 ms - 629[0m
2023-08-21 19:23:45 info: [0mPOST /api/v1/alpaca/getalpacamarketdata [32m200[0m 1002.406 ms - 620[0m
2023-08-21 19:23:45 info: [0mPOST /api/v1/alpaca/getalpacamarketdata [32m200[0m 1127.758 ms - 628[0m
2023-08-21 19:23:45 info: [0mPOST /api/v1/alpaca/getalpacamarketdata [32m200[0m 1022.173 ms - 643[0m
2023-08-21 19:23:45 info: [0mPOST /api/v1/alpaca/getalpacamarketdata [32m200[0m 993.379 ms - 610[0m
2023-08-21 19:28:38 info: [0mGET /api/v1/alpaca/getexchangeData [32m200[0m 1574.403 ms - -[0m
2023-08-21 19:28:45 info: [0mPOST /api/v1/alpaca/getalpacamarketdata [32m200[0m 1451.719 ms - 611[0m
2023-08-21 19:28:45 info: [0mPOST /api/v1/alpaca/getalpacamarketdata [32m200[0m 1395.182 ms - 630[0m
2023-08-21 19:28:45 info: [0mPOST /api/v1/alpaca/getalpacamarketdata [32m200[0m 1184.172 ms - 611[0m
2023-08-21 19:28:45 info: [0mPOST /api/v1/alpaca/getalpacamarketdata [32m200[0m 1346.793 ms - 643[0m
2023-08-21 19:28:45 info: [0mPOST /api/v1/alpaca/getalpacamarketdata [32m200[0m 1665.161 ms - 633[0m
2023-08-21 19:33:39 info: [0mGET /api/v1/alpaca/getexchangeData [32m200[0m 1904.165 ms - -[0m
2023-08-21 19:33:44 info: [0mPOST /api/v1/alpaca/getalpacamarketdata [32m200[0m 983.910 ms - 632[0m
2023-08-21 19:33:44 info: [0mPOST /api/v1/alpaca/getalpacamarketdata [32m200[0m 973.076 ms - 616[0m
2023-08-21 19:33:45 info: [0mPOST /api/v1/alpaca/getalpacamarketdata [32m200[0m 1008.696 ms - 631[0m
2023-08-21 19:33:45 info: [0mPOST /api/v1/alpaca/getalpacamarketdata [32m200[0m 967.222 ms - 648[0m
2023-08-21 19:33:45 info: [0mPOST /api/v1/alpaca/getalpacamarketdata [32m200[0m 971.480 ms - 611[0m
2023-08-21 19:38:38 info: [0mGET /api/v1/alpaca/getexchangeData [32m200[0m 1299.493 ms - -[0m
2023-08-21 19:38:47 info: [0mPOST /api/v1/alpaca/getalpacamarketdata [32m200[0m 3874.318 ms - 632[0m
2023-08-21 19:38:47 info: [0mPOST /api/v1/alpaca/getalpacamarketdata [32m200[0m 3582.592 ms - 612[0m
2023-08-21 19:38:47 info: [0mPOST /api/v1/alpaca/getalpacamarketdata [32m200[0m 3957.542 ms - 617[0m
2023-08-21 19:38:47 info: [0mPOST /api/v1/alpaca/getalpacamarketdata [32m200[0m 4071.604 ms - 631[0m
2023-08-21 19:38:47 info: [0mPOST /api/v1/alpaca/getalpacamarketdata [32m200[0m 3778.760 ms - 649[0m
2023-08-21 19:43:38 info: [0mGET /api/v1/alpaca/getexchangeData [32m200[0m 1637.012 ms - -[0m
2023-08-21 19:43:44 info: [0mPOST /api/v1/alpaca/getalpacamarketdata [32m200[0m 1026.583 ms - 637[0m
2023-08-21 19:43:44 info: [0mPOST /api/v1/alpaca/getalpacamarketdata [32m200[0m 969.010 ms - 614[0m
2023-08-21 19:43:45 info: [0mPOST /api/v1/alpaca/getalpacamarketdata [32m200[0m 1045.836 ms - 633[0m
2023-08-21 19:43:45 info: [0mPOST /api/v1/alpaca/getalpacamarketdata [32m200[0m 992.428 ms - 648[0m
2023-08-21 19:43:45 info: [0mPOST /api/v1/alpaca/getalpacamarketdata [32m200[0m 1185.823 ms - 614[0m
2023-08-21 19:48:38 info: [0mGET /api/v1/alpaca/getexchangeData [32m200[0m 1472.107 ms - -[0m
2023-08-21 19:48:44 info: [0mPOST /api/v1/alpaca/getalpacamarketdata [32m200[0m 1020.053 ms - 636[0m
2023-08-21 19:48:44 info: [0mPOST /api/v1/alpaca/getalpacamarketdata [32m200[0m 981.178 ms - 625[0m
2023-08-21 19:48:45 info: [0mPOST /api/v1/alpaca/getalpacamarketdata [32m200[0m 1043.900 ms - 629[0m
2023-08-21 19:48:45 info: [0mPOST /api/v1/alpaca/getalpacamarketdata [32m200[0m 974.629 ms - 647[0m
2023-08-21 19:48:45 info: [0mPOST /api/v1/alpaca/getalpacamarketdata [32m200[0m 1194.334 ms - 611[0m
2023-08-21 20:03:47 info: [0mPOST /api/v1/auth/logIn [32m200[0m 498.702 ms - -[0m
2023-08-21 20:03:47 info: [0mGET /api/v1/auth/getKey [32m201[0m 219.032 ms - 436[0m
2023-08-21 20:03:48 info: [0mPOST /api/v1/alpaca/getalpacadata [32m200[0m 1049.857 ms - 436[0m
2023-08-21 20:03:53 info: [0mGET /api/v1/auth/getTrendingdata [32m201[0m 735.725 ms - 51[0m
2023-08-21 20:03:53 info: [0mPOST /api/v1/alpaca/getalpacadata [32m200[0m 988.908 ms - -[0m
2023-08-21 20:03:53 info: [0mPOST /api/v1/alpaca/getalpacadata [32m200[0m 1074.080 ms - 498[0m
2023-08-21 20:03:53 info: [0mGET /api/v1/alpaca/getexchangeData [32m200[0m 1689.899 ms - -[0m
2023-08-21 20:03:54 info: [0mPOST /api/v1/alpaca/getalpacadata [32m200[0m 998.717 ms - 31[0m
2023-08-21 20:03:54 info: [0mPOST /api/v1/alpaca/getalpacadata [32m200[0m 996.999 ms - 237[0m
2023-08-21 20:03:54 info: [0mPOST /api/v1/alpaca/getalpacadata [32m200[0m 1012.972 ms - 31[0m
2023-08-21 20:03:55 info: [0mGET /api/v1/alpaca/getNews [32m200[0m 2713.816 ms - -[0m
2023-08-21 20:03:55 info: [0mPOST /api/v1/alpaca/getalpacadata [32m200[0m 996.719 ms - -[0m
2023-08-21 20:03:55 info: [0mPOST /api/v1/alpaca/getalpacadata [32m200[0m 998.503 ms - -[0m
2023-08-21 20:03:57 info: [0mPUT /api/v1/auth/updatealpaca [32m200[0m 687.475 ms - 373[0m
2023-08-21 20:03:58 info: [0mPOST /api/v1/alpaca/getalpacamarketdata [32m200[0m 1705.460 ms - 633[0m
2023-08-21 20:03:58 info: [0mPOST /api/v1/alpaca/getalpacamarketdata [32m200[0m 1800.234 ms - 636[0m
2023-08-21 20:03:58 info: [0mPOST /api/v1/alpaca/getalpacamarketdata [32m200[0m 1711.827 ms - 644[0m
2023-08-21 20:03:58 info: [0mPOST /api/v1/alpaca/getalpacamarketdata [32m200[0m 1662.162 ms - 611[0m
2023-08-21 20:03:58 info: [0mPOST /api/v1/alpaca/getalpacamarketdata [32m200[0m 1717.250 ms - 617[0m
2023-08-21 20:04:02 info: [0mPOST /api/v1/alpaca/getalpacadata [32m200[0m 3220.926 ms - -[0m
2023-08-21 20:05:41 info: [0mPOST /api/v1/auth/logIn [32m200[0m 484.766 ms - -[0m
2023-08-21 20:05:41 info: [0mGET /api/v1/auth/getKey [32m201[0m 213.172 ms - 436[0m
2023-08-21 20:05:42 info: [0mPOST /api/v1/alpaca/getalpacadata [32m200[0m 999.347 ms - 436[0m
2023-08-21 20:05:43 info: [0mGET /api/v1/auth/getTrendingdata [32m201[0m 401.394 ms - 51[0m
2023-08-21 20:05:44 info: [0mGET /api/v1/alpaca/getexchangeData [32m200[0m 1397.979 ms - -[0m
2023-08-21 20:05:44 info: [0mPOST /api/v1/alpaca/getalpacadata [32m200[0m 1101.942 ms - 498[0m
2023-08-21 20:05:44 info: [0mPOST /api/v1/alpaca/getalpacadata [32m200[0m 1107.676 ms - -[0m
2023-08-21 20:05:44 info: [0mPOST /api/v1/alpaca/getalpacadata [32m200[0m 1021.875 ms - 31[0m
2023-08-21 20:05:45 info: [0mPOST /api/v1/alpaca/getalpacadata [32m200[0m 966.781 ms - 237[0m
2023-08-21 20:05:45 info: [0mPOST /api/v1/alpaca/getalpacadata [32m200[0m 968.543 ms - -[0m
2023-08-21 20:05:45 info: [0mPOST /api/v1/alpaca/getalpacadata [32m200[0m 976.781 ms - 31[0m
2023-08-21 20:05:45 info: [0mGET /api/v1/alpaca/getNews [32m200[0m 2489.536 ms - -[0m
2023-08-21 20:05:46 info: [0mPUT /api/v1/auth/updatealpaca [32m200[0m 640.581 ms - 373[0m
2023-08-21 20:05:47 info: [0mPOST /api/v1/alpaca/getalpacadata [32m200[0m 988.709 ms - -[0m
2023-08-21 20:05:52 info: [0mPOST /api/v1/alpaca/getalpacadata [32m200[0m 5820.132 ms - -[0m
2023-08-21 20:14:05 info: [0mPOST /api/v1/auth/logIn [32m200[0m 482.044 ms - -[0m
2023-08-21 20:14:05 info: [0mGET /api/v1/auth/getKey [32m201[0m 211.444 ms - 436[0m
2023-08-21 20:14:06 info: [0mPOST /api/v1/alpaca/getalpacadata [32m200[0m 1066.388 ms - 436[0m
2023-08-21 20:14:08 info: [0mGET /api/v1/auth/getTrendingdata [32m201[0m 522.877 ms - 51[0m
2023-08-21 20:14:09 info: [0mPOST /api/v1/alpaca/getalpacadata [32m200[0m 1003.371 ms - -[0m
2023-08-21 20:14:09 info: [0mPOST /api/v1/alpaca/getalpacadata [32m200[0m 1027.719 ms - 498[0m
2023-08-21 20:14:09 info: [0mGET /api/v1/alpaca/getexchangeData [32m200[0m 1713.042 ms - -[0m
2023-08-21 20:14:09 info: [0mPOST /api/v1/alpaca/getalpacadata [32m200[0m 959.878 ms - 31[0m
2023-08-21 20:14:10 info: [0mPOST /api/v1/alpaca/getalpacadata [32m200[0m 977.315 ms - 31[0m
2023-08-21 20:14:10 info: [0mPOST /api/v1/alpaca/getalpacadata [32m200[0m 1077.380 ms - 237[0m
2023-08-21 20:14:10 info: [0mGET /api/v1/alpaca/getNews [32m200[0m 2532.411 ms - -[0m
2023-08-21 20:14:10 info: [0mPOST /api/v1/alpaca/getalpacadata [32m200[0m 981.922 ms - -[0m
2023-08-21 20:14:11 info: [0mPUT /api/v1/auth/updatealpaca [32m200[0m 607.218 ms - 373[0m
2023-08-21 20:14:11 info: [0mPOST /api/v1/alpaca/getalpacadata [32m200[0m 981.232 ms - -[0m
2023-08-21 20:14:12 info: [0mPOST /api/v1/alpaca/getalpacamarketdata [32m200[0m 1009.406 ms - 635[0m
2023-08-21 20:14:12 info: [0mPOST /api/v1/alpaca/getalpacamarketdata [32m200[0m 983.471 ms - 625[0m
2023-08-21 20:14:12 info: [0mPOST /api/v1/alpaca/getalpacamarketdata [32m200[0m 980.728 ms - 651[0m
2023-08-21 20:14:13 info: [0mPOST /api/v1/alpaca/getalpacamarketdata [32m200[0m 1074.683 ms - 618[0m
2023-08-21 20:14:13 info: [0mPOST /api/v1/alpaca/getalpacamarketdata [32m200[0m 1147.662 ms - 616[0m
2023-08-21 20:14:22 info: [0mPOST /api/v1/alpaca/getalpacadata [32m200[0m 7113.655 ms - -[0m
2023-08-21 20:15:45 info: [0mPOST /api/v1/auth/logIn [32m200[0m 522.413 ms - -[0m
2023-08-21 20:15:46 info: [0mGET /api/v1/auth/getKey [32m201[0m 228.492 ms - 436[0m
2023-08-21 20:15:47 info: [0mPOST /api/v1/alpaca/getalpacadata [32m200[0m 1006.571 ms - 436[0m
2023-08-21 20:15:48 info: [0mGET /api/v1/auth/getTrendingdata [32m201[0m 737.151 ms - 51[0m
2023-08-21 20:15:49 info: [0mPOST /api/v1/alpaca/getalpacadata [32m200[0m 1030.031 ms - -[0m
2023-08-21 20:15:49 info: [0mPOST /api/v1/alpaca/getalpacadata [32m200[0m 1090.313 ms - 498[0m
2023-08-21 20:15:49 info: [0mGET /api/v1/alpaca/getexchangeData [32m200[0m 1671.279 ms - -[0m
2023-08-21 20:15:49 info: [0mPOST /api/v1/alpaca/getalpacadata [32m200[0m 1009.952 ms - 31[0m
2023-08-21 20:15:50 info: [0mPOST /api/v1/alpaca/getalpacadata [32m200[0m 1008.520 ms - 237[0m
2023-08-21 20:15:50 info: [0mPOST /api/v1/alpaca/getalpacadata [32m200[0m 992.039 ms - 31[0m
2023-08-21 20:15:50 info: [0mGET /api/v1/alpaca/getNews [32m200[0m 2476.834 ms - -[0m
2023-08-21 20:15:50 info: [0mPOST /api/v1/alpaca/getalpacadata [32m200[0m 985.982 ms - -[0m
2023-08-21 20:15:51 info: [0mPUT /api/v1/auth/updatealpaca [32m200[0m 629.369 ms - 373[0m
2023-08-21 20:15:51 info: [0mPOST /api/v1/alpaca/getalpacadata [32m200[0m 977.459 ms - -[0m
2023-08-21 20:15:52 info: [0mPOST /api/v1/alpaca/getalpacamarketdata [32m200[0m 991.255 ms - 638[0m
2023-08-21 20:15:52 info: [0mPOST /api/v1/alpaca/getalpacamarketdata [32m200[0m 1009.276 ms - 627[0m
2023-08-21 20:15:52 info: [0mPOST /api/v1/alpaca/getalpacamarketdata [32m200[0m 1053.734 ms - 612[0m
2023-08-21 20:15:53 info: [0mPOST /api/v1/alpaca/getalpacamarketdata [32m200[0m 1191.439 ms - 619[0m
2023-08-21 20:15:53 info: [0mPOST /api/v1/alpaca/getalpacamarketdata [32m200[0m 1230.634 ms - 648[0m
2023-08-21 20:15:55 info: [0mPOST /api/v1/alpaca/getalpacadata [32m200[0m 3153.441 ms - -[0m
2023-08-21 20:16:52 error: StatusCode : 409, Message : You're email swapnilsonawnane2237@gmail.com not found
2023-08-21 20:16:52 info: [0mPOST /api/v1/auth/logIn [33m409[0m 224.464 ms - 67[0m
2023-08-21 20:17:03 info: [0mPOST /api/v1/auth/logIn [32m200[0m 505.683 ms - -[0m
2023-08-21 20:17:03 info: [0mGET /api/v1/auth/getKey [32m201[0m 220.109 ms - 436[0m
2023-08-21 20:17:05 info: [0mPOST /api/v1/alpaca/getalpacadata [32m200[0m 1010.024 ms - 436[0m
2023-08-21 20:17:06 info: [0mGET /api/v1/auth/getTrendingdata [32m201[0m 547.651 ms - 51[0m
2023-08-21 20:17:07 info: [0mPOST /api/v1/alpaca/getalpacadata [32m200[0m 1047.678 ms - -[0m
2023-08-21 20:17:07 info: [0mPOST /api/v1/alpaca/getalpacadata [32m200[0m 1154.430 ms - 498[0m
2023-08-21 20:17:07 info: [0mGET /api/v1/alpaca/getexchangeData [32m200[0m 1482.384 ms - -[0m
2023-08-21 20:17:07 info: [0mPOST /api/v1/alpaca/getalpacadata [32m200[0m 986.364 ms - 31[0m
2023-08-21 20:17:08 info: [0mGET /api/v1/alpaca/getNews [32m200[0m 2140.658 ms - -[0m
2023-08-21 20:17:08 info: [0mPOST /api/v1/alpaca/getalpacadata [32m200[0m 994.545 ms - 237[0m
2023-08-21 20:17:08 info: [0mPOST /api/v1/alpaca/getalpacadata [32m200[0m 1007.907 ms - 31[0m
2023-08-21 20:17:08 info: [0mPOST /api/v1/alpaca/getalpacadata [32m200[0m 987.583 ms - -[0m
2023-08-21 20:17:09 info: [0mPUT /api/v1/auth/updatealpaca [32m200[0m 677.966 ms - 373[0m
2023-08-21 20:17:09 info: [0mPOST /api/v1/alpaca/getalpacadata [32m200[0m 998.571 ms - -[0m
2023-08-21 20:17:11 info: [0mPOST /api/v1/alpaca/getalpacamarketdata [32m200[0m 1001.278 ms - 639[0m
2023-08-21 20:17:11 info: [0mPOST /api/v1/alpaca/getalpacamarketdata [32m200[0m 1004.122 ms - 627[0m
2023-08-21 20:17:11 info: [0mPOST /api/v1/alpaca/getalpacamarketdata [32m200[0m 1002.161 ms - 619[0m
2023-08-21 20:17:11 info: [0mPOST /api/v1/alpaca/getalpacamarketdata [32m200[0m 1009.782 ms - 648[0m
2023-08-21 20:17:11 info: [0mPOST /api/v1/alpaca/getalpacamarketdata [32m200[0m 1194.198 ms - 614[0m
2023-08-21 20:17:17 info: [0mPOST /api/v1/alpaca/getalpacadata [32m200[0m 6479.070 ms - -[0m
2023-08-21 20:18:12 info: [0mPOST /api/v1/alpaca/getalpacadata [32m200[0m 972.271 ms - 175[0m
2023-08-21 20:18:12 info: [0mPOST /api/v1/alpaca/getalpacamarketdata [32m200[0m 1003.407 ms - 646[0m
2023-08-21 20:18:13 info: [0mPOST /api/v1/alpaca/getalpacadata [32m200[0m 984.737 ms - 176[0m
2023-08-21 20:18:13 info: [0mPOST /api/v1/alpaca/getalpacamarketdata [32m200[0m 984.216 ms - 646[0m
2023-08-21 20:19:20 info: [0mPOST /api/v1/auth/logIn [32m200[0m 463.377 ms - -[0m
2023-08-21 20:19:21 info: [0mGET /api/v1/auth/getKey [32m201[0m 201.742 ms - 436[0m
2023-08-21 20:19:22 info: [0mPOST /api/v1/alpaca/getalpacadata [32m200[0m 1003.002 ms - 436[0m
2023-08-21 20:19:23 info: [0mGET /api/v1/auth/getTrendingdata [32m201[0m 656.012 ms - 51[0m
2023-08-21 20:19:24 info: [0mPOST /api/v1/alpaca/getalpacadata [32m200[0m 1171.947 ms - -[0m
2023-08-21 20:19:24 info: [0mGET /api/v1/alpaca/getexchangeData [32m200[0m 1329.870 ms - -[0m
2023-08-21 20:19:24 info: [0mPOST /api/v1/alpaca/getalpacadata [32m200[0m 1271.014 ms - 498[0m
2023-08-21 20:19:24 info: [0mPOST /api/v1/alpaca/getalpacadata [32m200[0m 985.823 ms - 31[0m
2023-08-21 20:19:25 info: [0mPOST /api/v1/alpaca/getalpacadata [32m200[0m 986.635 ms - 237[0m
2023-08-21 20:19:25 info: [0mPOST /api/v1/alpaca/getalpacadata [32m200[0m 981.959 ms - 31[0m
2023-08-21 20:19:25 info: [0mPOST /api/v1/alpaca/getalpacadata [32m200[0m 986.116 ms - -[0m
2023-08-21 20:19:25 info: [0mGET /api/v1/alpaca/getNews [32m200[0m 2628.957 ms - -[0m
2023-08-21 20:19:26 info: [0mPUT /api/v1/auth/updatealpaca [32m200[0m 626.451 ms - 373[0m
2023-08-21 20:19:26 info: [0mPOST /api/v1/alpaca/getalpacadata [32m200[0m 990.069 ms - -[0m
2023-08-21 20:19:27 info: [0mPOST /api/v1/alpaca/getalpacamarketdata [32m200[0m 1019.241 ms - 626[0m
2023-08-21 20:19:27 info: [0mPOST /api/v1/alpaca/getalpacamarketdata [32m200[0m 995.775 ms - 614[0m
2023-08-21 20:19:27 info: [0mPOST /api/v1/alpaca/getalpacamarketdata [32m200[0m 1040.811 ms - 648[0m
2023-08-21 20:19:27 info: [0mPOST /api/v1/alpaca/getalpacamarketdata [32m200[0m 1044.211 ms - 650[0m
2023-08-21 20:19:27 info: [0mPOST /api/v1/alpaca/getalpacamarketdata [32m200[0m 1038.081 ms - 619[0m
2023-08-21 20:19:32 info: [0mPOST /api/v1/alpaca/getalpacadata [32m200[0m 3579.648 ms - -[0m
2023-08-21 20:19:37 info: [0mPOST /api/v1/alpaca/getalpacadata [32m200[0m 979.771 ms - 176[0m
2023-08-21 20:19:37 info: [0mPOST /api/v1/alpaca/getalpacamarketdata [32m200[0m 971.442 ms - 649[0m
2023-08-21 20:19:38 info: [0mPOST /api/v1/alpaca/getalpacadata [32m200[0m 967.338 ms - 176[0m
2023-08-21 20:19:38 info: [0mPOST /api/v1/alpaca/getalpacamarketdata [32m200[0m 981.690 ms - 649[0m
2023-08-21 20:22:26 info: [0mPOST /api/v1/auth/logIn [32m200[0m 461.471 ms - -[0m
2023-08-21 20:22:26 info: [0mGET /api/v1/auth/getKey [32m201[0m 202.433 ms - 436[0m
2023-08-21 20:22:27 info: [0mPOST /api/v1/alpaca/getalpacadata [32m200[0m 981.606 ms - 436[0m
2023-08-21 20:22:29 info: [0mGET /api/v1/auth/getTrendingdata [32m201[0m 597.153 ms - 51[0m
2023-08-21 20:22:30 info: [0mPOST /api/v1/alpaca/getalpacadata [32m200[0m 1106.049 ms - -[0m
2023-08-21 20:22:30 info: [0mPOST /api/v1/alpaca/getalpacadata [32m200[0m 1250.560 ms - 498[0m
2023-08-21 20:22:30 info: [0mGET /api/v1/alpaca/getexchangeData [32m200[0m 1435.718 ms - -[0m
2023-08-21 20:22:30 info: [0mPOST /api/v1/alpaca/getalpacadata [32m200[0m 981.653 ms - 31[0m
2023-08-21 20:22:31 info: [0mPOST /api/v1/alpaca/getalpacadata [32m200[0m 1018.091 ms - 237[0m
2023-08-21 20:22:31 info: [0mGET /api/v1/alpaca/getNews [36m304[0m 2321.765 ms - -[0m
2023-08-21 20:22:31 info: [0mPOST /api/v1/alpaca/getalpacadata [32m200[0m 992.510 ms - 31[0m
2023-08-21 20:22:31 info: [0mPOST /api/v1/alpaca/getalpacadata [32m200[0m 981.175 ms - -[0m
2023-08-21 20:22:32 info: [0mPUT /api/v1/auth/updatealpaca [32m200[0m 651.040 ms - 373[0m
2023-08-21 20:22:32 info: [0mPOST /api/v1/alpaca/getalpacadata [32m200[0m 979.873 ms - -[0m
2023-08-21 20:22:33 info: [0mPOST /api/v1/alpaca/getalpacamarketdata [32m200[0m 963.981 ms - 619[0m
2023-08-21 20:22:33 info: [0mPOST /api/v1/alpaca/getalpacamarketdata [32m200[0m 978.259 ms - 630[0m
2023-08-21 20:22:33 info: [0mPOST /api/v1/alpaca/getalpacamarketdata [32m200[0m 989.547 ms - 645[0m
2023-08-21 20:22:33 info: [0mPOST /api/v1/alpaca/getalpacamarketdata [32m200[0m 989.442 ms - 614[0m
2023-08-21 20:22:33 info: [0mPOST /api/v1/alpaca/getalpacamarketdata [32m200[0m 995.779 ms - 649[0m
2023-08-21 20:23:01 info: [0mPOST /api/v1/alpaca/getalpacamarketdata [32m200[0m 991.942 ms - 627[0m
2023-08-21 20:23:01 info: [0mPOST /api/v1/alpaca/getalpacamarketdata [32m200[0m 982.073 ms - 650[0m
2023-08-21 20:23:01 info: [0mPOST /api/v1/alpaca/getalpacamarketdata [32m200[0m 1017.301 ms - 643[0m
2023-08-21 20:23:01 info: [0mGET /api/v1/auth/getTrendingdata [32m201[0m 399.847 ms - 51[0m
2023-08-21 20:23:01 info: [0mGET /api/v1/alpaca/getexchangeData [32m200[0m 1514.082 ms - -[0m
2023-08-21 20:23:02 info: [0mPOST /api/v1/alpaca/getalpacamarketdata [32m200[0m 995.693 ms - 619[0m
2023-08-21 20:23:02 info: [0mPOST /api/v1/alpaca/getalpacamarketdata [32m200[0m 987.125 ms - 613[0m
2023-08-21 20:23:02 info: [0mGET /api/v1/alpaca/getNews [36m304[0m 2193.750 ms - -[0m
2023-08-21 20:23:02 info: [0mPOST /api/v1/alpaca/getalpacadata [32m200[0m 973.540 ms - -[0m
2023-08-21 20:23:02 info: [0mPOST /api/v1/alpaca/getalpacadata [32m200[0m 976.866 ms - 498[0m
2023-08-21 20:23:03 info: [0mPOST /api/v1/alpaca/getalpacadata [32m200[0m 973.335 ms - 31[0m
2023-08-21 20:23:03 info: [0mPOST /api/v1/alpaca/getalpacadata [32m200[0m 967.472 ms - 237[0m
2023-08-21 20:23:03 info: [0mPOST /api/v1/alpaca/getalpacadata [32m200[0m 969.929 ms - 31[0m
2023-08-21 20:23:03 info: [0mPOST /api/v1/alpaca/getalpacamarketdata [32m200[0m 959.138 ms - 619[0m
2023-08-21 20:23:03 info: [0mPOST /api/v1/alpaca/getalpacamarketdata [32m200[0m 982.142 ms - 614[0m
2023-08-21 20:23:10 info: [0mPOST /api/v1/auth/logIn [32m200[0m 468.008 ms - -[0m
2023-08-21 20:23:10 info: [0mGET /api/v1/auth/getKey [32m201[0m 201.939 ms - 436[0m
2023-08-21 20:23:11 info: [0mPOST /api/v1/alpaca/getalpacadata [32m200[0m 969.496 ms - 436[0m
2023-08-21 20:23:13 info: [0mGET /api/v1/auth/getTrendingdata [32m201[0m 408.021 ms - 51[0m
2023-08-21 20:23:14 info: [0mGET /api/v1/alpaca/getexchangeData [32m200[0m 1214.127 ms - -[0m
2023-08-21 20:23:14 info: [0mPOST /api/v1/alpaca/getalpacadata [32m200[0m 988.831 ms - -[0m
2023-08-21 20:23:14 info: [0mPOST /api/v1/alpaca/getalpacadata [32m200[0m 978.988 ms - 498[0m
2023-08-21 20:23:14 info: [0mPOST /api/v1/alpaca/getalpacadata [32m200[0m 973.019 ms - 31[0m
2023-08-21 20:23:15 info: [0mGET /api/v1/alpaca/getNews [36m304[0m 2098.790 ms - -[0m
2023-08-21 20:23:15 info: [0mPOST /api/v1/alpaca/getalpacadata [32m200[0m 988.305 ms - 237[0m
2023-08-21 20:23:15 info: [0mPOST /api/v1/alpaca/getalpacadata [32m200[0m 1002.551 ms - 31[0m
2023-08-21 20:23:15 info: [0mPOST /api/v1/alpaca/getalpacadata [32m200[0m 987.351 ms - -[0m
2023-08-21 20:23:16 info: [0mPUT /api/v1/auth/updatealpaca [32m200[0m 629.692 ms - 373[0m
2023-08-21 20:23:16 info: [0mPOST /api/v1/alpaca/getalpacadata [32m200[0m 1014.829 ms - -[0m
2023-08-21 20:23:17 info: [0mPOST /api/v1/alpaca/getalpacamarketdata [32m200[0m 966.736 ms - 649[0m
2023-08-21 20:23:17 info: [0mPOST /api/v1/alpaca/getalpacamarketdata [32m200[0m 977.849 ms - 643[0m
2023-08-21 20:23:17 info: [0mPOST /api/v1/alpaca/getalpacamarketdata [32m200[0m 997.366 ms - 618[0m
2023-08-21 20:23:17 info: [0mPOST /api/v1/alpaca/getalpacamarketdata [32m200[0m 1008.218 ms - 625[0m
2023-08-21 20:23:17 info: [0mPOST /api/v1/alpaca/getalpacamarketdata [32m200[0m 1005.476 ms - 613[0m
2023-08-21 20:23:50 info: [0mPOST /api/v1/alpaca/getalpacamarketdata [32m200[0m 1203.245 ms - 643[0m
2023-08-21 20:23:50 info: [0mPOST /api/v1/alpaca/getalpacamarketdata [32m200[0m 1218.495 ms - 627[0m
2023-08-21 20:23:50 info: [0mPOST /api/v1/alpaca/getalpacamarketdata [32m200[0m 1429.037 ms - 649[0m
2023-08-21 20:23:50 info: [0mGET /api/v1/alpaca/getexchangeData [32m200[0m 1671.370 ms - -[0m
2023-08-21 20:23:50 info: [0mGET /api/v1/auth/getTrendingdata [32m201[0m 416.704 ms - 51[0m
2023-08-21 20:23:51 info: [0mPOST /api/v1/alpaca/getalpacamarketdata [32m200[0m 980.514 ms - 618[0m
2023-08-21 20:23:51 info: [0mPOST /api/v1/alpaca/getalpacamarketdata [32m200[0m 969.995 ms - 614[0m
2023-08-21 20:23:51 info: [0mGET /api/v1/alpaca/getNews [36m304[0m 2382.177 ms - -[0m
2023-08-21 20:23:51 info: [0mPOST /api/v1/alpaca/getalpacadata [32m200[0m 1021.001 ms - -[0m
2023-08-21 20:23:51 info: [0mPOST /api/v1/alpaca/getalpacadata [32m200[0m 991.578 ms - 498[0m
2023-08-21 20:23:52 info: [0mPOST /api/v1/alpaca/getalpacadata [32m200[0m 993.223 ms - 31[0m
2023-08-21 20:23:52 info: [0mPOST /api/v1/alpaca/getalpacadata [32m200[0m 987.923 ms - 237[0m
2023-08-21 20:23:52 info: [0mPOST /api/v1/alpaca/getalpacadata [32m200[0m 961.132 ms - 31[0m
2023-08-21 20:23:52 info: [0mPOST /api/v1/alpaca/getalpacamarketdata [32m200[0m 993.558 ms - 618[0m
2023-08-21 20:23:52 info: [0mPOST /api/v1/alpaca/getalpacamarketdata [32m200[0m 980.818 ms - 614[0m
2023-08-21 20:28:49 info: [0mPOST /api/v1/alpaca/getalpacamarketdata [32m200[0m 1014.518 ms - 648[0m
2023-08-21 20:28:50 info: [0mPOST /api/v1/alpaca/getalpacamarketdata [32m200[0m 1177.517 ms - 629[0m
2023-08-21 20:28:50 info: [0mPOST /api/v1/alpaca/getalpacamarketdata [32m200[0m 1210.596 ms - 623[0m
2023-08-21 20:28:50 info: [0mGET /api/v1/alpaca/getexchangeData [32m200[0m 1458.687 ms - -[0m
2023-08-21 20:28:52 info: [0mPOST /api/v1/alpaca/getalpacamarketdata [32m200[0m 992.448 ms - 619[0m
2023-08-21 20:28:52 info: [0mPOST /api/v1/alpaca/getalpacamarketdata [32m200[0m 1017.873 ms - 629[0m
2023-08-21 22:34:49 info: [0mPOST /api/v1/alpaca/getalpacamarketdata [32m200[0m 2025.949 ms - 650[0m
2023-08-21 22:34:49 info: [0mPOST /api/v1/alpaca/getalpacamarketdata [32m200[0m 2031.147 ms - 634[0m
2023-08-21 22:34:50 info: [0mPOST /api/v1/alpaca/getalpacamarketdata [32m200[0m 1006.427 ms - 620[0m
2023-08-21 22:34:50 info: [0mPOST /api/v1/alpaca/getalpacamarketdata [32m200[0m 1077.468 ms - 627[0m
2023-08-21 22:35:09 error: StatusCode : 401, Message : Wrong authentication token
2023-08-21 22:35:09 info: [0mGET /api/v1/alpaca/getexchangeData [33m401[0m 21719.295 ms - 40[0m
2023-08-21 22:35:09 error: StatusCode : 401, Message : Wrong authentication token
2023-08-21 22:35:09 info: [0mPOST /api/v1/alpaca/getalpacamarketdata [33m401[0m 21692.209 ms - 40[0m
2023-08-21 22:39:49 info: [0mPOST /api/v1/alpaca/getalpacamarketdata [32m200[0m 2182.143 ms - 632[0m
2023-08-21 22:39:49 info: [0mPOST /api/v1/alpaca/getalpacamarketdata [32m200[0m 2190.307 ms - 647[0m
2023-08-21 22:39:49 info: [0mPOST /api/v1/alpaca/getalpacamarketdata [32m200[0m 2250.140 ms - 632[0m
2023-08-21 22:39:50 info: [0mGET /api/v1/alpaca/getexchangeData [32m200[0m 3209.379 ms - -[0m
2023-08-21 22:39:51 info: [0mPOST /api/v1/alpaca/getalpacamarketdata [32m200[0m 1166.675 ms - 628[0m
2023-08-21 22:39:51 info: [0mPOST /api/v1/alpaca/getalpacamarketdata [32m200[0m 1164.992 ms - 619[0m
2023-08-21 22:50:33 info: [0mPOST /api/v1/auth/logIn [32m200[0m 760.197 ms - -[0m
2023-08-21 22:50:34 info: [0mGET /api/v1/auth/getKey [32m201[0m 295.498 ms - 436[0m
2023-08-21 22:50:35 info: [0mPOST /api/v1/alpaca/getalpacadata [32m200[0m 1437.972 ms - 436[0m
2023-08-21 22:50:39 info: [0mGET /api/v1/auth/getTrendingdata [32m201[0m 478.359 ms - 51[0m
2023-08-21 22:50:40 info: [0mGET /api/v1/alpaca/getexchangeData [32m200[0m 1706.677 ms - -[0m
2023-08-21 22:50:41 info: [0mGET /api/v1/alpaca/getNews [32m200[0m 2445.925 ms - -[0m
2023-08-21 22:50:41 info: [0mPOST /api/v1/alpaca/getalpacadata [32m200[0m 1074.086 ms - 31[0m
2023-08-21 22:50:41 info: [0mPOST /api/v1/alpaca/getalpacadata [32m200[0m 1094.182 ms - 498[0m
2023-08-21 22:50:41 info: [0mPOST /api/v1/alpaca/getalpacadata [32m200[0m 1146.724 ms - -[0m
2023-08-21 22:50:42 info: [0mPOST /api/v1/alpaca/getalpacadata [32m200[0m 1017.970 ms - 237[0m
2023-08-21 22:50:42 info: [0mPOST /api/v1/alpaca/getalpacadata [32m200[0m 1164.403 ms - 31[0m
2023-08-21 22:50:44 info: [0mPOST /api/v1/alpaca/getalpacadata [32m200[0m 1170.299 ms - -[0m
2023-08-21 22:50:44 info: [0mPOST /api/v1/alpaca/getalpacadata [32m200[0m 1170.035 ms - -[0m
2023-08-21 22:50:46 info: [0mPUT /api/v1/auth/updatealpaca [32m200[0m 814.070 ms - 373[0m
2023-08-21 22:50:59 info: [0mPOST /api/v1/alpaca/getalpacadata [32m200[0m 14520.720 ms - -[0m
2023-08-21 22:51:23 info: [0mPOST /api/v1/alpaca/getalpacadata [32m200[0m 1059.692 ms - 176[0m
2023-08-21 22:51:23 info: [0mPOST /api/v1/alpaca/getalpacamarketdata [32m200[0m 1055.921 ms - 649[0m
2023-08-21 22:51:25 info: [0mPOST /api/v1/alpaca/getalpacadata [32m200[0m 1143.608 ms - 176[0m
2023-08-21 22:51:25 info: [0mPOST /api/v1/alpaca/getalpacamarketdata [32m200[0m 1035.234 ms - 649[0m
2023-08-21 22:52:47 info: [0mPOST /api/v1/auth/logIn [32m200[0m 581.172 ms - -[0m
2023-08-21 22:52:47 info: [0mGET /api/v1/auth/getKey [32m201[0m 226.305 ms - 436[0m
2023-08-21 22:52:49 info: [0mPOST /api/v1/alpaca/getalpacadata [32m200[0m 1252.581 ms - 436[0m
2023-08-21 22:52:51 info: [0mGET /api/v1/auth/getTrendingdata [32m201[0m 465.281 ms - 51[0m
2023-08-21 22:52:52 info: [0mPOST /api/v1/alpaca/getalpacadata [32m200[0m 1044.859 ms - 498[0m
2023-08-21 22:52:52 info: [0mPOST /api/v1/alpaca/getalpacadata [32m200[0m 1006.535 ms - -[0m
2023-08-21 22:52:53 info: [0mPOST /api/v1/alpaca/getalpacadata [32m200[0m 1278.105 ms - 31[0m
2023-08-21 22:52:53 info: [0mGET /api/v1/alpaca/getexchangeData [32m200[0m 1868.012 ms - -[0m
2023-08-21 22:52:53 info: [0mGET /api/v1/alpaca/getNews [32m200[0m 2241.676 ms - -[0m
2023-08-21 22:52:53 info: [0mPOST /api/v1/alpaca/getalpacadata [32m200[0m 1059.134 ms - 31[0m
2023-08-21 22:52:53 info: [0mPOST /api/v1/alpaca/getalpacadata [32m200[0m 1065.124 ms - 237[0m
2023-08-21 22:52:54 info: [0mPOST /api/v1/alpaca/getalpacadata [32m200[0m 1057.445 ms - -[0m
2023-08-21 22:52:54 info: [0mPUT /api/v1/auth/updatealpaca [32m200[0m 709.784 ms - 373[0m
2023-08-21 22:52:55 info: [0mPOST /api/v1/alpaca/getalpacadata [32m200[0m 1063.225 ms - -[0m
2023-08-21 22:52:56 info: [0mPOST /api/v1/alpaca/getalpacamarketdata [32m200[0m 1223.216 ms - 634[0m
2023-08-21 22:52:56 info: [0mPOST /api/v1/alpaca/getalpacamarketdata [32m200[0m 1222.855 ms - 628[0m
2023-08-21 22:52:56 info: [0mPOST /api/v1/alpaca/getalpacamarketdata [32m200[0m 1225.295 ms - 649[0m
2023-08-21 22:52:57 info: [0mPOST /api/v1/alpaca/getalpacamarketdata [32m200[0m 1516.345 ms - 629[0m
2023-08-21 22:52:57 info: [0mPOST /api/v1/alpaca/getalpacamarketdata [32m200[0m 1516.725 ms - 617[0m
2023-08-21 22:53:15 info: [0mPOST /api/v1/alpaca/getalpacadata [32m200[0m 15985.068 ms - -[0m
2023-08-21 22:53:23 info: [0mPOST /api/v1/alpaca/getalpacamarketdata [32m200[0m 1024.072 ms - 654[0m
2023-08-21 22:53:23 info: [0mPOST /api/v1/alpaca/getalpacadata [32m200[0m 1089.413 ms - 174[0m
2023-08-21 22:53:25 info: [0mPOST /api/v1/alpaca/getalpacadata [32m200[0m 1170.789 ms - 176[0m
2023-08-21 22:53:25 info: [0mPOST /api/v1/alpaca/getalpacamarketdata [32m200[0m 1082.322 ms - 654[0m
2023-08-21 22:58:07 info: [0mPOST /api/v1/auth/logIn [32m200[0m 677.576 ms - -[0m
2023-08-21 22:58:08 info: [0mGET /api/v1/auth/getKey [32m201[0m 220.719 ms - 436[0m
2023-08-21 22:58:09 info: [0mPOST /api/v1/alpaca/getalpacadata [32m200[0m 1243.694 ms - 436[0m
2023-08-21 22:58:12 info: [0mGET /api/v1/auth/getTrendingdata [32m201[0m 788.055 ms - 51[0m
2023-08-21 22:58:12 info: [0mPOST /api/v1/alpaca/getalpacadata [32m200[0m 1007.995 ms - -[0m
2023-08-21 22:58:12 info: [0mPOST /api/v1/alpaca/getalpacadata [32m200[0m 1033.585 ms - 498[0m
2023-08-21 22:58:13 info: [0mGET /api/v1/alpaca/getexchangeData [32m200[0m 2056.221 ms - -[0m
2023-08-21 22:58:13 info: [0mPOST /api/v1/alpaca/getalpacadata [32m200[0m 1291.505 ms - 31[0m
2023-08-21 22:58:13 info: [0mGET /api/v1/alpaca/getNews [32m200[0m 2263.902 ms - -[0m
2023-08-21 22:58:13 info: [0mPOST /api/v1/alpaca/getalpacadata [32m200[0m 1007.523 ms - 237[0m
2023-08-21 22:58:14 info: [0mPOST /api/v1/alpaca/getalpacadata [32m200[0m 970.115 ms - 31[0m
2023-08-21 22:58:14 info: [0mPOST /api/v1/alpaca/getalpacadata [32m200[0m 995.122 ms - -[0m
2023-08-21 22:58:15 info: [0mPUT /api/v1/auth/updatealpaca [32m200[0m 786.864 ms - 373[0m
2023-08-21 22:58:15 info: [0mPOST /api/v1/alpaca/getalpacadata [32m200[0m 1071.737 ms - -[0m
2023-08-21 22:58:17 info: [0mPOST /api/v1/alpaca/getalpacamarketdata [32m200[0m 1050.208 ms - 634[0m
2023-08-21 22:58:17 info: [0mPOST /api/v1/alpaca/getalpacamarketdata [32m200[0m 1051.210 ms - 627[0m
2023-08-21 22:58:17 info: [0mPOST /api/v1/alpaca/getalpacamarketdata [32m200[0m 1015.934 ms - 648[0m
2023-08-21 22:58:17 info: [0mPOST /api/v1/alpaca/getalpacamarketdata [32m200[0m 1208.227 ms - 614[0m
2023-08-21 22:58:17 info: [0mPOST /api/v1/alpaca/getalpacamarketdata [32m200[0m 1202.205 ms - 616[0m
2023-08-21 22:58:52 info: [0mPOST /api/v1/alpaca/getalpacadata [32m200[0m 14975.915 ms - -[0m
2023-08-21 22:59:11 info: [0mPOST /api/v1/alpaca/getalpacadata [32m200[0m 1061.444 ms - 176[0m
2023-08-21 22:59:12 info: [0mPOST /api/v1/alpaca/getalpacamarketdata [32m200[0m 1532.156 ms - 650[0m
2023-08-21 22:59:13 info: [0mPOST /api/v1/alpaca/getalpacadata [32m200[0m 1072.811 ms - 176[0m
2023-08-21 22:59:14 info: [0mPOST /api/v1/alpaca/getalpacamarketdata [32m200[0m 1554.826 ms - 650[0m
2023-08-21 23:00:47 info: [0mPOST /api/v1/auth/logIn [32m200[0m 661.768 ms - -[0m
2023-08-21 23:00:47 info: [0mGET /api/v1/auth/getKey [32m201[0m 266.465 ms - 436[0m
2023-08-21 23:00:49 info: [0mPOST /api/v1/alpaca/getalpacadata [32m200[0m 1159.006 ms - 436[0m
2023-08-21 23:00:51 info: [0mGET /api/v1/auth/getTrendingdata [32m201[0m 639.123 ms - 51[0m
2023-08-21 23:00:51 info: [0mPOST /api/v1/alpaca/getalpacadata [32m200[0m 1133.075 ms - -[0m
2023-08-21 23:00:52 info: [0mPOST /api/v1/alpaca/getalpacadata [32m200[0m 1505.422 ms - 498[0m
2023-08-21 23:00:52 info: [0mGET /api/v1/alpaca/getexchangeData [32m200[0m 1812.123 ms - -[0m
2023-08-21 23:00:52 info: [0mPOST /api/v1/alpaca/getalpacadata [32m200[0m 1099.702 ms - 31[0m
2023-08-21 23:00:53 info: [0mPOST /api/v1/alpaca/getalpacadata [32m200[0m 1066.721 ms - 237[0m
2023-08-21 23:00:53 info: [0mGET /api/v1/alpaca/getNews [36m304[0m 2632.293 ms - -[0m
2023-08-21 23:00:53 info: [0mPOST /api/v1/alpaca/getalpacadata [32m200[0m 986.738 ms - 31[0m
2023-08-21 23:00:53 info: [0mPOST /api/v1/alpaca/getalpacadata [32m200[0m 1003.122 ms - -[0m
2023-08-21 23:00:54 info: [0mPUT /api/v1/auth/updatealpaca [32m200[0m 650.480 ms - 373[0m
2023-08-21 23:00:55 info: [0mPOST /api/v1/alpaca/getalpacadata [32m200[0m 1065.624 ms - -[0m
2023-08-21 23:00:56 info: [0mPOST /api/v1/alpaca/getalpacamarketdata [32m200[0m 1133.911 ms - 616[0m
2023-08-21 23:00:56 info: [0mPOST /api/v1/alpaca/getalpacamarketdata [32m200[0m 1166.063 ms - 633[0m
2023-08-21 23:00:56 info: [0mPOST /api/v1/alpaca/getalpacamarketdata [32m200[0m 1149.921 ms - 646[0m
2023-08-21 23:00:56 info: [0mPOST /api/v1/alpaca/getalpacamarketdata [32m200[0m 1140.492 ms - 614[0m
2023-08-21 23:00:56 info: [0mPOST /api/v1/alpaca/getalpacamarketdata [32m200[0m 1181.227 ms - 635[0m
2023-08-21 23:01:13 info: [0mPOST /api/v1/alpaca/getalpacadata [32m200[0m 15505.545 ms - -[0m
2023-08-21 23:01:58 info: [0mPOST /api/v1/alpaca/getalpacadata [32m200[0m 1023.457 ms - 176[0m
2023-08-21 23:01:58 info: [0mPOST /api/v1/alpaca/getalpacamarketdata [32m200[0m 999.021 ms - 650[0m
2023-08-21 23:02:00 info: [0mPOST /api/v1/alpaca/getalpacadata [32m200[0m 1224.819 ms - 176[0m
2023-08-21 23:02:00 info: [0mPOST /api/v1/alpaca/getalpacamarketdata [32m200[0m 1172.393 ms - 650[0m
2023-08-21 23:03:57 info: [0mPOST /api/v1/alpaca/getalpacadata [32m200[0m 1169.237 ms - 176[0m
2023-08-21 23:03:57 info: [0mPOST /api/v1/alpaca/getalpacamarketdata [32m200[0m 1130.963 ms - 649[0m
2023-08-21 23:04:00 info: [0mPOST /api/v1/alpaca/getalpacamarketdata [32m200[0m 1157.170 ms - 650[0m
2023-08-21 23:04:00 info: [0mPOST /api/v1/alpaca/getalpacadata [32m200[0m 1226.056 ms - 176[0m
2023-08-21 23:04:23 info: [0mPOST /api/v1/alpaca/getalpacadata [32m200[0m 1008.962 ms - 176[0m
2023-08-21 23:04:23 info: [0mPOST /api/v1/alpaca/getalpacamarketdata [32m200[0m 991.905 ms - 650[0m
2023-08-21 23:05:08 info: [0mPOST /api/v1/alpaca/getalpacamarketdata [32m200[0m 1086.674 ms - 649[0m
2023-08-21 23:05:08 info: [0mPOST /api/v1/alpaca/getalpacadata [32m200[0m 1146.479 ms - 175[0m
2023-08-21 23:05:17 info: [0mPOST /api/v1/alpaca/getalpacadata [32m200[0m 987.057 ms - 176[0m
2023-08-21 23:05:17 info: [0mPOST /api/v1/alpaca/getalpacamarketdata [32m200[0m 1052.793 ms - 647[0m
2023-08-21 23:23:37 info: [0mPOST /api/v1/auth/logIn [32m200[0m 670.804 ms - -[0m
2023-08-21 23:23:37 info: [0mGET /api/v1/auth/getKey [32m201[0m 259.834 ms - 436[0m
2023-08-21 23:23:39 info: [0mPOST /api/v1/alpaca/getalpacadata [32m200[0m 1544.591 ms - 436[0m
2023-08-21 23:23:41 info: [0mGET /api/v1/auth/getTrendingdata [32m201[0m 460.814 ms - 51[0m
2023-08-21 23:23:42 info: [0mPOST /api/v1/alpaca/getalpacadata [32m200[0m 1144.081 ms - -[0m
2023-08-21 23:23:42 info: [0mPOST /api/v1/alpaca/getalpacadata [32m200[0m 1163.138 ms - 498[0m
2023-08-21 23:23:43 info: [0mPOST /api/v1/alpaca/getalpacadata [32m200[0m 1252.783 ms - 31[0m
2023-08-21 23:23:43 info: [0mGET /api/v1/alpaca/getexchangeData [32m200[0m 2049.384 ms - -[0m
2023-08-21 23:23:43 info: [0mGET /api/v1/alpaca/getNews [32m200[0m 2273.897 ms - -[0m
2023-08-21 23:23:43 info: [0mPOST /api/v1/alpaca/getalpacadata [32m200[0m 975.857 ms - 237[0m
2023-08-21 23:23:43 info: [0mPOST /api/v1/alpaca/getalpacadata [32m200[0m 979.440 ms - 31[0m
2023-08-21 23:23:44 info: [0mPOST /api/v1/alpaca/getalpacadata [32m200[0m 1057.572 ms - -[0m
2023-08-21 23:23:45 info: [0mPUT /api/v1/auth/updatealpaca [32m200[0m 829.618 ms - 373[0m
2023-08-21 23:23:46 info: [0mPOST /api/v1/alpaca/getalpacadata [32m200[0m 1175.341 ms - -[0m
2023-08-21 23:24:00 info: [0mPOST /api/v1/alpaca/getalpacadata [32m200[0m 14830.566 ms - -[0m
2023-08-21 23:24:51 info: [0mPOST /api/v1/auth/logIn [32m200[0m 725.773 ms - -[0m
2023-08-21 23:24:51 info: [0mGET /api/v1/auth/getKey [32m201[0m 262.610 ms - 436[0m
2023-08-21 23:24:52 info: [0mPOST /api/v1/auth/logIn [32m200[0m 707.639 ms - -[0m
2023-08-21 23:24:53 info: [0mGET /api/v1/auth/getKey [32m201[0m 273.713 ms - 436[0m
2023-08-21 23:24:53 info: [0mPOST /api/v1/alpaca/getalpacadata [32m200[0m 1019.006 ms - 436[0m
2023-08-21 23:24:54 info: [0mGET /api/v1/auth/getTrendingdata [32m201[0m 549.615 ms - 51[0m
2023-08-21 23:24:54 info: [0mPOST /api/v1/alpaca/getalpacadata [32m200[0m 979.553 ms - 436[0m
2023-08-21 23:24:55 info: [0mPOST /api/v1/alpaca/getalpacadata [32m200[0m 1082.972 ms - -[0m
2023-08-21 23:24:55 info: [0mGET /api/v1/alpaca/getexchangeData [32m200[0m 1369.491 ms - -[0m
2023-08-21 23:24:55 info: [0mPOST /api/v1/alpaca/getalpacadata [32m200[0m 1005.942 ms - 498[0m
2023-08-21 23:24:55 info: [0mPOST /api/v1/alpaca/getalpacadata [32m200[0m 995.951 ms - 31[0m
2023-08-21 23:24:56 info: [0mGET /api/v1/alpaca/getNews [32m200[0m 2212.671 ms - -[0m
2023-08-21 23:24:56 info: [0mPOST /api/v1/alpaca/getalpacadata [32m200[0m 1106.879 ms - 237[0m
2023-08-21 23:24:56 info: [0mPOST /api/v1/alpaca/getalpacadata [32m200[0m 1073.914 ms - 31[0m
2023-08-21 23:24:56 info: [0mPOST /api/v1/alpaca/getalpacadata [32m200[0m 1027.095 ms - -[0m
2023-08-21 23:24:57 info: [0mPUT /api/v1/auth/updatealpaca [32m200[0m 813.460 ms - 373[0m
2023-08-21 23:24:57 info: [0mPOST /api/v1/alpaca/getalpacadata [32m200[0m 1048.621 ms - -[0m
2023-08-21 23:24:59 info: [0mPOST /api/v1/alpaca/getalpacamarketdata [32m200[0m 1002.034 ms - 626[0m
2023-08-21 23:24:59 info: [0mPOST /api/v1/alpaca/getalpacamarketdata [32m200[0m 1032.352 ms - 630[0m
2023-08-21 23:24:59 info: [0mPOST /api/v1/alpaca/getalpacamarketdata [32m200[0m 1030.559 ms - 643[0m
2023-08-21 23:24:59 info: [0mPOST /api/v1/alpaca/getalpacamarketdata [32m200[0m 1036.836 ms - 642[0m
2023-08-21 23:24:59 info: [0mPOST /api/v1/alpaca/getalpacamarketdata [32m200[0m 1305.744 ms - 609[0m
2023-08-21 23:25:13 info: [0mPOST /api/v1/alpaca/getalpacadata [32m200[0m 14269.340 ms - -[0m
2023-08-21 23:25:22 info: [0mPOST /api/v1/alpaca/getalpacamarketdata [32m200[0m 1151.280 ms - 645[0m
2023-08-21 23:25:22 info: [0mPOST /api/v1/alpaca/getalpacadata [32m200[0m 1185.776 ms - 176[0m
2023-08-21 23:25:24 info: [0mPOST /api/v1/alpaca/getalpacadata [32m200[0m 1042.965 ms - 176[0m
2023-08-21 23:25:24 info: [0mPOST /api/v1/alpaca/getalpacamarketdata [32m200[0m 1214.149 ms - 645[0m
